<?xml version="1.0" encoding="UTF-8"?>
<coverage generated="1543721853105" clover="3.2.0">
  <project timestamp="1543721853105" name="All files">
    <metrics statements="10388" coveredstatements="0" conditionals="15515" coveredconditionals="0" methods="4429" coveredmethods="0" elements="30332" coveredelements="0" complexity="0" loc="10388" ncloc="10388" packages="7" files="14" classes="14">
      <package name="QuickCal">
        <metrics statements="93" coveredstatements="0" conditionals="42" coveredconditionals="0" methods="18" coveredmethods="0"/>
        <file name="server.js" path="E:\Code\vue\QuickCal\server.js">
          <metrics statements="60" coveredstatements="0" conditionals="18" coveredconditionals="0" methods="12" coveredmethods="0"/>
          <line num="1" count="0" type="stmt"/>
          <line num="3" count="0" type="stmt"/>
          <line num="4" count="0" type="stmt"/>
          <line num="5" count="0" type="stmt"/>
          <line num="6" count="0" type="stmt"/>
          <line num="7" count="0" type="stmt"/>
          <line num="8" count="0" type="stmt"/>
          <line num="9" count="0" type="stmt"/>
          <line num="10" count="0" type="stmt"/>
          <line num="11" count="0" type="stmt"/>
          <line num="12" count="0" type="stmt"/>
          <line num="14" count="0" type="stmt"/>
          <line num="16" count="0" type="stmt"/>
          <line num="18" count="0" type="cond" truecount="0" falsecount="2"/>
          <line num="19" count="0" type="stmt"/>
          <line num="20" count="0" type="stmt"/>
          <line num="21" count="0" type="stmt"/>
          <line num="26" count="0" type="stmt"/>
          <line num="29" count="0" type="stmt"/>
          <line num="30" count="0" type="stmt"/>
          <line num="32" count="0" type="stmt"/>
          <line num="33" count="0" type="stmt"/>
          <line num="34" count="0" type="stmt"/>
          <line num="36" count="0" type="stmt"/>
          <line num="37" count="0" type="stmt"/>
          <line num="42" count="0" type="stmt"/>
          <line num="43" count="0" type="cond" truecount="0" falsecount="2"/>
          <line num="44" count="0" type="stmt"/>
          <line num="48" count="0" type="cond" truecount="0" falsecount="2"/>
          <line num="49" count="0" type="stmt"/>
          <line num="50" count="0" type="cond" truecount="0" falsecount="2"/>
          <line num="51" count="0" type="stmt"/>
          <line num="53" count="0" type="stmt"/>
          <line num="57" count="0" type="stmt"/>
          <line num="60" count="0" type="stmt"/>
          <line num="65" count="0" type="stmt"/>
          <line num="66" count="0" type="stmt"/>
          <line num="67" count="0" type="stmt"/>
          <line num="72" count="0" type="stmt"/>
          <line num="73" count="0" type="stmt"/>
          <line num="76" count="0" type="stmt"/>
          <line num="77" count="0" type="stmt"/>
          <line num="78" count="0" type="stmt"/>
          <line num="82" count="0" type="cond" truecount="0" falsecount="2"/>
          <line num="83" count="0" type="stmt"/>
          <line num="97" count="0" type="stmt"/>
          <line num="99" count="0" type="cond" truecount="0" falsecount="2"/>
          <line num="100" count="0" type="stmt"/>
          <line num="101" count="0" type="stmt"/>
          <line num="102" count="0" type="stmt"/>
          <line num="103" count="0" type="stmt"/>
          <line num="104" count="0" type="stmt"/>
          <line num="105" count="0" type="stmt"/>
          <line num="106" count="0" type="cond" truecount="0" falsecount="2"/>
          <line num="107" count="0" type="stmt"/>
          <line num="115" count="0" type="stmt"/>
          <line num="119" count="0" type="stmt"/>
          <line num="120" count="0" type="stmt"/>
          <line num="121" count="0" type="cond" truecount="0" falsecount="2"/>
          <line num="122" count="0" type="stmt"/>
        </file>
        <file name="webpack-dev-middleware.js" path="E:\Code\vue\QuickCal\webpack-dev-middleware.js">
          <metrics statements="7" coveredstatements="0" conditionals="0" coveredconditionals="0" methods="2" coveredmethods="0"/>
          <line num="1" count="0" type="stmt"/>
          <line num="2" count="0" type="stmt"/>
          <line num="3" count="0" type="stmt"/>
          <line num="4" count="0" type="stmt"/>
          <line num="6" count="0" type="stmt"/>
          <line num="8" count="0" type="stmt"/>
          <line num="18" count="0" type="stmt"/>
        </file>
        <file name="webpack-server-compiler.js" path="E:\Code\vue\QuickCal\webpack-server-compiler.js">
          <metrics statements="14" coveredstatements="0" conditionals="2" coveredconditionals="0" methods="3" coveredmethods="0"/>
          <line num="1" count="0" type="stmt"/>
          <line num="2" count="0" type="stmt"/>
          <line num="3" count="0" type="stmt"/>
          <line num="4" count="0" type="stmt"/>
          <line num="6" count="0" type="stmt"/>
          <line num="8" count="0" type="stmt"/>
          <line num="9" count="0" type="stmt"/>
          <line num="10" count="0" type="stmt"/>
          <line num="11" count="0" type="stmt"/>
          <line num="12" count="0" type="stmt"/>
          <line num="13" count="0" type="cond" truecount="0" falsecount="2"/>
          <line num="14" count="0" type="stmt"/>
          <line num="16" count="0" type="stmt"/>
          <line num="17" count="0" type="stmt"/>
        </file>
        <file name="webpack.config.js" path="E:\Code\vue\QuickCal\webpack.config.js">
          <metrics statements="12" coveredstatements="0" conditionals="22" coveredconditionals="0" methods="1" coveredmethods="0"/>
          <line num="1" count="0" type="stmt"/>
          <line num="3" count="0" type="stmt"/>
          <line num="4" count="0" type="stmt"/>
          <line num="5" count="0" type="stmt"/>
          <line num="6" count="0" type="stmt"/>
          <line num="8" count="0" type="stmt"/>
          <line num="64" count="0" type="stmt"/>
          <line num="65" count="0" type="stmt"/>
          <line num="104" count="0" type="cond" truecount="0" falsecount="4"/>
          <line num="105" count="0" type="stmt"/>
          <line num="107" count="0" type="stmt"/>
          <line num="110" count="0" type="stmt"/>
        </file>
      </package>
      <package name="QuickCal.coverage.lcov-report">
        <metrics statements="78" coveredstatements="0" conditionals="306" coveredconditionals="0" methods="46" coveredmethods="0"/>
        <file name="prettify.js" path="E:\Code\vue\QuickCal\coverage\lcov-report\prettify.js">
          <metrics statements="1" coveredstatements="0" conditionals="284" coveredconditionals="0" methods="29" coveredmethods="0"/>
          <line num="1" count="0" type="cond" truecount="0" falsecount="284"/>
        </file>
        <file name="sorter.js" path="E:\Code\vue\QuickCal\coverage\lcov-report\sorter.js">
          <metrics statements="77" coveredstatements="0" conditionals="22" coveredconditionals="0" methods="17" coveredmethods="0"/>
          <line num="1" count="0" type="stmt"/>
          <line num="4" count="0" type="stmt"/>
          <line num="10" count="0" type="stmt"/>
          <line num="12" count="0" type="stmt"/>
          <line num="14" count="0" type="stmt"/>
          <line num="16" count="0" type="stmt"/>
          <line num="20" count="0" type="stmt"/>
          <line num="22" count="0" type="stmt"/>
          <line num="26" count="0" type="stmt"/>
          <line num="27" count="0" type="stmt"/>
          <line num="28" count="0" type="stmt"/>
          <line num="33" count="0" type="stmt"/>
          <line num="34" count="0" type="cond" truecount="0" falsecount="2"/>
          <line num="35" count="0" type="stmt"/>
          <line num="36" count="0" type="stmt"/>
          <line num="39" count="0" type="stmt"/>
          <line num="44" count="0" type="stmt"/>
          <line num="47" count="0" type="stmt"/>
          <line num="50" count="0" type="stmt"/>
          <line num="51" count="0" type="stmt"/>
          <line num="52" count="0" type="stmt"/>
          <line num="53" count="0" type="stmt"/>
          <line num="54" count="0" type="cond" truecount="0" falsecount="2"/>
          <line num="55" count="0" type="stmt"/>
          <line num="57" count="0" type="stmt"/>
          <line num="59" count="0" type="stmt"/>
          <line num="63" count="0" type="stmt"/>
          <line num="66" count="0" type="stmt"/>
          <line num="67" count="0" type="stmt"/>
          <line num="72" count="0" type="stmt"/>
          <line num="73" count="0" type="stmt"/>
          <line num="74" count="0" type="stmt"/>
          <line num="75" count="0" type="stmt"/>
          <line num="76" count="0" type="cond" truecount="0" falsecount="4"/>
          <line num="78" count="0" type="stmt"/>
          <line num="79" count="0" type="stmt"/>
          <line num="80" count="0" type="stmt"/>
          <line num="81" count="0" type="stmt"/>
          <line num="84" count="0" type="cond" truecount="0" falsecount="2"/>
          <line num="85" count="0" type="stmt"/>
          <line num="86" count="0" type="stmt"/>
          <line num="90" count="0" type="stmt"/>
          <line num="91" count="0" type="stmt"/>
          <line num="92" count="0" type="stmt"/>
          <line num="95" count="0" type="stmt"/>
          <line num="97" count="0" type="stmt"/>
          <line num="98" count="0" type="stmt"/>
          <line num="103" count="0" type="stmt"/>
          <line num="104" count="0" type="stmt"/>
          <line num="106" count="0" type="stmt"/>
          <line num="107" count="0" type="stmt"/>
          <line num="111" count="0" type="cond" truecount="0" falsecount="2"/>
          <line num="117" count="0" type="stmt"/>
          <line num="118" count="0" type="stmt"/>
          <line num="120" count="0" type="stmt"/>
          <line num="121" count="0" type="stmt"/>
          <line num="123" count="0" type="cond" truecount="0" falsecount="2"/>
          <line num="124" count="0" type="stmt"/>
          <line num="126" count="0" type="stmt"/>
          <line num="127" count="0" type="stmt"/>
          <line num="128" count="0" type="stmt"/>
          <line num="129" count="0" type="stmt"/>
          <line num="130" count="0" type="stmt"/>
          <line num="133" count="0" type="stmt"/>
          <line num="134" count="0" type="cond" truecount="0" falsecount="2"/>
          <line num="137" count="0" type="stmt"/>
          <line num="138" count="0" type="cond" truecount="0" falsecount="2"/>
          <line num="139" count="0" type="stmt"/>
          <line num="141" count="0" type="stmt"/>
          <line num="147" count="0" type="stmt"/>
          <line num="148" count="0" type="cond" truecount="0" falsecount="2"/>
          <line num="149" count="0" type="stmt"/>
          <line num="151" count="0" type="stmt"/>
          <line num="152" count="0" type="stmt"/>
          <line num="153" count="0" type="stmt"/>
          <line num="154" count="0" type="stmt"/>
          <line num="158" count="0" type="stmt"/>
        </file>
      </package>
      <package name="QuickCal.dist">
        <metrics statements="10150" coveredstatements="0" conditionals="15153" coveredconditionals="0" methods="4347" coveredmethods="0"/>
        <file name="node.bundle.js" path="E:\Code\vue\QuickCal\dist\node.bundle.js">
          <metrics statements="10145" coveredstatements="0" conditionals="8293" coveredconditionals="0" methods="2203" coveredmethods="0"/>
          <line num="1" count="0" type="stmt"/>
          <line num="4" count="0" type="stmt"/>
          <line num="10" count="0" type="cond" truecount="0" falsecount="2"/>
          <line num="11" count="0" type="stmt"/>
          <line num="14" count="0" type="stmt"/>
          <line num="21" count="0" type="stmt"/>
          <line num="24" count="0" type="stmt"/>
          <line num="27" count="0" type="stmt"/>
          <line num="32" count="0" type="stmt"/>
          <line num="35" count="0" type="stmt"/>
          <line num="38" count="0" type="stmt"/>
          <line num="41" count="0" type="stmt"/>
          <line num="42" count="0" type="cond" truecount="0" falsecount="2"/>
          <line num="43" count="0" type="stmt"/>
          <line num="52" count="0" type="stmt"/>
          <line num="53" count="0" type="cond" truecount="0" falsecount="2"/>
          <line num="54" count="0" type="cond" truecount="0" falsecount="2"/>
          <line num="55" count="0" type="stmt"/>
          <line num="56" count="0" type="stmt"/>
          <line num="57" count="0" type="stmt"/>
          <line num="61" count="0" type="stmt"/>
          <line num="64" count="0" type="stmt"/>
          <line num="67" count="0" type="stmt"/>
          <line num="74" count="0" type="stmt"/>
          <line num="80" count="0" type="stmt"/>
          <line num="81" count="0" type="cond" truecount="0" falsecount="2"/>
          <line num="89" count="0" type="stmt"/>
          <line num="95" count="0" type="stmt"/>
          <line num="99" count="0" type="cond" truecount="0" falsecount="2"/>
          <line num="105" count="0" type="cond" truecount="0" falsecount="2"/>
          <line num="110" count="0" type="stmt"/>
          <line num="112" count="0" type="stmt"/>
          <line num="114" count="0" type="stmt"/>
          <line num="118" count="0" type="cond" truecount="0" falsecount="2"/>
          <line num="122" count="0" type="cond" truecount="0" falsecount="2"/>
          <line num="126" count="0" type="stmt"/>
          <line num="127" count="0" type="stmt"/>
          <line num="128" count="0" type="stmt"/>
          <line num="130" count="0" type="stmt"/>
          <line num="134" count="0" type="stmt"/>
          <line num="138" count="0" type="stmt"/>
          <line num="139" count="0" type="cond" truecount="0" falsecount="2"/>
          <line num="140" count="0" type="stmt"/>
          <line num="144" count="0" type="cond" truecount="0" falsecount="2"/>
          <line num="145" count="0" type="stmt"/>
          <line num="148" count="0" type="cond" truecount="0" falsecount="2"/>
          <line num="149" count="0" type="stmt"/>
          <line num="152" count="0" type="stmt"/>
          <line num="156" count="0" type="stmt"/>
          <line num="161" count="0" type="stmt"/>
          <line num="178" count="0" type="cond" truecount="0" falsecount="2"/>
          <line num="179" count="0" type="stmt"/>
          <line num="181" count="0" type="stmt"/>
          <line num="185" count="0" type="cond" truecount="0" falsecount="2"/>
          <line num="186" count="0" type="stmt"/>
          <line num="188" count="0" type="stmt"/>
          <line num="189" count="0" type="stmt"/>
          <line num="190" count="0" type="stmt"/>
          <line num="192" count="0" type="stmt"/>
          <line num="193" count="0" type="cond" truecount="0" falsecount="4"/>
          <line num="194" count="0" type="stmt"/>
          <line num="198" count="0" type="stmt"/>
          <line num="202" count="0" type="stmt"/>
          <line num="205" count="0" type="cond" truecount="0" falsecount="2"/>
          <line num="206" count="0" type="stmt"/>
          <line num="207" count="0" type="stmt"/>
          <line num="208" count="0" type="stmt"/>
          <line num="210" count="0" type="cond" truecount="0" falsecount="11"/>
          <line num="220" count="0" type="cond" truecount="0" falsecount="2"/>
          <line num="221" count="0" type="cond" truecount="0" falsecount="4"/>
          <line num="227" count="0" type="cond" truecount="0" falsecount="4"/>
          <line num="228" count="0" type="stmt"/>
          <line num="231" count="0" type="stmt"/>
          <line num="234" count="0" type="stmt"/>
          <line num="238" count="0" type="stmt"/>
          <line num="239" count="0" type="cond" truecount="0" falsecount="2"/>
          <line num="240" count="0" type="stmt"/>
          <line num="243" count="0" type="stmt"/>
          <line num="246" count="0" type="stmt"/>
          <line num="250" count="0" type="stmt"/>
          <line num="255" count="0" type="stmt"/>
          <line num="260" count="0" type="cond" truecount="0" falsecount="2"/>
          <line num="261" count="0" type="stmt"/>
          <line num="263" count="0" type="cond" truecount="0" falsecount="2"/>
          <line num="264" count="0" type="stmt"/>
          <line num="266" count="0" type="cond" truecount="0" falsecount="2"/>
          <line num="267" count="0" type="stmt"/>
          <line num="269" count="0" type="cond" truecount="0" falsecount="2"/>
          <line num="270" count="0" type="stmt"/>
          <line num="272" count="0" type="cond" truecount="0" falsecount="2"/>
          <line num="273" count="0" type="stmt"/>
          <line num="275" count="0" type="cond" truecount="0" falsecount="2"/>
          <line num="276" count="0" type="stmt"/>
          <line num="278" count="0" type="cond" truecount="0" falsecount="2"/>
          <line num="279" count="0" type="stmt"/>
          <line num="281" count="0" type="cond" truecount="0" falsecount="2"/>
          <line num="282" count="0" type="stmt"/>
          <line num="284" count="0" type="cond" truecount="0" falsecount="2"/>
          <line num="285" count="0" type="stmt"/>
          <line num="287" count="0" type="cond" truecount="0" falsecount="2"/>
          <line num="288" count="0" type="stmt"/>
          <line num="291" count="0" type="cond" truecount="0" falsecount="2"/>
          <line num="292" count="0" type="stmt"/>
          <line num="293" count="0" type="stmt"/>
          <line num="294" count="0" type="stmt"/>
          <line num="295" count="0" type="cond" truecount="0" falsecount="2"/>
          <line num="296" count="0" type="stmt"/>
          <line num="301" count="0" type="stmt"/>
          <line num="304" count="0" type="stmt"/>
          <line num="308" count="0" type="stmt"/>
          <line num="309" count="0" type="cond" truecount="0" falsecount="2"/>
          <line num="310" count="0" type="cond" truecount="0" falsecount="2"/>
          <line num="311" count="0" type="stmt"/>
          <line num="315" count="0" type="cond" truecount="0" falsecount="2"/>
          <line num="316" count="0" type="stmt"/>
          <line num="317" count="0" type="stmt"/>
          <line num="318" count="0" type="stmt"/>
          <line num="323" count="0" type="cond" truecount="0" falsecount="3"/>
          <line num="327" count="0" type="cond" truecount="0" falsecount="2"/>
          <line num="329" count="0" type="cond" truecount="0" falsecount="2"/>
          <line num="331" count="0" type="stmt"/>
          <line num="336" count="0" type="stmt"/>
          <line num="337" count="0" type="stmt"/>
          <line num="339" count="0" type="cond" truecount="0" falsecount="4"/>
          <line num="340" count="0" type="stmt"/>
          <line num="343" count="0" type="stmt"/>
          <line num="348" count="0" type="stmt"/>
          <line num="349" count="0" type="stmt"/>
          <line num="350" count="0" type="stmt"/>
          <line num="352" count="0" type="stmt"/>
          <line num="353" count="0" type="cond" truecount="0" falsecount="6"/>
          <line num="355" count="0" type="stmt"/>
          <line num="358" count="0" type="stmt"/>
          <line num="362" count="0" type="cond" truecount="0" falsecount="5"/>
          <line num="364" count="0" type="stmt"/>
          <line num="369" count="0" type="stmt"/>
          <line num="371" count="0" type="stmt"/>
          <line num="372" count="0" type="cond" truecount="0" falsecount="2"/>
          <line num="373" count="0" type="stmt"/>
          <line num="375" count="0" type="cond" truecount="0" falsecount="2"/>
          <line num="376" count="0" type="stmt"/>
          <line num="378" count="0" type="stmt"/>
          <line num="379" count="0" type="stmt"/>
          <line num="380" count="0" type="cond" truecount="0" falsecount="2"/>
          <line num="381" count="0" type="stmt"/>
          <line num="382" count="0" type="stmt"/>
          <line num="383" count="0" type="stmt"/>
          <line num="385" count="0" type="stmt"/>
          <line num="387" count="0" type="stmt"/>
          <line num="389" count="0" type="stmt"/>
          <line num="391" count="0" type="stmt"/>
          <line num="392" count="0" type="stmt"/>
          <line num="394" count="0" type="stmt"/>
          <line num="398" count="0" type="stmt"/>
          <line num="401" count="0" type="cond" truecount="0" falsecount="2"/>
          <line num="402" count="0" type="stmt"/>
          <line num="404" count="0" type="cond" truecount="0" falsecount="2"/>
          <line num="405" count="0" type="stmt"/>
          <line num="406" count="0" type="stmt"/>
          <line num="410" count="0" type="stmt"/>
          <line num="411" count="0" type="stmt"/>
          <line num="414" count="0" type="cond" truecount="0" falsecount="2"/>
          <line num="419" count="0" type="stmt"/>
          <line num="420" count="0" type="stmt"/>
          <line num="421" count="0" type="cond" truecount="0" falsecount="2"/>
          <line num="422" count="0" type="stmt"/>
          <line num="424" count="0" type="stmt"/>
          <line num="427" count="0" type="stmt"/>
          <line num="430" count="0" type="stmt"/>
          <line num="434" count="0" type="stmt"/>
          <line num="435" count="0" type="stmt"/>
          <line num="436" count="0" type="cond" truecount="0" falsecount="2"/>
          <line num="437" count="0" type="cond" truecount="0" falsecount="4"/>
          <line num="438" count="0" type="stmt"/>
          <line num="439" count="0" type="stmt"/>
          <line num="440" count="0" type="stmt"/>
          <line num="441" count="0" type="cond" truecount="0" falsecount="2"/>
          <line num="442" count="0" type="stmt"/>
          <line num="444" count="0" type="stmt"/>
          <line num="448" count="0" type="stmt"/>
          <line num="449" count="0" type="cond" truecount="0" falsecount="5"/>
          <line num="453" count="0" type="stmt"/>
          <line num="456" count="0" type="stmt"/>
          <line num="460" count="0" type="cond" truecount="0" falsecount="2"/>
          <line num="461" count="0" type="stmt"/>
          <line num="467" count="0" type="cond" truecount="0" falsecount="2"/>
          <line num="468" count="0" type="stmt"/>
          <line num="470" count="0" type="stmt"/>
          <line num="471" count="0" type="stmt"/>
          <line num="472" count="0" type="stmt"/>
          <line num="473" count="0" type="cond" truecount="0" falsecount="2"/>
          <line num="474" count="0" type="stmt"/>
          <line num="477" count="0" type="stmt"/>
          <line num="481" count="0" type="stmt"/>
          <line num="483" count="0" type="stmt"/>
          <line num="493" count="0" type="cond" truecount="0" falsecount="2"/>
          <line num="494" count="0" type="cond" truecount="0" falsecount="2"/>
          <line num="497" count="0" type="stmt"/>
          <line num="507" count="0" type="stmt"/>
          <line num="508" count="0" type="stmt"/>
          <line num="510" count="0" type="cond" truecount="0" falsecount="4"/>
          <line num="511" count="0" type="stmt"/>
          <line num="514" count="0" type="stmt"/>
          <line num="515" count="0" type="stmt"/>
          <line num="518" count="0" type="stmt"/>
          <line num="521" count="0" type="stmt"/>
          <line num="524" count="0" type="stmt"/>
          <line num="527" count="0" type="stmt"/>
          <line num="528" count="0" type="stmt"/>
          <line num="531" count="0" type="stmt"/>
          <line num="534" count="0" type="stmt"/>
          <line num="551" count="0" type="stmt"/>
          <line num="552" count="0" type="stmt"/>
          <line num="558" count="0" type="cond" truecount="0" falsecount="2"/>
          <line num="559" count="0" type="cond" truecount="0" falsecount="2"/>
          <line num="562" count="0" type="stmt"/>
          <line num="565" count="0" type="stmt"/>
          <line num="566" count="0" type="stmt"/>
          <line num="570" count="0" type="cond" truecount="0" falsecount="4"/>
          <line num="574" count="0" type="stmt"/>
          <line num="578" count="0" type="stmt"/>
          <line num="579" count="0" type="cond" truecount="0" falsecount="2"/>
          <line num="580" count="0" type="stmt"/>
          <line num="581" count="0" type="cond" truecount="0" falsecount="2"/>
          <line num="582" count="0" type="stmt"/>
          <line num="587" count="0" type="stmt"/>
          <line num="590" count="0" type="stmt"/>
          <line num="593" count="0" type="stmt"/>
          <line num="597" count="0" type="stmt"/>
          <line num="598" count="0" type="stmt"/>
          <line num="599" count="0" type="stmt"/>
          <line num="601" count="0" type="stmt"/>
          <line num="602" count="0" type="stmt"/>
          <line num="604" count="0" type="stmt"/>
          <line num="608" count="0" type="stmt"/>
          <line num="609" count="0" type="cond" truecount="0" falsecount="2"/>
          <line num="610" count="0" type="stmt"/>
          <line num="611" count="0" type="stmt"/>
          <line num="612" count="0" type="stmt"/>
          <line num="614" count="0" type="stmt"/>
          <line num="620" count="0" type="stmt"/>
          <line num="625" count="0" type="cond" truecount="0" falsecount="2"/>
          <line num="626" count="0" type="cond" truecount="0" falsecount="2"/>
          <line num="633" count="0" type="stmt"/>
          <line num="634" count="0" type="cond" truecount="0" falsecount="2"/>
          <line num="635" count="0" type="stmt"/>
          <line num="637" count="0" type="stmt"/>
          <line num="642" count="0" type="cond" truecount="0" falsecount="4"/>
          <line num="643" count="0" type="stmt"/>
          <line num="644" count="0" type="stmt"/>
          <line num="645" count="0" type="stmt"/>
          <line num="646" count="0" type="stmt"/>
          <line num="649" count="0" type="stmt"/>
          <line num="650" count="0" type="cond" truecount="0" falsecount="2"/>
          <line num="651" count="0" type="stmt"/>
          <line num="654" count="0" type="stmt"/>
          <line num="658" count="0" type="stmt"/>
          <line num="659" count="0" type="stmt"/>
          <line num="660" count="0" type="stmt"/>
          <line num="661" count="0" type="cond" truecount="0" falsecount="4"/>
          <line num="665" count="0" type="stmt"/>
          <line num="667" count="0" type="stmt"/>
          <line num="669" count="0" type="stmt"/>
          <line num="671" count="0" type="stmt"/>
          <line num="678" count="0" type="stmt"/>
          <line num="679" count="0" type="cond" truecount="0" falsecount="2"/>
          <line num="680" count="0" type="stmt"/>
          <line num="681" count="0" type="stmt"/>
          <line num="684" count="0" type="cond" truecount="0" falsecount="2"/>
          <line num="685" count="0" type="stmt"/>
          <line num="687" count="0" type="cond" truecount="0" falsecount="2"/>
          <line num="688" count="0" type="stmt"/>
          <line num="689" count="0" type="stmt"/>
          <line num="692" count="0" type="cond" truecount="0" falsecount="2"/>
          <line num="693" count="0" type="stmt"/>
          <line num="694" count="0" type="stmt"/>
          <line num="700" count="0" type="cond" truecount="0" falsecount="2"/>
          <line num="701" count="0" type="stmt"/>
          <line num="703" count="0" type="stmt"/>
          <line num="707" count="0" type="stmt"/>
          <line num="709" count="0" type="stmt"/>
          <line num="710" count="0" type="cond" truecount="0" falsecount="2"/>
          <line num="711" count="0" type="stmt"/>
          <line num="713" count="0" type="stmt"/>
          <line num="717" count="0" type="stmt"/>
          <line num="718" count="0" type="stmt"/>
          <line num="719" count="0" type="stmt"/>
          <line num="720" count="0" type="cond" truecount="0" falsecount="2"/>
          <line num="722" count="0" type="stmt"/>
          <line num="728" count="0" type="cond" truecount="0" falsecount="2"/>
          <line num="729" count="0" type="stmt"/>
          <line num="732" count="0" type="stmt"/>
          <line num="733" count="0" type="cond" truecount="0" falsecount="2"/>
          <line num="735" count="0" type="stmt"/>
          <line num="739" count="0" type="stmt"/>
          <line num="742" count="0" type="cond" truecount="0" falsecount="2"/>
          <line num="745" count="0" type="stmt"/>
          <line num="746" count="0" type="cond" truecount="0" falsecount="2"/>
          <line num="747" count="0" type="stmt"/>
          <line num="748" count="0" type="stmt"/>
          <line num="749" count="0" type="stmt"/>
          <line num="752" count="0" type="stmt"/>
          <line num="755" count="0" type="stmt"/>
          <line num="756" count="0" type="stmt"/>
          <line num="757" count="0" type="stmt"/>
          <line num="758" count="0" type="stmt"/>
          <line num="759" count="0" type="stmt"/>
          <line num="760" count="0" type="stmt"/>
          <line num="761" count="0" type="stmt"/>
          <line num="762" count="0" type="stmt"/>
          <line num="763" count="0" type="stmt"/>
          <line num="764" count="0" type="stmt"/>
          <line num="765" count="0" type="stmt"/>
          <line num="767" count="0" type="stmt"/>
          <line num="768" count="0" type="stmt"/>
          <line num="770" count="0" type="stmt"/>
          <line num="771" count="0" type="stmt"/>
          <line num="773" count="0" type="stmt"/>
          <line num="777" count="0" type="stmt"/>
          <line num="780" count="0" type="stmt"/>
          <line num="783" count="0" type="cond" truecount="0" falsecount="2"/>
          <line num="784" count="0" type="cond" truecount="0" falsecount="4"/>
          <line num="789" count="0" type="cond" truecount="0" falsecount="2"/>
          <line num="790" count="0" type="stmt"/>
          <line num="793" count="0" type="stmt"/>
          <line num="798" count="0" type="stmt"/>
          <line num="799" count="0" type="cond" truecount="0" falsecount="4"/>
          <line num="804" count="0" type="stmt"/>
          <line num="807" count="0" type="stmt"/>
          <line num="810" count="0" type="stmt"/>
          <line num="811" count="0" type="cond" truecount="0" falsecount="2"/>
          <line num="812" count="0" type="stmt"/>
          <line num="814" count="0" type="cond" truecount="0" falsecount="2"/>
          <line num="815" count="0" type="stmt"/>
          <line num="816" count="0" type="stmt"/>
          <line num="819" count="0" type="stmt"/>
          <line num="820" count="0" type="stmt"/>
          <line num="825" count="0" type="stmt"/>
          <line num="826" count="0" type="cond" truecount="0" falsecount="2"/>
          <line num="827" count="0" type="stmt"/>
          <line num="832" count="0" type="cond" truecount="0" falsecount="4"/>
          <line num="833" count="0" type="stmt"/>
          <line num="837" count="0" type="stmt"/>
          <line num="838" count="0" type="stmt"/>
          <line num="839" count="0" type="stmt"/>
          <line num="840" count="0" type="stmt"/>
          <line num="841" count="0" type="stmt"/>
          <line num="842" count="0" type="stmt"/>
          <line num="843" count="0" type="stmt"/>
          <line num="844" count="0" type="stmt"/>
          <line num="845" count="0" type="stmt"/>
          <line num="849" count="0" type="cond" truecount="0" falsecount="2"/>
          <line num="850" count="0" type="stmt"/>
          <line num="852" count="0" type="stmt"/>
          <line num="855" count="0" type="stmt"/>
          <line num="856" count="0" type="cond" truecount="0" falsecount="2"/>
          <line num="857" count="0" type="stmt"/>
          <line num="860" count="0" type="stmt"/>
          <line num="864" count="0" type="stmt"/>
          <line num="867" count="0" type="stmt"/>
          <line num="872" count="0" type="stmt"/>
          <line num="873" count="0" type="stmt"/>
          <line num="876" count="0" type="stmt"/>
          <line num="877" count="0" type="stmt"/>
          <line num="880" count="0" type="stmt"/>
          <line num="881" count="0" type="stmt"/>
          <line num="886" count="0" type="stmt"/>
          <line num="890" count="0" type="stmt"/>
          <line num="894" count="0" type="stmt"/>
          <line num="895" count="0" type="stmt"/>
          <line num="896" count="0" type="stmt"/>
          <line num="897" count="0" type="stmt"/>
          <line num="899" count="0" type="stmt"/>
          <line num="900" count="0" type="stmt"/>
          <line num="903" count="0" type="stmt"/>
          <line num="904" count="0" type="stmt"/>
          <line num="907" count="0" type="stmt"/>
          <line num="908" count="0" type="stmt"/>
          <line num="910" count="0" type="cond" truecount="0" falsecount="2"/>
          <line num="911" count="0" type="stmt"/>
          <line num="913" count="0" type="stmt"/>
          <line num="919" count="0" type="stmt"/>
          <line num="920" count="0" type="stmt"/>
          <line num="922" count="0" type="cond" truecount="0" falsecount="2"/>
          <line num="923" count="0" type="stmt"/>
          <line num="925" count="0" type="cond" truecount="0" falsecount="2"/>
          <line num="929" count="0" type="stmt"/>
          <line num="931" count="0" type="cond" truecount="0" falsecount="2"/>
          <line num="932" count="0" type="stmt"/>
          <line num="934" count="0" type="cond" truecount="0" falsecount="2"/>
          <line num="939" count="0" type="stmt"/>
          <line num="940" count="0" type="cond" truecount="0" falsecount="2"/>
          <line num="942" count="0" type="stmt"/>
          <line num="943" count="0" type="stmt"/>
          <line num="944" count="0" type="stmt"/>
          <line num="945" count="0" type="stmt"/>
          <line num="946" count="0" type="stmt"/>
          <line num="947" count="0" type="stmt"/>
          <line num="948" count="0" type="stmt"/>
          <line num="952" count="0" type="cond" truecount="0" falsecount="2"/>
          <line num="953" count="0" type="cond" truecount="0" falsecount="2"/>
          <line num="954" count="0" type="stmt"/>
          <line num="955" count="0" type="cond" truecount="0" falsecount="2"/>
          <line num="957" count="0" type="stmt"/>
          <line num="958" count="0" type="cond" truecount="0" falsecount="2"/>
          <line num="961" count="0" type="cond" truecount="0" falsecount="2"/>
          <line num="962" count="0" type="stmt"/>
          <line num="963" count="0" type="cond" truecount="0" falsecount="2"/>
          <line num="964" count="0" type="stmt"/>
          <line num="966" count="0" type="stmt"/>
          <line num="967" count="0" type="cond" truecount="0" falsecount="2"/>
          <line num="969" count="0" type="stmt"/>
          <line num="970" count="0" type="cond" truecount="0" falsecount="2"/>
          <line num="971" count="0" type="stmt"/>
          <line num="973" count="0" type="stmt"/>
          <line num="974" count="0" type="cond" truecount="0" falsecount="2"/>
          <line num="982" count="0" type="cond" truecount="0" falsecount="2"/>
          <line num="983" count="0" type="stmt"/>
          <line num="986" count="0" type="cond" truecount="0" falsecount="2"/>
          <line num="987" count="0" type="stmt"/>
          <line num="988" count="0" type="stmt"/>
          <line num="989" count="0" type="stmt"/>
          <line num="995" count="0" type="stmt"/>
          <line num="997" count="0" type="stmt"/>
          <line num="998" count="0" type="cond" truecount="0" falsecount="4"/>
          <line num="999" count="0" type="stmt"/>
          <line num="1000" count="0" type="stmt"/>
          <line num="1002" count="0" type="cond" truecount="0" falsecount="4"/>
          <line num="1003" count="0" type="stmt"/>
          <line num="1004" count="0" type="stmt"/>
          <line num="1007" count="0" type="cond" truecount="0" falsecount="5"/>
          <line num="1008" count="0" type="stmt"/>
          <line num="1009" count="0" type="cond" truecount="0" falsecount="5"/>
          <line num="1010" count="0" type="stmt"/>
          <line num="1011" count="0" type="cond" truecount="0" falsecount="4"/>
          <line num="1012" count="0" type="stmt"/>
          <line num="1022" count="0" type="cond" truecount="0" falsecount="2"/>
          <line num="1024" count="0" type="stmt"/>
          <line num="1027" count="0" type="cond" truecount="0" falsecount="2"/>
          <line num="1028" count="0" type="cond" truecount="0" falsecount="2"/>
          <line num="1029" count="0" type="stmt"/>
          <line num="1031" count="0" type="stmt"/>
          <line num="1033" count="0" type="cond" truecount="0" falsecount="2"/>
          <line num="1034" count="0" type="stmt"/>
          <line num="1039" count="0" type="stmt"/>
          <line num="1040" count="0" type="cond" truecount="0" falsecount="2"/>
          <line num="1041" count="0" type="stmt"/>
          <line num="1045" count="0" type="cond" truecount="0" falsecount="2"/>
          <line num="1046" count="0" type="stmt"/>
          <line num="1047" count="0" type="stmt"/>
          <line num="1048" count="0" type="stmt"/>
          <line num="1050" count="0" type="stmt"/>
          <line num="1055" count="0" type="stmt"/>
          <line num="1058" count="0" type="stmt"/>
          <line num="1060" count="0" type="cond" truecount="0" falsecount="2"/>
          <line num="1061" count="0" type="cond" truecount="0" falsecount="2"/>
          <line num="1062" count="0" type="stmt"/>
          <line num="1064" count="0" type="cond" truecount="0" falsecount="2"/>
          <line num="1065" count="0" type="stmt"/>
          <line num="1067" count="0" type="stmt"/>
          <line num="1070" count="0" type="cond" truecount="0" falsecount="2"/>
          <line num="1071" count="0" type="stmt"/>
          <line num="1073" count="0" type="cond" truecount="0" falsecount="2"/>
          <line num="1078" count="0" type="stmt"/>
          <line num="1080" count="0" type="cond" truecount="0" falsecount="2"/>
          <line num="1081" count="0" type="cond" truecount="0" falsecount="2"/>
          <line num="1082" count="0" type="stmt"/>
          <line num="1084" count="0" type="cond" truecount="0" falsecount="2"/>
          <line num="1085" count="0" type="stmt"/>
          <line num="1087" count="0" type="stmt"/>
          <line num="1090" count="0" type="cond" truecount="0" falsecount="2"/>
          <line num="1091" count="0" type="stmt"/>
          <line num="1093" count="0" type="cond" truecount="0" falsecount="2"/>
          <line num="1100" count="0" type="stmt"/>
          <line num="1103" count="0" type="stmt"/>
          <line num="1105" count="0" type="stmt"/>
          <line num="1107" count="0" type="stmt"/>
          <line num="1108" count="0" type="stmt"/>
          <line num="1109" count="0" type="stmt"/>
          <line num="1110" count="0" type="stmt"/>
          <line num="1111" count="0" type="stmt"/>
          <line num="1115" count="0" type="stmt"/>
          <line num="1116" count="0" type="stmt"/>
          <line num="1117" count="0" type="stmt"/>
          <line num="1118" count="0" type="stmt"/>
          <line num="1119" count="0" type="stmt"/>
          <line num="1120" count="0" type="stmt"/>
          <line num="1122" count="0" type="stmt"/>
          <line num="1123" count="0" type="stmt"/>
          <line num="1126" count="0" type="stmt"/>
          <line num="1127" count="0" type="stmt"/>
          <line num="1128" count="0" type="stmt"/>
          <line num="1129" count="0" type="stmt"/>
          <line num="1134" count="0" type="stmt"/>
          <line num="1135" count="0" type="stmt"/>
          <line num="1136" count="0" type="cond" truecount="0" falsecount="2"/>
          <line num="1139" count="0" type="stmt"/>
          <line num="1140" count="0" type="stmt"/>
          <line num="1143" count="0" type="stmt"/>
          <line num="1144" count="0" type="stmt"/>
          <line num="1145" count="0" type="stmt"/>
          <line num="1149" count="0" type="stmt"/>
          <line num="1153" count="0" type="stmt"/>
          <line num="1157" count="0" type="stmt"/>
          <line num="1158" count="0" type="stmt"/>
          <line num="1159" count="0" type="stmt"/>
          <line num="1160" count="0" type="stmt"/>
          <line num="1161" count="0" type="stmt"/>
          <line num="1163" count="0" type="stmt"/>
          <line num="1164" count="0" type="stmt"/>
          <line num="1165" count="0" type="cond" truecount="0" falsecount="2"/>
          <line num="1167" count="0" type="stmt"/>
          <line num="1168" count="0" type="stmt"/>
          <line num="1170" count="0" type="stmt"/>
          <line num="1171" count="0" type="stmt"/>
          <line num="1177" count="0" type="cond" truecount="0" falsecount="2"/>
          <line num="1181" count="0" type="cond" truecount="0" falsecount="3"/>
          <line num="1186" count="0" type="stmt"/>
          <line num="1187" count="0" type="cond" truecount="0" falsecount="2"/>
          <line num="1192" count="0" type="stmt"/>
          <line num="1195" count="0" type="stmt"/>
          <line num="1201" count="0" type="stmt"/>
          <line num="1204" count="0" type="cond" truecount="0" falsecount="5"/>
          <line num="1205" count="0" type="stmt"/>
          <line num="1207" count="0" type="stmt"/>
          <line num="1211" count="0" type="stmt"/>
          <line num="1214" count="0" type="cond" truecount="0" falsecount="5"/>
          <line num="1215" count="0" type="stmt"/>
          <line num="1217" count="0" type="stmt"/>
          <line num="1223" count="0" type="stmt"/>
          <line num="1225" count="0" type="stmt"/>
          <line num="1227" count="0" type="stmt"/>
          <line num="1232" count="0" type="stmt"/>
          <line num="1233" count="0" type="stmt"/>
          <line num="1234" count="0" type="stmt"/>
          <line num="1237" count="0" type="cond" truecount="0" falsecount="2"/>
          <line num="1238" count="0" type="stmt"/>
          <line num="1239" count="0" type="stmt"/>
          <line num="1240" count="0" type="cond" truecount="0" falsecount="2"/>
          <line num="1241" count="0" type="stmt"/>
          <line num="1242" count="0" type="stmt"/>
          <line num="1244" count="0" type="stmt"/>
          <line num="1245" count="0" type="stmt"/>
          <line num="1248" count="0" type="stmt"/>
          <line num="1255" count="0" type="stmt"/>
          <line num="1256" count="0" type="stmt"/>
          <line num="1259" count="0" type="cond" truecount="0" falsecount="2"/>
          <line num="1260" count="0" type="stmt"/>
          <line num="1261" count="0" type="stmt"/>
          <line num="1262" count="0" type="cond" truecount="0" falsecount="2"/>
          <line num="1263" count="0" type="stmt"/>
          <line num="1264" count="0" type="stmt"/>
          <line num="1266" count="0" type="stmt"/>
          <line num="1267" count="0" type="stmt"/>
          <line num="1270" count="0" type="stmt"/>
          <line num="1277" count="0" type="stmt"/>
          <line num="1278" count="0" type="stmt"/>
          <line num="1279" count="0" type="stmt"/>
          <line num="1284" count="0" type="stmt"/>
          <line num="1285" count="0" type="stmt"/>
          <line num="1289" count="0" type="stmt"/>
          <line num="1290" count="0" type="stmt"/>
          <line num="1294" count="0" type="stmt"/>
          <line num="1295" count="0" type="stmt"/>
          <line num="1299" count="0" type="stmt"/>
          <line num="1300" count="0" type="stmt"/>
          <line num="1301" count="0" type="stmt"/>
          <line num="1302" count="0" type="stmt"/>
          <line num="1304" count="0" type="stmt"/>
          <line num="1305" count="0" type="stmt"/>
          <line num="1313" count="0" type="stmt"/>
          <line num="1316" count="0" type="stmt"/>
          <line num="1322" count="0" type="stmt"/>
          <line num="1326" count="0" type="stmt"/>
          <line num="1332" count="0" type="stmt"/>
          <line num="1333" count="0" type="cond" truecount="0" falsecount="2"/>
          <line num="1337" count="0" type="stmt"/>
          <line num="1338" count="0" type="cond" truecount="0" falsecount="2"/>
          <line num="1343" count="0" type="stmt"/>
          <line num="1345" count="0" type="stmt"/>
          <line num="1346" count="0" type="stmt"/>
          <line num="1349" count="0" type="stmt"/>
          <line num="1350" count="0" type="stmt"/>
          <line num="1353" count="0" type="stmt"/>
          <line num="1354" count="0" type="stmt"/>
          <line num="1357" count="0" type="stmt"/>
          <line num="1358" count="0" type="stmt"/>
          <line num="1362" count="0" type="stmt"/>
          <line num="1363" count="0" type="stmt"/>
          <line num="1364" count="0" type="stmt"/>
          <line num="1367" count="0" type="stmt"/>
          <line num="1368" count="0" type="stmt"/>
          <line num="1369" count="0" type="stmt"/>
          <line num="1373" count="0" type="stmt"/>
          <line num="1374" count="0" type="stmt"/>
          <line num="1375" count="0" type="stmt"/>
          <line num="1376" count="0" type="stmt"/>
          <line num="1377" count="0" type="stmt"/>
          <line num="1379" count="0" type="stmt"/>
          <line num="1380" count="0" type="stmt"/>
          <line num="1382" count="0" type="stmt"/>
          <line num="1383" count="0" type="stmt"/>
          <line num="1386" count="0" type="stmt"/>
          <line num="1387" count="0" type="stmt"/>
          <line num="1389" count="0" type="cond" truecount="0" falsecount="2"/>
          <line num="1390" count="0" type="stmt"/>
          <line num="1392" count="0" type="stmt"/>
          <line num="1396" count="0" type="stmt"/>
          <line num="1397" count="0" type="stmt"/>
          <line num="1403" count="0" type="cond" truecount="0" falsecount="2"/>
          <line num="1404" count="0" type="stmt"/>
          <line num="1407" count="0" type="cond" truecount="0" falsecount="2"/>
          <line num="1408" count="0" type="stmt"/>
          <line num="1411" count="0" type="stmt"/>
          <line num="1412" count="0" type="cond" truecount="0" falsecount="2"/>
          <line num="1413" count="0" type="stmt"/>
          <line num="1416" count="0" type="stmt"/>
          <line num="1420" count="0" type="cond" truecount="0" falsecount="2"/>
          <line num="1421" count="0" type="cond" truecount="0" falsecount="2"/>
          <line num="1423" count="0" type="cond" truecount="0" falsecount="2"/>
          <line num="1428" count="0" type="stmt"/>
          <line num="1430" count="0" type="cond" truecount="0" falsecount="2"/>
          <line num="1431" count="0" type="stmt"/>
          <line num="1433" count="0" type="cond" truecount="0" falsecount="2"/>
          <line num="1437" count="0" type="stmt"/>
          <line num="1439" count="0" type="cond" truecount="0" falsecount="2"/>
          <line num="1442" count="0" type="stmt"/>
          <line num="1444" count="0" type="cond" truecount="0" falsecount="2"/>
          <line num="1448" count="0" type="stmt"/>
          <line num="1449" count="0" type="cond" truecount="0" falsecount="2"/>
          <line num="1450" count="0" type="stmt"/>
          <line num="1451" count="0" type="stmt"/>
          <line num="1452" count="0" type="stmt"/>
          <line num="1454" count="0" type="stmt"/>
          <line num="1455" count="0" type="stmt"/>
          <line num="1456" count="0" type="stmt"/>
          <line num="1457" count="0" type="stmt"/>
          <line num="1458" count="0" type="stmt"/>
          <line num="1462" count="0" type="cond" truecount="0" falsecount="2"/>
          <line num="1463" count="0" type="cond" truecount="0" falsecount="2"/>
          <line num="1464" count="0" type="stmt"/>
          <line num="1465" count="0" type="cond" truecount="0" falsecount="2"/>
          <line num="1466" count="0" type="cond" truecount="0" falsecount="2"/>
          <line num="1467" count="0" type="stmt"/>
          <line num="1468" count="0" type="cond" truecount="0" falsecount="2"/>
          <line num="1470" count="0" type="stmt"/>
          <line num="1471" count="0" type="cond" truecount="0" falsecount="2"/>
          <line num="1474" count="0" type="cond" truecount="0" falsecount="2"/>
          <line num="1475" count="0" type="stmt"/>
          <line num="1476" count="0" type="cond" truecount="0" falsecount="2"/>
          <line num="1477" count="0" type="stmt"/>
          <line num="1479" count="0" type="stmt"/>
          <line num="1480" count="0" type="cond" truecount="0" falsecount="2"/>
          <line num="1481" count="0" type="stmt"/>
          <line num="1483" count="0" type="stmt"/>
          <line num="1484" count="0" type="cond" truecount="0" falsecount="2"/>
          <line num="1485" count="0" type="cond" truecount="0" falsecount="2"/>
          <line num="1486" count="0" type="stmt"/>
          <line num="1487" count="0" type="cond" truecount="0" falsecount="2"/>
          <line num="1488" count="0" type="stmt"/>
          <line num="1490" count="0" type="stmt"/>
          <line num="1491" count="0" type="cond" truecount="0" falsecount="2"/>
          <line num="1492" count="0" type="stmt"/>
          <line num="1494" count="0" type="stmt"/>
          <line num="1495" count="0" type="cond" truecount="0" falsecount="2"/>
          <line num="1497" count="0" type="stmt"/>
          <line num="1498" count="0" type="cond" truecount="0" falsecount="2"/>
          <line num="1499" count="0" type="stmt"/>
          <line num="1501" count="0" type="stmt"/>
          <line num="1502" count="0" type="cond" truecount="0" falsecount="2"/>
          <line num="1503" count="0" type="stmt"/>
          <line num="1505" count="0" type="stmt"/>
          <line num="1506" count="0" type="cond" truecount="0" falsecount="2"/>
          <line num="1514" count="0" type="cond" truecount="0" falsecount="2"/>
          <line num="1515" count="0" type="stmt"/>
          <line num="1518" count="0" type="cond" truecount="0" falsecount="2"/>
          <line num="1519" count="0" type="stmt"/>
          <line num="1520" count="0" type="stmt"/>
          <line num="1521" count="0" type="stmt"/>
          <line num="1522" count="0" type="stmt"/>
          <line num="1525" count="0" type="stmt"/>
          <line num="1528" count="0" type="stmt"/>
          <line num="1529" count="0" type="cond" truecount="0" falsecount="4"/>
          <line num="1530" count="0" type="stmt"/>
          <line num="1531" count="0" type="stmt"/>
          <line num="1532" count="0" type="stmt"/>
          <line num="1534" count="0" type="cond" truecount="0" falsecount="2"/>
          <line num="1535" count="0" type="stmt"/>
          <line num="1536" count="0" type="stmt"/>
          <line num="1539" count="0" type="cond" truecount="0" falsecount="5"/>
          <line num="1540" count="0" type="stmt"/>
          <line num="1541" count="0" type="cond" truecount="0" falsecount="5"/>
          <line num="1542" count="0" type="stmt"/>
          <line num="1543" count="0" type="cond" truecount="0" falsecount="5"/>
          <line num="1544" count="0" type="stmt"/>
          <line num="1545" count="0" type="cond" truecount="0" falsecount="4"/>
          <line num="1546" count="0" type="stmt"/>
          <line num="1554" count="0" type="cond" truecount="0" falsecount="2"/>
          <line num="1555" count="0" type="cond" truecount="0" falsecount="2"/>
          <line num="1557" count="0" type="cond" truecount="0" falsecount="2"/>
          <line num="1558" count="0" type="cond" truecount="0" falsecount="2"/>
          <line num="1559" count="0" type="stmt"/>
          <line num="1560" count="0" type="stmt"/>
          <line num="1562" count="0" type="stmt"/>
          <line num="1567" count="0" type="cond" truecount="0" falsecount="2"/>
          <line num="1568" count="0" type="cond" truecount="0" falsecount="2"/>
          <line num="1570" count="0" type="stmt"/>
          <line num="1571" count="0" type="cond" truecount="0" falsecount="2"/>
          <line num="1575" count="0" type="cond" truecount="0" falsecount="2"/>
          <line num="1576" count="0" type="cond" truecount="0" falsecount="2"/>
          <line num="1583" count="0" type="cond" truecount="0" falsecount="2"/>
          <line num="1584" count="0" type="stmt"/>
          <line num="1585" count="0" type="cond" truecount="0" falsecount="2"/>
          <line num="1587" count="0" type="cond" truecount="0" falsecount="2"/>
          <line num="1591" count="0" type="stmt"/>
          <line num="1593" count="0" type="cond" truecount="0" falsecount="2"/>
          <line num="1594" count="0" type="cond" truecount="0" falsecount="2"/>
          <line num="1595" count="0" type="stmt"/>
          <line num="1597" count="0" type="cond" truecount="0" falsecount="2"/>
          <line num="1598" count="0" type="stmt"/>
          <line num="1600" count="0" type="stmt"/>
          <line num="1603" count="0" type="cond" truecount="0" falsecount="2"/>
          <line num="1604" count="0" type="stmt"/>
          <line num="1606" count="0" type="cond" truecount="0" falsecount="2"/>
          <line num="1611" count="0" type="stmt"/>
          <line num="1613" count="0" type="cond" truecount="0" falsecount="2"/>
          <line num="1614" count="0" type="cond" truecount="0" falsecount="2"/>
          <line num="1615" count="0" type="stmt"/>
          <line num="1617" count="0" type="cond" truecount="0" falsecount="2"/>
          <line num="1618" count="0" type="stmt"/>
          <line num="1620" count="0" type="stmt"/>
          <line num="1623" count="0" type="cond" truecount="0" falsecount="2"/>
          <line num="1624" count="0" type="stmt"/>
          <line num="1626" count="0" type="cond" truecount="0" falsecount="2"/>
          <line num="1631" count="0" type="stmt"/>
          <line num="1633" count="0" type="cond" truecount="0" falsecount="2"/>
          <line num="1634" count="0" type="cond" truecount="0" falsecount="2"/>
          <line num="1635" count="0" type="stmt"/>
          <line num="1637" count="0" type="cond" truecount="0" falsecount="2"/>
          <line num="1638" count="0" type="stmt"/>
          <line num="1640" count="0" type="stmt"/>
          <line num="1643" count="0" type="cond" truecount="0" falsecount="2"/>
          <line num="1644" count="0" type="stmt"/>
          <line num="1646" count="0" type="cond" truecount="0" falsecount="2"/>
          <line num="1654" count="0" type="stmt"/>
          <line num="1657" count="0" type="stmt"/>
          <line num="1659" count="0" type="stmt"/>
          <line num="1661" count="0" type="stmt"/>
          <line num="1662" count="0" type="stmt"/>
          <line num="1663" count="0" type="stmt"/>
          <line num="1664" count="0" type="stmt"/>
          <line num="1665" count="0" type="stmt"/>
          <line num="1666" count="0" type="stmt"/>
          <line num="1667" count="0" type="stmt"/>
          <line num="1668" count="0" type="stmt"/>
          <line num="1669" count="0" type="stmt"/>
          <line num="1670" count="0" type="stmt"/>
          <line num="1674" count="0" type="stmt"/>
          <line num="1675" count="0" type="stmt"/>
          <line num="1676" count="0" type="stmt"/>
          <line num="1677" count="0" type="stmt"/>
          <line num="1678" count="0" type="stmt"/>
          <line num="1679" count="0" type="stmt"/>
          <line num="1680" count="0" type="stmt"/>
          <line num="1681" count="0" type="stmt"/>
          <line num="1684" count="0" type="stmt"/>
          <line num="1685" count="0" type="stmt"/>
          <line num="1686" count="0" type="stmt"/>
          <line num="1688" count="0" type="stmt"/>
          <line num="1689" count="0" type="stmt"/>
          <line num="1690" count="0" type="stmt"/>
          <line num="1696" count="0" type="cond" truecount="0" falsecount="2"/>
          <line num="1700" count="0" type="cond" truecount="0" falsecount="2"/>
          <line num="1703" count="0" type="stmt"/>
          <line num="1704" count="0" type="stmt"/>
          <line num="1705" count="0" type="stmt"/>
          <line num="1707" count="0" type="stmt"/>
          <line num="1708" count="0" type="stmt"/>
          <line num="1711" count="0" type="stmt"/>
          <line num="1712" count="0" type="stmt"/>
          <line num="1716" count="0" type="stmt"/>
          <line num="1717" count="0" type="stmt"/>
          <line num="1720" count="0" type="stmt"/>
          <line num="1721" count="0" type="stmt"/>
          <line num="1726" count="0" type="stmt"/>
          <line num="1727" count="0" type="stmt"/>
          <line num="1731" count="0" type="stmt"/>
          <line num="1732" count="0" type="stmt"/>
          <line num="1736" count="0" type="stmt"/>
          <line num="1739" count="0" type="stmt"/>
          <line num="1744" count="0" type="stmt"/>
          <line num="1747" count="0" type="stmt"/>
          <line num="1748" count="0" type="stmt"/>
          <line num="1749" count="0" type="stmt"/>
          <line num="1750" count="0" type="stmt"/>
          <line num="1751" count="0" type="stmt"/>
          <line num="1752" count="0" type="stmt"/>
          <line num="1754" count="0" type="stmt"/>
          <line num="1755" count="0" type="stmt"/>
          <line num="1756" count="0" type="stmt"/>
          <line num="1757" count="0" type="stmt"/>
          <line num="1759" count="0" type="stmt"/>
          <line num="1760" count="0" type="stmt"/>
          <line num="1761" count="0" type="stmt"/>
          <line num="1762" count="0" type="stmt"/>
          <line num="1764" count="0" type="stmt"/>
          <line num="1765" count="0" type="stmt"/>
          <line num="1766" count="0" type="stmt"/>
          <line num="1768" count="0" type="stmt"/>
          <line num="1769" count="0" type="stmt"/>
          <line num="1770" count="0" type="stmt"/>
          <line num="1771" count="0" type="stmt"/>
          <line num="1772" count="0" type="stmt"/>
          <line num="1774" count="0" type="stmt"/>
          <line num="1775" count="0" type="stmt"/>
          <line num="1776" count="0" type="stmt"/>
          <line num="1777" count="0" type="stmt"/>
          <line num="1778" count="0" type="stmt"/>
          <line num="1779" count="0" type="stmt"/>
          <line num="1780" count="0" type="stmt"/>
          <line num="1782" count="0" type="stmt"/>
          <line num="1783" count="0" type="stmt"/>
          <line num="1784" count="0" type="stmt"/>
          <line num="1785" count="0" type="stmt"/>
          <line num="1787" count="0" type="stmt"/>
          <line num="1788" count="0" type="stmt"/>
          <line num="1789" count="0" type="stmt"/>
          <line num="1790" count="0" type="stmt"/>
          <line num="1791" count="0" type="stmt"/>
          <line num="1792" count="0" type="stmt"/>
          <line num="1800" count="0" type="stmt"/>
          <line num="1803" count="0" type="stmt"/>
          <line num="1805" count="0" type="cond" truecount="0" falsecount="2"/>
          <line num="1806" count="0" type="cond" truecount="0" falsecount="2"/>
          <line num="1808" count="0" type="cond" truecount="0" falsecount="2"/>
          <line num="1819" count="0" type="stmt"/>
          <line num="1825" count="0" type="stmt"/>
          <line num="1846" count="0" type="stmt"/>
          <line num="1847" count="0" type="stmt"/>
          <line num="1851" count="0" type="cond" truecount="0" falsecount="2"/>
          <line num="1858" count="0" type="stmt"/>
          <line num="1860" count="0" type="stmt"/>
          <line num="1861" count="0" type="stmt"/>
          <line num="1862" count="0" type="stmt"/>
          <line num="1863" count="0" type="stmt"/>
          <line num="1864" count="0" type="cond" truecount="0" falsecount="2"/>
          <line num="1865" count="0" type="stmt"/>
          <line num="1866" count="0" type="stmt"/>
          <line num="1867" count="0" type="cond" truecount="0" falsecount="2"/>
          <line num="1868" count="0" type="stmt"/>
          <line num="1870" count="0" type="cond" truecount="0" falsecount="5"/>
          <line num="1872" count="0" type="stmt"/>
          <line num="1874" count="0" type="stmt"/>
          <line num="1876" count="0" type="stmt"/>
          <line num="1878" count="0" type="stmt"/>
          <line num="1882" count="0" type="stmt"/>
          <line num="1884" count="0" type="cond" truecount="0" falsecount="6"/>
          <line num="1886" count="0" type="stmt"/>
          <line num="1887" count="0" type="stmt"/>
          <line num="1888" count="0" type="stmt"/>
          <line num="1891" count="0" type="stmt"/>
          <line num="1894" count="0" type="stmt"/>
          <line num="1902" count="0" type="cond" truecount="0" falsecount="2"/>
          <line num="1903" count="0" type="cond" truecount="0" falsecount="2"/>
          <line num="1904" count="0" type="stmt"/>
          <line num="1907" count="0" type="stmt"/>
          <line num="1910" count="0" type="cond" truecount="0" falsecount="2"/>
          <line num="1912" count="0" type="stmt"/>
          <line num="1916" count="0" type="stmt"/>
          <line num="1920" count="0" type="cond" truecount="0" falsecount="2"/>
          <line num="1921" count="0" type="stmt"/>
          <line num="1922" count="0" type="stmt"/>
          <line num="1923" count="0" type="cond" truecount="0" falsecount="2"/>
          <line num="1924" count="0" type="stmt"/>
          <line num="1929" count="0" type="stmt"/>
          <line num="1930" count="0" type="cond" truecount="0" falsecount="2"/>
          <line num="1931" count="0" type="cond" truecount="0" falsecount="2"/>
          <line num="1932" count="0" type="stmt"/>
          <line num="1934" count="0" type="cond" truecount="0" falsecount="2"/>
          <line num="1935" count="0" type="stmt"/>
          <line num="1937" count="0" type="stmt"/>
          <line num="1941" count="0" type="stmt"/>
          <line num="1944" count="0" type="stmt"/>
          <line num="1946" count="0" type="cond" truecount="0" falsecount="2"/>
          <line num="1947" count="0" type="stmt"/>
          <line num="1948" count="0" type="stmt"/>
          <line num="1955" count="0" type="stmt"/>
          <line num="1958" count="0" type="stmt"/>
          <line num="1961" count="0" type="stmt"/>
          <line num="1962" count="0" type="stmt"/>
          <line num="1967" count="0" type="cond" truecount="0" falsecount="2"/>
          <line num="1968" count="0" type="stmt"/>
          <line num="1970" count="0" type="cond" truecount="0" falsecount="2"/>
          <line num="1971" count="0" type="stmt"/>
          <line num="1973" count="0" type="stmt"/>
          <line num="1974" count="0" type="stmt"/>
          <line num="1975" count="0" type="stmt"/>
          <line num="1976" count="0" type="stmt"/>
          <line num="1979" count="0" type="stmt"/>
          <line num="1982" count="0" type="cond" truecount="0" falsecount="2"/>
          <line num="1983" count="0" type="cond" truecount="0" falsecount="2"/>
          <line num="1984" count="0" type="stmt"/>
          <line num="1985" count="0" type="cond" truecount="0" falsecount="2"/>
          <line num="1986" count="0" type="stmt"/>
          <line num="1990" count="0" type="stmt"/>
          <line num="1997" count="0" type="cond" truecount="0" falsecount="5"/>
          <line num="1998" count="0" type="stmt"/>
          <line num="2001" count="0" type="cond" truecount="0" falsecount="2"/>
          <line num="2002" count="0" type="stmt"/>
          <line num="2005" count="0" type="cond" truecount="0" falsecount="2"/>
          <line num="2007" count="0" type="stmt"/>
          <line num="2008" count="0" type="cond" truecount="0" falsecount="2"/>
          <line num="2009" count="0" type="stmt"/>
          <line num="2011" count="0" type="stmt"/>
          <line num="2014" count="0" type="stmt"/>
          <line num="2018" count="0" type="stmt"/>
          <line num="2023" count="0" type="stmt"/>
          <line num="2025" count="0" type="cond" truecount="0" falsecount="4"/>
          <line num="2026" count="0" type="stmt"/>
          <line num="2035" count="0" type="cond" truecount="0" falsecount="5"/>
          <line num="2036" count="0" type="stmt"/>
          <line num="2038" count="0" type="cond" truecount="0" falsecount="4"/>
          <line num="2039" count="0" type="stmt"/>
          <line num="2041" count="0" type="cond" truecount="0" falsecount="4"/>
          <line num="2042" count="0" type="stmt"/>
          <line num="2045" count="0" type="stmt"/>
          <line num="2048" count="0" type="stmt"/>
          <line num="2053" count="0" type="stmt"/>
          <line num="2054" count="0" type="stmt"/>
          <line num="2056" count="0" type="stmt"/>
          <line num="2058" count="0" type="stmt"/>
          <line num="2074" count="0" type="stmt"/>
          <line num="2086" count="0" type="stmt"/>
          <line num="2091" count="0" type="stmt"/>
          <line num="2092" count="0" type="cond" truecount="0" falsecount="2"/>
          <line num="2095" count="0" type="cond" truecount="0" falsecount="2"/>
          <line num="2096" count="0" type="stmt"/>
          <line num="2098" count="0" type="stmt"/>
          <line num="2099" count="0" type="cond" truecount="0" falsecount="2"/>
          <line num="2100" count="0" type="stmt"/>
          <line num="2101" count="0" type="stmt"/>
          <line num="2102" count="0" type="stmt"/>
          <line num="2105" count="0" type="cond" truecount="0" falsecount="2"/>
          <line num="2106" count="0" type="stmt"/>
          <line num="2107" count="0" type="stmt"/>
          <line num="2109" count="0" type="cond" truecount="0" falsecount="2"/>
          <line num="2110" count="0" type="stmt"/>
          <line num="2111" count="0" type="cond" truecount="0" falsecount="2"/>
          <line num="2113" count="0" type="cond" truecount="0" falsecount="2"/>
          <line num="2114" count="0" type="stmt"/>
          <line num="2117" count="0" type="cond" truecount="0" falsecount="2"/>
          <line num="2118" count="0" type="stmt"/>
          <line num="2119" count="0" type="stmt"/>
          <line num="2122" count="0" type="cond" truecount="0" falsecount="4"/>
          <line num="2123" count="0" type="stmt"/>
          <line num="2124" count="0" type="stmt"/>
          <line num="2126" count="0" type="cond" truecount="0" falsecount="2"/>
          <line num="2127" count="0" type="cond" truecount="0" falsecount="2"/>
          <line num="2128" count="0" type="stmt"/>
          <line num="2130" count="0" type="stmt"/>
          <line num="2131" count="0" type="stmt"/>
          <line num="2134" count="0" type="cond" truecount="0" falsecount="4"/>
          <line num="2135" count="0" type="stmt"/>
          <line num="2137" count="0" type="stmt"/>
          <line num="2143" count="0" type="stmt"/>
          <line num="2145" count="0" type="cond" truecount="0" falsecount="2"/>
          <line num="2146" count="0" type="stmt"/>
          <line num="2147" count="0" type="stmt"/>
          <line num="2150" count="0" type="stmt"/>
          <line num="2151" count="0" type="cond" truecount="0" falsecount="2"/>
          <line num="2152" count="0" type="stmt"/>
          <line num="2153" count="0" type="stmt"/>
          <line num="2157" count="0" type="stmt"/>
          <line num="2163" count="0" type="cond" truecount="0" falsecount="2"/>
          <line num="2169" count="0" type="cond" truecount="0" falsecount="2"/>
          <line num="2170" count="0" type="stmt"/>
          <line num="2172" count="0" type="cond" truecount="0" falsecount="2"/>
          <line num="2173" count="0" type="stmt"/>
          <line num="2175" count="0" type="stmt"/>
          <line num="2180" count="0" type="stmt"/>
          <line num="2181" count="0" type="cond" truecount="0" falsecount="2"/>
          <line num="2182" count="0" type="stmt"/>
          <line num="2184" count="0" type="stmt"/>
          <line num="2192" count="0" type="stmt"/>
          <line num="2194" count="0" type="cond" truecount="0" falsecount="2"/>
          <line num="2195" count="0" type="stmt"/>
          <line num="2198" count="0" type="stmt"/>
          <line num="2201" count="0" type="cond" truecount="0" falsecount="5"/>
          <line num="2202" count="0" type="stmt"/>
          <line num="2206" count="0" type="cond" truecount="0" falsecount="2"/>
          <line num="2207" count="0" type="stmt"/>
          <line num="2209" count="0" type="cond" truecount="0" falsecount="2"/>
          <line num="2210" count="0" type="stmt"/>
          <line num="2213" count="0" type="stmt"/>
          <line num="2214" count="0" type="stmt"/>
          <line num="2215" count="0" type="stmt"/>
          <line num="2223" count="0" type="cond" truecount="0" falsecount="2"/>
          <line num="2224" count="0" type="stmt"/>
          <line num="2228" count="0" type="stmt"/>
          <line num="2229" count="0" type="cond" truecount="0" falsecount="4"/>
          <line num="2233" count="0" type="cond" truecount="0" falsecount="6"/>
          <line num="2237" count="0" type="stmt"/>
          <line num="2238" count="0" type="stmt"/>
          <line num="2241" count="0" type="cond" truecount="0" falsecount="2"/>
          <line num="2244" count="0" type="cond" truecount="0" falsecount="2"/>
          <line num="2245" count="0" type="stmt"/>
          <line num="2248" count="0" type="cond" truecount="0" falsecount="2"/>
          <line num="2249" count="0" type="stmt"/>
          <line num="2256" count="0" type="stmt"/>
          <line num="2257" count="0" type="cond" truecount="0" falsecount="5"/>
          <line num="2258" count="0" type="stmt"/>
          <line num="2259" count="0" type="stmt"/>
          <line num="2265" count="0" type="stmt"/>
          <line num="2266" count="0" type="stmt"/>
          <line num="2267" count="0" type="stmt"/>
          <line num="2268" count="0" type="cond" truecount="0" falsecount="4"/>
          <line num="2269" count="0" type="stmt"/>
          <line num="2272" count="0" type="stmt"/>
          <line num="2273" count="0" type="stmt"/>
          <line num="2275" count="0" type="stmt"/>
          <line num="2277" count="0" type="stmt"/>
          <line num="2280" count="0" type="stmt"/>
          <line num="2282" count="0" type="cond" truecount="0" falsecount="2"/>
          <line num="2284" count="0" type="stmt"/>
          <line num="2285" count="0" type="cond" truecount="0" falsecount="4"/>
          <line num="2286" count="0" type="stmt"/>
          <line num="2288" count="0" type="cond" truecount="0" falsecount="2"/>
          <line num="2290" count="0" type="stmt"/>
          <line num="2291" count="0" type="cond" truecount="0" falsecount="4"/>
          <line num="2292" count="0" type="stmt"/>
          <line num="2296" count="0" type="stmt"/>
          <line num="2299" count="0" type="cond" truecount="0" falsecount="4"/>
          <line num="2300" count="0" type="stmt"/>
          <line num="2301" count="0" type="cond" truecount="0" falsecount="2"/>
          <line num="2302" count="0" type="stmt"/>
          <line num="2304" count="0" type="stmt"/>
          <line num="2305" count="0" type="stmt"/>
          <line num="2306" count="0" type="stmt"/>
          <line num="2311" count="0" type="stmt"/>
          <line num="2316" count="0" type="cond" truecount="0" falsecount="2"/>
          <line num="2317" count="0" type="stmt"/>
          <line num="2318" count="0" type="stmt"/>
          <line num="2321" count="0" type="stmt"/>
          <line num="2322" count="0" type="stmt"/>
          <line num="2325" count="0" type="stmt"/>
          <line num="2327" count="0" type="stmt"/>
          <line num="2328" count="0" type="stmt"/>
          <line num="2330" count="0" type="cond" truecount="0" falsecount="2"/>
          <line num="2332" count="0" type="stmt"/>
          <line num="2333" count="0" type="stmt"/>
          <line num="2334" count="0" type="cond" truecount="0" falsecount="2"/>
          <line num="2337" count="0" type="cond" truecount="0" falsecount="2"/>
          <line num="2338" count="0" type="stmt"/>
          <line num="2339" count="0" type="cond" truecount="0" falsecount="2"/>
          <line num="2340" count="0" type="stmt"/>
          <line num="2342" count="0" type="stmt"/>
          <line num="2343" count="0" type="stmt"/>
          <line num="2346" count="0" type="cond" truecount="0" falsecount="2"/>
          <line num="2347" count="0" type="cond" truecount="0" falsecount="2"/>
          <line num="2348" count="0" type="stmt"/>
          <line num="2351" count="0" type="stmt"/>
          <line num="2353" count="0" type="stmt"/>
          <line num="2355" count="0" type="cond" truecount="0" falsecount="4"/>
          <line num="2356" count="0" type="stmt"/>
          <line num="2361" count="0" type="stmt"/>
          <line num="2362" count="0" type="cond" truecount="0" falsecount="2"/>
          <line num="2363" count="0" type="stmt"/>
          <line num="2367" count="0" type="cond" truecount="0" falsecount="5"/>
          <line num="2370" count="0" type="stmt"/>
          <line num="2373" count="0" type="stmt"/>
          <line num="2374" count="0" type="stmt"/>
          <line num="2376" count="0" type="stmt"/>
          <line num="2378" count="0" type="stmt"/>
          <line num="2379" count="0" type="stmt"/>
          <line num="2386" count="0" type="cond" truecount="0" falsecount="2"/>
          <line num="2388" count="0" type="stmt"/>
          <line num="2390" count="0" type="cond" truecount="0" falsecount="2"/>
          <line num="2391" count="0" type="stmt"/>
          <line num="2392" count="0" type="cond" truecount="0" falsecount="2"/>
          <line num="2394" count="0" type="stmt"/>
          <line num="2395" count="0" type="cond" truecount="0" falsecount="4"/>
          <line num="2396" count="0" type="stmt"/>
          <line num="2398" count="0" type="cond" truecount="0" falsecount="4"/>
          <line num="2399" count="0" type="stmt"/>
          <line num="2401" count="0" type="stmt"/>
          <line num="2404" count="0" type="stmt"/>
          <line num="2417" count="0" type="cond" truecount="0" falsecount="2"/>
          <line num="2418" count="0" type="stmt"/>
          <line num="2419" count="0" type="stmt"/>
          <line num="2420" count="0" type="stmt"/>
          <line num="2423" count="0" type="stmt"/>
          <line num="2424" count="0" type="stmt"/>
          <line num="2425" count="0" type="stmt"/>
          <line num="2426" count="0" type="cond" truecount="0" falsecount="2"/>
          <line num="2427" count="0" type="stmt"/>
          <line num="2429" count="0" type="stmt"/>
          <line num="2430" count="0" type="stmt"/>
          <line num="2432" count="0" type="cond" truecount="0" falsecount="2"/>
          <line num="2433" count="0" type="stmt"/>
          <line num="2437" count="0" type="stmt"/>
          <line num="2440" count="0" type="stmt"/>
          <line num="2442" count="0" type="stmt"/>
          <line num="2444" count="0" type="cond" truecount="0" falsecount="4"/>
          <line num="2445" count="0" type="stmt"/>
          <line num="2446" count="0" type="stmt"/>
          <line num="2450" count="0" type="cond" truecount="0" falsecount="2"/>
          <line num="2454" count="0" type="cond" truecount="0" falsecount="2"/>
          <line num="2455" count="0" type="stmt"/>
          <line num="2458" count="0" type="stmt"/>
          <line num="2459" count="0" type="cond" truecount="0" falsecount="2"/>
          <line num="2460" count="0" type="cond" truecount="0" falsecount="2"/>
          <line num="2463" count="0" type="stmt"/>
          <line num="2467" count="0" type="stmt"/>
          <line num="2468" count="0" type="cond" truecount="0" falsecount="2"/>
          <line num="2470" count="0" type="stmt"/>
          <line num="2471" count="0" type="stmt"/>
          <line num="2474" count="0" type="stmt"/>
          <line num="2478" count="0" type="stmt"/>
          <line num="2479" count="0" type="stmt"/>
          <line num="2481" count="0" type="cond" truecount="0" falsecount="2"/>
          <line num="2483" count="0" type="cond" truecount="0" falsecount="5"/>
          <line num="2484" count="0" type="stmt"/>
          <line num="2487" count="0" type="cond" truecount="0" falsecount="2"/>
          <line num="2488" count="0" type="stmt"/>
          <line num="2491" count="0" type="cond" truecount="0" falsecount="2"/>
          <line num="2492" count="0" type="stmt"/>
          <line num="2493" count="0" type="cond" truecount="0" falsecount="2"/>
          <line num="2494" count="0" type="stmt"/>
          <line num="2495" count="0" type="cond" truecount="0" falsecount="2"/>
          <line num="2496" count="0" type="stmt"/>
          <line num="2497" count="0" type="cond" truecount="0" falsecount="2"/>
          <line num="2498" count="0" type="stmt"/>
          <line num="2500" count="0" type="stmt"/>
          <line num="2503" count="0" type="cond" truecount="0" falsecount="2"/>
          <line num="2504" count="0" type="stmt"/>
          <line num="2507" count="0" type="stmt"/>
          <line num="2511" count="0" type="stmt"/>
          <line num="2512" count="0" type="cond" truecount="0" falsecount="2"/>
          <line num="2513" count="0" type="stmt"/>
          <line num="2514" count="0" type="cond" truecount="0" falsecount="2"/>
          <line num="2515" count="0" type="stmt"/>
          <line num="2516" count="0" type="cond" truecount="0" falsecount="2"/>
          <line num="2517" count="0" type="stmt"/>
          <line num="2518" count="0" type="cond" truecount="0" falsecount="2"/>
          <line num="2519" count="0" type="stmt"/>
          <line num="2520" count="0" type="stmt"/>
          <line num="2522" count="0" type="stmt"/>
          <line num="2523" count="0" type="cond" truecount="0" falsecount="4"/>
          <line num="2524" count="0" type="stmt"/>
          <line num="2525" count="0" type="cond" truecount="0" falsecount="2"/>
          <line num="2527" count="0" type="stmt"/>
          <line num="2529" count="0" type="stmt"/>
          <line num="2534" count="0" type="stmt"/>
          <line num="2536" count="0" type="cond" truecount="0" falsecount="4"/>
          <line num="2537" count="0" type="stmt"/>
          <line num="2538" count="0" type="stmt"/>
          <line num="2541" count="0" type="cond" truecount="0" falsecount="6"/>
          <line num="2543" count="0" type="stmt"/>
          <line num="2547" count="0" type="stmt"/>
          <line num="2548" count="0" type="stmt"/>
          <line num="2549" count="0" type="stmt"/>
          <line num="2550" count="0" type="stmt"/>
          <line num="2551" count="0" type="stmt"/>
          <line num="2552" count="0" type="stmt"/>
          <line num="2554" count="0" type="stmt"/>
          <line num="2558" count="0" type="stmt"/>
          <line num="2561" count="0" type="stmt"/>
          <line num="2564" count="0" type="stmt"/>
          <line num="2565" count="0" type="cond" truecount="0" falsecount="4"/>
          <line num="2566" count="0" type="cond" truecount="0" falsecount="2"/>
[...]
          <line num="30750" count="0" type="stmt"/>
          <line num="30751" count="0" type="cond" truecount="0" falsecount="2"/>
          <line num="30752" count="0" type="stmt"/>
          <line num="30756" count="0" type="stmt"/>
          <line num="30758" count="0" type="stmt"/>
          <line num="30765" count="0" type="stmt"/>
          <line num="30766" count="0" type="stmt"/>
          <line num="30767" count="0" type="cond" truecount="0" falsecount="2"/>
          <line num="30769" count="0" type="stmt"/>
          <line num="30770" count="0" type="stmt"/>
          <line num="30772" count="0" type="cond" truecount="0" falsecount="2"/>
          <line num="30773" count="0" type="cond" truecount="0" falsecount="2"/>
          <line num="30774" count="0" type="cond" truecount="0" falsecount="2"/>
          <line num="30777" count="0" type="stmt"/>
          <line num="30778" count="0" type="stmt"/>
          <line num="30779" count="0" type="stmt"/>
          <line num="30780" count="0" type="stmt"/>
          <line num="30781" count="0" type="stmt"/>
          <line num="30782" count="0" type="stmt"/>
          <line num="30783" count="0" type="stmt"/>
          <line num="30784" count="0" type="stmt"/>
          <line num="30787" count="0" type="stmt"/>
          <line num="30788" count="0" type="stmt"/>
          <line num="30789" count="0" type="stmt"/>
          <line num="30790" count="0" type="stmt"/>
          <line num="30791" count="0" type="stmt"/>
          <line num="30792" count="0" type="stmt"/>
          <line num="30794" count="0" type="stmt"/>
          <line num="30795" count="0" type="stmt"/>
          <line num="30799" count="0" type="stmt"/>
          <line num="30804" count="0" type="stmt"/>
          <line num="30808" count="0" type="stmt"/>
          <line num="30811" count="0" type="stmt"/>
          <line num="30814" count="0" type="stmt"/>
          <line num="30816" count="0" type="stmt"/>
          <line num="30817" count="0" type="stmt"/>
          <line num="30820" count="0" type="stmt"/>
          <line num="30821" count="0" type="stmt"/>
          <line num="30824" count="0" type="stmt"/>
          <line num="30825" count="0" type="stmt"/>
          <line num="30828" count="0" type="stmt"/>
          <line num="30829" count="0" type="stmt"/>
          <line num="30830" count="0" type="stmt"/>
          <line num="30831" count="0" type="stmt"/>
          <line num="30833" count="0" type="stmt"/>
          <line num="30834" count="0" type="stmt"/>
          <line num="30835" count="0" type="cond" truecount="0" falsecount="2"/>
          <line num="30836" count="0" type="stmt"/>
          <line num="30837" count="0" type="stmt"/>
          <line num="30839" count="0" type="stmt"/>
          <line num="30840" count="0" type="stmt"/>
          <line num="30841" count="0" type="stmt"/>
          <line num="30844" count="0" type="stmt"/>
          <line num="30846" count="0" type="cond" truecount="0" falsecount="4"/>
          <line num="30847" count="0" type="stmt"/>
          <line num="30854" count="0" type="stmt"/>
          <line num="30856" count="0" type="stmt"/>
          <line num="30857" count="0" type="stmt"/>
          <line num="30858" count="0" type="stmt"/>
          <line num="30860" count="0" type="stmt"/>
          <line num="30861" count="0" type="cond" truecount="0" falsecount="2"/>
          <line num="30862" count="0" type="stmt"/>
          <line num="30863" count="0" type="stmt"/>
          <line num="30865" count="0" type="stmt"/>
          <line num="30866" count="0" type="cond" truecount="0" falsecount="2"/>
          <line num="30870" count="0" type="stmt"/>
          <line num="30871" count="0" type="stmt"/>
          <line num="30872" count="0" type="cond" truecount="0" falsecount="2"/>
          <line num="30873" count="0" type="stmt"/>
          <line num="30875" count="0" type="stmt"/>
          <line num="30876" count="0" type="stmt"/>
          <line num="30877" count="0" type="cond" truecount="0" falsecount="2"/>
          <line num="30878" count="0" type="stmt"/>
          <line num="30883" count="0" type="stmt"/>
          <line num="30884" count="0" type="stmt"/>
          <line num="30886" count="0" type="stmt"/>
          <line num="30887" count="0" type="stmt"/>
          <line num="30890" count="0" type="stmt"/>
          <line num="30891" count="0" type="stmt"/>
          <line num="30893" count="0" type="stmt"/>
          <line num="30894" count="0" type="stmt"/>
          <line num="30898" count="0" type="stmt"/>
          <line num="30899" count="0" type="cond" truecount="0" falsecount="2"/>
          <line num="30900" count="0" type="stmt"/>
          <line num="30901" count="0" type="stmt"/>
          <line num="30902" count="0" type="stmt"/>
          <line num="30904" count="0" type="stmt"/>
          <line num="30907" count="0" type="stmt"/>
          <line num="30908" count="0" type="stmt"/>
          <line num="30910" count="0" type="cond" truecount="0" falsecount="2"/>
          <line num="30911" count="0" type="stmt"/>
          <line num="30912" count="0" type="stmt"/>
          <line num="30913" count="0" type="stmt"/>
          <line num="30914" count="0" type="stmt"/>
          <line num="30915" count="0" type="stmt"/>
          <line num="30917" count="0" type="stmt"/>
          <line num="30920" count="0" type="stmt"/>
          <line num="30921" count="0" type="stmt"/>
          <line num="30922" count="0" type="stmt"/>
          <line num="30925" count="0" type="stmt"/>
          <line num="30926" count="0" type="stmt"/>
          <line num="30927" count="0" type="stmt"/>
          <line num="30928" count="0" type="stmt"/>
          <line num="30929" count="0" type="stmt"/>
          <line num="30932" count="0" type="stmt"/>
          <line num="30935" count="0" type="stmt"/>
          <line num="30936" count="0" type="stmt"/>
          <line num="30937" count="0" type="stmt"/>
          <line num="30938" count="0" type="stmt"/>
          <line num="30939" count="0" type="stmt"/>
          <line num="30941" count="0" type="stmt"/>
          <line num="30943" count="0" type="stmt"/>
          <line num="30947" count="0" type="stmt"/>
          <line num="30950" count="0" type="stmt"/>
          <line num="30951" count="0" type="stmt"/>
          <line num="30952" count="0" type="stmt"/>
          <line num="30953" count="0" type="stmt"/>
          <line num="30955" count="0" type="stmt"/>
          <line num="30956" count="0" type="stmt"/>
          <line num="30957" count="0" type="stmt"/>
          <line num="30965" count="0" type="stmt"/>
          <line num="30966" count="0" type="stmt"/>
          <line num="30967" count="0" type="stmt"/>
          <line num="30971" count="0" type="stmt"/>
          <line num="30974" count="0" type="cond" truecount="0" falsecount="2"/>
          <line num="30975" count="0" type="stmt"/>
          <line num="30978" count="0" type="cond" truecount="0" falsecount="2"/>
          <line num="30979" count="0" type="cond" truecount="0" falsecount="2"/>
          <line num="30982" count="0" type="stmt"/>
          <line num="30983" count="0" type="stmt"/>
          <line num="30986" count="0" type="stmt"/>
          <line num="30991" count="0" type="stmt"/>
          <line num="30992" count="0" type="stmt"/>
          <line num="30995" count="0" type="cond" truecount="0" falsecount="2"/>
          <line num="30996" count="0" type="stmt"/>
          <line num="31000" count="0" type="cond" truecount="0" falsecount="4"/>
          <line num="31001" count="0" type="stmt"/>
          <line num="31002" count="0" type="stmt"/>
          <line num="31003" count="0" type="stmt"/>
          <line num="31004" count="0" type="stmt"/>
          <line num="31008" count="0" type="stmt"/>
          <line num="31010" count="0" type="stmt"/>
          <line num="31011" count="0" type="stmt"/>
          <line num="31012" count="0" type="stmt"/>
          <line num="31015" count="0" type="stmt"/>
          <line num="31016" count="0" type="stmt"/>
          <line num="31017" count="0" type="stmt"/>
          <line num="31020" count="0" type="stmt"/>
          <line num="31021" count="0" type="stmt"/>
          <line num="31022" count="0" type="stmt"/>
          <line num="31025" count="0" type="stmt"/>
          <line num="31026" count="0" type="stmt"/>
          <line num="31035" count="0" type="stmt"/>
          <line num="31037" count="0" type="stmt"/>
          <line num="31039" count="0" type="stmt"/>
          <line num="31040" count="0" type="stmt"/>
          <line num="31041" count="0" type="stmt"/>
          <line num="31042" count="0" type="stmt"/>
          <line num="31044" count="0" type="cond" truecount="0" falsecount="4"/>
          <line num="31045" count="0" type="stmt"/>
          <line num="31046" count="0" type="cond" truecount="0" falsecount="2"/>
          <line num="31047" count="0" type="stmt"/>
          <line num="31048" count="0" type="stmt"/>
          <line num="31052" count="0" type="stmt"/>
          <line num="31056" count="0" type="stmt"/>
          <line num="31057" count="0" type="stmt"/>
          <line num="31058" count="0" type="stmt"/>
          <line num="31059" count="0" type="stmt"/>
          <line num="31061" count="0" type="cond" truecount="0" falsecount="4"/>
          <line num="31062" count="0" type="stmt"/>
          <line num="31063" count="0" type="cond" truecount="0" falsecount="2"/>
          <line num="31064" count="0" type="stmt"/>
          <line num="31065" count="0" type="stmt"/>
          <line num="31069" count="0" type="stmt"/>
          <line num="31075" count="0" type="stmt"/>
          <line num="31078" count="0" type="cond" truecount="0" falsecount="2"/>
          <line num="31079" count="0" type="stmt"/>
          <line num="31082" count="0" type="stmt"/>
          <line num="31086" count="0" type="stmt"/>
          <line num="31090" count="0" type="stmt"/>
          <line num="31092" count="0" type="stmt"/>
          <line num="31093" count="0" type="stmt"/>
          <line num="31095" count="0" type="cond" truecount="0" falsecount="2"/>
          <line num="31098" count="0" type="stmt"/>
          <line num="31103" count="0" type="stmt"/>
          <line num="31104" count="0" type="stmt"/>
          <line num="31109" count="0" type="stmt"/>
          <line num="31113" count="0" type="cond" truecount="0" falsecount="2"/>
          <line num="31114" count="0" type="stmt"/>
          <line num="31115" count="0" type="stmt"/>
          <line num="31120" count="0" type="cond" truecount="0" falsecount="2"/>
          <line num="31121" count="0" type="stmt"/>
          <line num="31122" count="0" type="stmt"/>
          <line num="31130" count="0" type="cond" truecount="0" falsecount="2"/>
          <line num="31131" count="0" type="stmt"/>
          <line num="31133" count="0" type="cond" truecount="0" falsecount="2"/>
          <line num="31134" count="0" type="stmt"/>
          <line num="31135" count="0" type="stmt"/>
          <line num="31136" count="0" type="stmt"/>
          <line num="31139" count="0" type="stmt"/>
          <line num="31145" count="0" type="cond" truecount="0" falsecount="2"/>
          <line num="31146" count="0" type="stmt"/>
          <line num="31147" count="0" type="stmt"/>
          <line num="31149" count="0" type="stmt"/>
          <line num="31150" count="0" type="stmt"/>
          <line num="31160" count="0" type="stmt"/>
          <line num="31161" count="0" type="stmt"/>
          <line num="31166" count="0" type="stmt"/>
          <line num="31167" count="0" type="cond" truecount="0" falsecount="2"/>
          <line num="31172" count="0" type="cond" truecount="0" falsecount="4"/>
          <line num="31173" count="0" type="stmt"/>
          <line num="31174" count="0" type="stmt"/>
          <line num="31175" count="0" type="stmt"/>
          <line num="31178" count="0" type="cond" truecount="0" falsecount="2"/>
          <line num="31180" count="0" type="stmt"/>
          <line num="31184" count="0" type="cond" truecount="0" falsecount="2"/>
          <line num="31185" count="0" type="stmt"/>
          <line num="31188" count="0" type="stmt"/>
          <line num="31190" count="0" type="stmt"/>
          <line num="31191" count="0" type="stmt"/>
          <line num="31195" count="0" type="cond" truecount="0" falsecount="4"/>
          <line num="31196" count="0" type="stmt"/>
          <line num="31199" count="0" type="stmt"/>
          <line num="31209" count="0" type="stmt"/>
          <line num="31218" count="0" type="stmt"/>
          <line num="31219" count="0" type="cond" truecount="0" falsecount="2"/>
          <line num="31220" count="0" type="stmt"/>
          <line num="31221" count="0" type="stmt"/>
          <line num="31223" count="0" type="cond" truecount="0" falsecount="2"/>
          <line num="31224" count="0" type="stmt"/>
          <line num="31227" count="0" type="stmt"/>
          <line num="31230" count="0" type="stmt"/>
          <line num="31233" count="0" type="stmt"/>
          <line num="31236" count="0" type="stmt"/>
          <line num="31238" count="0" type="stmt"/>
          <line num="31246" count="0" type="stmt"/>
          <line num="31252" count="0" type="stmt"/>
          <line num="31258" count="0" type="stmt"/>
          <line num="31264" count="0" type="stmt"/>
          <line num="31270" count="0" type="stmt"/>
          <line num="31276" count="0" type="stmt"/>
          <line num="31282" count="0" type="stmt"/>
          <line num="31288" count="0" type="stmt"/>
          <line num="31294" count="0" type="stmt"/>
        </file>
        <file name="web.bundle.js" path="E:\Code\vue\QuickCal\dist\web.bundle.js">
          <metrics statements="5" coveredstatements="0" conditionals="6860" coveredconditionals="0" methods="2144" coveredmethods="0"/>
          <line num="1" count="0" type="cond" truecount="0" falsecount="3415"/>
          <line num="6" count="0" type="cond" truecount="0" falsecount="2921"/>
          <line num="13" count="0" type="cond" truecount="0" falsecount="157"/>
          <line num="18" count="0" type="cond" truecount="0" falsecount="205"/>
          <line num="23" count="0" type="cond" truecount="0" falsecount="162"/>
        </file>
      </package>
      <package name="QuickCal.models">
        <metrics statements="4" coveredstatements="0" conditionals="0" coveredconditionals="0" methods="0" coveredmethods="0"/>
        <file name="events.js" path="E:\Code\vue\QuickCal\models\events.js">
          <metrics statements="4" coveredstatements="0" conditionals="0" coveredconditionals="0" methods="0" coveredmethods="0"/>
          <line num="1" count="0" type="stmt"/>
          <line num="3" count="0" type="stmt"/>
          <line num="15" count="0" type="stmt"/>
          <line num="16" count="0" type="stmt"/>
        </file>
      </package>
      <package name="QuickCal.scripts">
        <metrics statements="8" coveredstatements="0" conditionals="4" coveredconditionals="0" methods="2" coveredmethods="0"/>
        <file name="webpack-config-output.js" path="E:\Code\vue\QuickCal\scripts\webpack-config-output.js">
          <metrics statements="8" coveredstatements="0" conditionals="4" coveredconditionals="0" methods="2" coveredmethods="0"/>
          <line num="1" count="0" type="stmt"/>
          <line num="2" count="0" type="stmt"/>
          <line num="4" count="0" type="stmt"/>
          <line num="5" count="0" type="cond" truecount="0" falsecount="2"/>
          <line num="6" count="0" type="stmt"/>
          <line num="10" count="0" type="cond" truecount="0" falsecount="2"/>
          <line num="11" count="0" type="stmt"/>
          <line num="13" count="0" type="stmt"/>
        </file>
      </package>
      <package name="QuickCal.src">
        <metrics statements="17" coveredstatements="0" conditionals="0" coveredconditionals="0" methods="3" coveredmethods="0"/>
        <file name="entry.js" path="E:\Code\vue\QuickCal\src\entry.js">
          <metrics statements="9" coveredstatements="0" conditionals="0" coveredconditionals="0" methods="2" coveredmethods="0"/>
          <line num="1" count="0" type="stmt"/>
          <line num="3" count="0" type="stmt"/>
          <line num="6" count="0" type="stmt"/>
          <line num="8" count="0" type="stmt"/>
          <line num="11" count="0" type="stmt"/>
          <line num="17" count="0" type="stmt"/>
          <line num="18" count="0" type="stmt"/>
          <line num="20" count="0" type="stmt"/>
          <line num="29" count="0" type="stmt"/>
        </file>
        <file name="node.entry.js" path="E:\Code\vue\QuickCal\src\node.entry.js">
          <metrics statements="2" coveredstatements="0" conditionals="0" coveredconditionals="0" methods="0" coveredmethods="0"/>
          <line num="1" count="0" type="stmt"/>
          <line num="6" count="0" type="stmt"/>
        </file>
        <file name="web.entry.js" path="E:\Code\vue\QuickCal\src\web.entry.js">
          <metrics statements="6" coveredstatements="0" conditionals="0" coveredconditionals="0" methods="1" coveredmethods="0"/>
          <line num="3" count="0" type="stmt"/>
          <line num="5" count="0" type="stmt"/>
          <line num="8" count="0" type="stmt"/>
          <line num="9" count="0" type="stmt"/>
          <line num="16" count="0" type="stmt"/>
          <line num="19" count="0" type="stmt"/>
        </file>
      </package>
      <package name="QuickCal.src.store">
        <metrics statements="38" coveredstatements="0" conditionals="10" coveredconditionals="0" methods="13" coveredmethods="0"/>
        <file name="index.js" path="E:\Code\vue\QuickCal\src\store\index.js">
          <metrics statements="38" coveredstatements="0" conditionals="10" coveredconditionals="0" methods="13" coveredmethods="0"/>
          <line num="1" count="0" type="stmt"/>
          <line num="2" count="0" type="stmt"/>
          <line num="3" count="0" type="stmt"/>
          <line num="5" count="0" type="stmt"/>
          <line num="8" count="0" type="stmt"/>
          <line num="24" count="0" type="stmt"/>
          <line num="27" count="0" type="stmt"/>
          <line num="30" count="0" type="stmt"/>
          <line num="31" count="0" type="stmt"/>
          <line num="34" count="0" type="stmt"/>
          <line num="37" count="0" type="stmt"/>
          <line num="40" count="0" type="stmt"/>
          <line num="41" count="0" type="stmt"/>
          <line num="42" count="0" type="stmt"/>
          <line num="43" count="0" type="stmt"/>
          <line num="44" count="0" type="cond" truecount="0" falsecount="2"/>
          <line num="45" count="0" type="stmt"/>
          <line num="46" count="0" type="stmt"/>
          <line num="49" count="0" type="stmt"/>
          <line num="50" count="0" type="cond" truecount="0" falsecount="4"/>
          <line num="51" count="0" type="stmt"/>
          <line num="52" count="0" type="stmt"/>
          <line num="56" count="0" type="stmt"/>
          <line num="61" count="0" type="stmt"/>
          <line num="62" count="0" type="stmt"/>
          <line num="67" count="0" type="stmt"/>
          <line num="68" count="0" type="stmt"/>
          <line num="69" count="0" type="cond" truecount="0" falsecount="2"/>
          <line num="70" count="0" type="stmt"/>
          <line num="71" count="0" type="stmt"/>
          <line num="73" count="0" type="stmt"/>
          <line num="79" count="0" type="stmt"/>
          <line num="80" count="0" type="stmt"/>
          <line num="83" count="0" type="stmt"/>
          <line num="84" count="0" type="cond" truecount="0" falsecount="2"/>
          <line num="85" count="0" type="stmt"/>
          <line num="86" count="0" type="stmt"/>
          <line num="88" count="0" type="stmt"/>
        </file>
      </package>
    </metrics>
  </project>
</coverage>
