TN:
SF:E:\Code\vue\QuickCal\server.js
FN:32,(anonymous_0)
FN:35,(anonymous_1)
FN:36,(anonymous_2)
FN:42,(anonymous_3)
FN:43,(anonymous_4)
FN:47,(anonymous_5)
FN:49,(anonymous_6)
FN:66,(anonymous_7)
FN:76,(anonymous_8)
FN:81,(anonymous_9)
FN:103,(anonymous_10)
FN:119,(anonymous_11)
FNF:12
FNH:0
FNDA:0,(anonymous_0)
FNDA:0,(anonymous_1)
FNDA:0,(anonymous_2)
FNDA:0,(anonymous_3)
FNDA:0,(anonymous_4)
FNDA:0,(anonymous_5)
FNDA:0,(anonymous_6)
FNDA:0,(anonymous_7)
FNDA:0,(anonymous_8)
FNDA:0,(anonymous_9)
FNDA:0,(anonymous_10)
FNDA:0,(anonymous_11)
DA:1,0
DA:3,0
DA:4,0
DA:5,0
DA:6,0
DA:7,0
DA:8,0
DA:9,0
DA:10,0
DA:11,0
DA:12,0
DA:14,0
DA:16,0
DA:18,0
DA:19,0
DA:20,0
DA:21,0
DA:26,0
DA:29,0
DA:30,0
DA:32,0
DA:33,0
DA:34,0
DA:36,0
DA:37,0
DA:42,0
DA:43,0
DA:44,0
DA:48,0
DA:49,0
DA:50,0
DA:51,0
DA:53,0
DA:57,0
DA:60,0
DA:65,0
DA:66,0
DA:67,0
DA:72,0
DA:73,0
DA:76,0
DA:77,0
DA:78,0
DA:82,0
DA:83,0
DA:97,0
DA:99,0
DA:100,0
DA:101,0
DA:102,0
DA:103,0
DA:104,0
DA:105,0
DA:106,0
DA:107,0
DA:115,0
DA:119,0
DA:120,0
DA:121,0
DA:122,0
LF:60
LH:0
BRDA:18,0,0,0
BRDA:18,0,1,0
BRDA:43,1,0,0
BRDA:43,1,1,0
BRDA:48,2,0,0
BRDA:48,2,1,0
BRDA:50,3,0,0
BRDA:50,3,1,0
BRDA:82,4,0,0
BRDA:82,4,1,0
BRDA:99,5,0,0
BRDA:99,5,1,0
BRDA:106,6,0,0
BRDA:106,6,1,0
BRDA:116,7,0,0
BRDA:116,7,1,0
BRDA:121,8,0,0
BRDA:121,8,1,0
BRF:18
BRH:0
end_of_record
TN:
SF:E:\Code\vue\QuickCal\webpack-dev-middleware.js
FN:3,(anonymous_0)
FN:6,init
FNF:2
FNH:0
FNDA:0,(anonymous_0)
FNDA:0,init
DA:1,0
DA:2,0
DA:3,0
DA:4,0
DA:6,0
DA:8,0
DA:18,0
LF:7
LH:0
BRF:0
BRH:0
end_of_record
TN:
SF:E:\Code\vue\QuickCal\webpack-server-compiler.js
FN:2,(anonymous_0)
FN:6,init
FN:12,(anonymous_2)
FNF:3
FNH:0
FNDA:0,(anonymous_0)
FNDA:0,init
FNDA:0,(anonymous_2)
DA:1,0
DA:2,0
DA:3,0
DA:4,0
DA:6,0
DA:8,0
DA:9,0
DA:10,0
DA:11,0
DA:12,0
DA:13,0
DA:14,0
DA:16,0
DA:17,0
LF:14
LH:0
BRDA:13,0,0,0
BRDA:13,0,1,0
BRF:2
BRH:0
end_of_record
TN:
SF:E:\Code\vue\QuickCal\webpack.config.js
FN:64,(anonymous_0)
FNF:1
FNH:0
FNDA:0,(anonymous_0)
DA:1,0
DA:3,0
DA:4,0
DA:5,0
DA:6,0
DA:8,0
DA:64,0
DA:65,0
DA:104,0
DA:105,0
DA:107,0
DA:110,0
LF:12
LH:0
BRDA:35,0,0,0
BRDA:35,0,1,0
BRDA:35,1,0,0
BRDA:35,1,1,0
BRDA:69,2,0,0
BRDA:69,2,1,0
BRDA:70,3,0,0
BRDA:70,3,1,0
BRDA:77,4,0,0
BRDA:77,4,1,0
BRDA:85,5,0,0
BRDA:85,5,1,0
BRDA:86,6,0,0
BRDA:86,6,1,0
BRDA:99,7,0,0
BRDA:99,7,1,0
BRDA:100,8,0,0
BRDA:100,8,1,0
BRDA:104,9,0,0
BRDA:104,9,1,0
BRDA:104,10,0,0
BRDA:104,10,1,0
BRF:22
BRH:0
end_of_record
TN:
SF:E:\Code\vue\QuickCal\coverage\lcov-report\prettify.js
FN:1,(anonymous_0)
FN:1,k
FN:1,ab
FN:1,T
FN:1,X
FN:1,(anonymous_5)
FN:1,W
FN:1,(anonymous_7)
FN:1,a
FN:1,aa
FN:1,B
FN:1,o
FN:1,g
FN:1,(anonymous_13)
FN:1,W
FN:1,i
FN:1,Q
FN:1,ae
FN:1,ad
FN:1,ai
FN:1,D
FN:1,c
FN:1,q
FN:1,d
FN:1,y
FN:1,b
FN:1,Y
FN:1,now
FN:1,U
FNF:29
FNH:0
FNDA:0,(anonymous_0)
FNDA:0,k
FNDA:0,ab
FNDA:0,T
FNDA:0,X
FNDA:0,(anonymous_5)
FNDA:0,W
FNDA:0,(anonymous_7)
FNDA:0,a
FNDA:0,aa
FNDA:0,B
FNDA:0,o
FNDA:0,g
FNDA:0,(anonymous_13)
FNDA:0,W
FNDA:0,i
FNDA:0,Q
FNDA:0,ae
FNDA:0,ad
FNDA:0,ai
FNDA:0,D
FNDA:0,c
FNDA:0,q
FNDA:0,d
FNDA:0,y
FNDA:0,b
FNDA:0,Y
FNDA:0,now
FNDA:0,U
DA:1,0
LF:1
LH:0
BRDA:1,0,0,0
BRDA:1,0,1,0
BRDA:1,1,0,0
BRDA:1,1,1,0
BRDA:1,2,0,0
BRDA:1,2,1,0
BRDA:1,3,0,0
BRDA:1,3,1,0
BRDA:1,4,0,0
BRDA:1,4,1,0
BRDA:1,5,0,0
BRDA:1,5,1,0
BRDA:1,6,0,0
BRDA:1,6,1,0
BRDA:1,7,0,0
BRDA:1,7,1,0
BRDA:1,8,0,0
BRDA:1,8,1,0
BRDA:1,9,0,0
BRDA:1,9,1,0
BRDA:1,10,0,0
BRDA:1,10,1,0
BRDA:1,11,0,0
BRDA:1,11,1,0
BRDA:1,11,2,0
BRDA:1,11,3,0
BRDA:1,12,0,0
BRDA:1,12,1,0
BRDA:1,13,0,0
BRDA:1,13,1,0
BRDA:1,14,0,0
BRDA:1,14,1,0
BRDA:1,15,0,0
BRDA:1,15,1,0
BRDA:1,16,0,0
BRDA:1,16,1,0
BRDA:1,17,0,0
BRDA:1,17,1,0
BRDA:1,18,0,0
BRDA:1,18,1,0
BRDA:1,19,0,0
BRDA:1,19,1,0
BRDA:1,20,0,0
BRDA:1,20,1,0
BRDA:1,21,0,0
BRDA:1,21,1,0
BRDA:1,22,0,0
BRDA:1,22,1,0
BRDA:1,23,0,0
BRDA:1,23,1,0
BRDA:1,24,0,0
BRDA:1,24,1,0
BRDA:1,25,0,0
BRDA:1,25,1,0
BRDA:1,26,0,0
BRDA:1,26,1,0
BRDA:1,27,0,0
BRDA:1,27,1,0
BRDA:1,28,0,0
BRDA:1,28,1,0
BRDA:1,29,0,0
BRDA:1,29,1,0
BRDA:1,30,0,0
BRDA:1,30,1,0
BRDA:1,31,0,0
BRDA:1,31,1,0
BRDA:1,32,0,0
BRDA:1,32,1,0
BRDA:1,33,0,0
BRDA:1,33,1,0
BRDA:1,34,0,0
BRDA:1,34,1,0
BRDA:1,35,0,0
BRDA:1,35,1,0
BRDA:1,36,0,0
BRDA:1,36,1,0
BRDA:1,37,0,0
BRDA:1,37,1,0
BRDA:1,38,0,0
BRDA:1,38,1,0
BRDA:1,39,0,0
BRDA:1,39,1,0
BRDA:1,40,0,0
BRDA:1,40,1,0
BRDA:1,41,0,0
BRDA:1,41,1,0
BRDA:1,42,0,0
BRDA:1,42,1,0
BRDA:1,43,0,0
BRDA:1,43,1,0
BRDA:1,44,0,0
BRDA:1,44,1,0
BRDA:1,45,0,0
BRDA:1,45,1,0
BRDA:1,46,0,0
BRDA:1,46,1,0
BRDA:1,47,0,0
BRDA:1,47,1,0
BRDA:1,48,0,0
BRDA:1,48,1,0
BRDA:1,49,0,0
BRDA:1,49,1,0
BRDA:1,49,2,0
BRDA:1,50,0,0
BRDA:1,50,1,0
BRDA:1,51,0,0
BRDA:1,51,1,0
BRDA:1,52,0,0
BRDA:1,52,1,0
BRDA:1,53,0,0
BRDA:1,53,1,0
BRDA:1,54,0,0
BRDA:1,54,1,0
BRDA:1,55,0,0
BRDA:1,55,1,0
BRDA:1,56,0,0
BRDA:1,56,1,0
BRDA:1,57,0,0
BRDA:1,57,1,0
BRDA:1,58,0,0
BRDA:1,58,1,0
BRDA:1,59,0,0
BRDA:1,59,1,0
BRDA:1,60,0,0
BRDA:1,60,1,0
BRDA:1,61,0,0
BRDA:1,61,1,0
BRDA:1,62,0,0
BRDA:1,62,1,0
BRDA:1,63,0,0
BRDA:1,63,1,0
BRDA:1,64,0,0
BRDA:1,64,1,0
BRDA:1,65,0,0
BRDA:1,65,1,0
BRDA:1,66,0,0
BRDA:1,66,1,0
BRDA:1,67,0,0
BRDA:1,67,1,0
BRDA:1,68,0,0
BRDA:1,68,1,0
BRDA:1,69,0,0
BRDA:1,69,1,0
BRDA:1,70,0,0
BRDA:1,70,1,0
BRDA:1,71,0,0
BRDA:1,71,1,0
BRDA:1,72,0,0
BRDA:1,72,1,0
BRDA:1,73,0,0
BRDA:1,73,1,0
BRDA:1,74,0,0
BRDA:1,74,1,0
BRDA:1,75,0,0
BRDA:1,75,1,0
BRDA:1,76,0,0
BRDA:1,76,1,0
BRDA:1,77,0,0
BRDA:1,77,1,0
BRDA:1,78,0,0
BRDA:1,78,1,0
BRDA:1,79,0,0
BRDA:1,79,1,0
BRDA:1,80,0,0
BRDA:1,80,1,0
BRDA:1,81,0,0
BRDA:1,81,1,0
BRDA:1,82,0,0
BRDA:1,82,1,0
BRDA:1,83,0,0
BRDA:1,83,1,0
BRDA:1,84,0,0
BRDA:1,84,1,0
BRDA:1,85,0,0
BRDA:1,85,1,0
BRDA:1,86,0,0
BRDA:1,86,1,0
BRDA:1,87,0,0
BRDA:1,87,1,0
BRDA:1,88,0,0
BRDA:1,88,1,0
BRDA:1,88,2,0
BRDA:1,89,0,0
BRDA:1,89,1,0
BRDA:1,90,0,0
BRDA:1,90,1,0
BRDA:1,91,0,0
BRDA:1,91,1,0
BRDA:1,92,0,0
BRDA:1,92,1,0
BRDA:1,93,0,0
BRDA:1,93,1,0
BRDA:1,94,0,0
BRDA:1,94,1,0
BRDA:1,95,0,0
BRDA:1,95,1,0
BRDA:1,96,0,0
BRDA:1,96,1,0
BRDA:1,97,0,0
BRDA:1,97,1,0
BRDA:1,98,0,0
BRDA:1,98,1,0
BRDA:1,99,0,0
BRDA:1,99,1,0
BRDA:1,100,0,0
BRDA:1,100,1,0
BRDA:1,101,0,0
BRDA:1,101,1,0
BRDA:1,102,0,0
BRDA:1,102,1,0
BRDA:1,103,0,0
BRDA:1,103,1,0
BRDA:1,104,0,0
BRDA:1,104,1,0
BRDA:1,105,0,0
BRDA:1,105,1,0
BRDA:1,106,0,0
BRDA:1,106,1,0
BRDA:1,107,0,0
BRDA:1,107,1,0
BRDA:1,108,0,0
BRDA:1,108,1,0
BRDA:1,109,0,0
BRDA:1,109,1,0
BRDA:1,110,0,0
BRDA:1,110,1,0
BRDA:1,111,0,0
BRDA:1,111,1,0
BRDA:1,112,0,0
BRDA:1,112,1,0
BRDA:1,113,0,0
BRDA:1,113,1,0
BRDA:1,114,0,0
BRDA:1,114,1,0
BRDA:1,115,0,0
BRDA:1,115,1,0
BRDA:1,116,0,0
BRDA:1,116,1,0
BRDA:1,117,0,0
BRDA:1,117,1,0
BRDA:1,118,0,0
BRDA:1,118,1,0
BRDA:1,119,0,0
BRDA:1,119,1,0
BRDA:1,120,0,0
BRDA:1,120,1,0
BRDA:1,121,0,0
BRDA:1,121,1,0
BRDA:1,122,0,0
BRDA:1,122,1,0
BRDA:1,123,0,0
BRDA:1,123,1,0
BRDA:1,124,0,0
BRDA:1,124,1,0
BRDA:1,125,0,0
BRDA:1,125,1,0
BRDA:1,126,0,0
BRDA:1,126,1,0
BRDA:1,127,0,0
BRDA:1,127,1,0
BRDA:1,127,2,0
BRDA:1,128,0,0
BRDA:1,128,1,0
BRDA:1,129,0,0
BRDA:1,129,1,0
BRDA:1,130,0,0
BRDA:1,130,1,0
BRDA:1,130,2,0
BRDA:1,130,3,0
BRDA:1,130,4,0
BRDA:1,131,0,0
BRDA:1,131,1,0
BRDA:1,132,0,0
BRDA:1,132,1,0
BRDA:1,133,0,0
BRDA:1,133,1,0
BRDA:1,134,0,0
BRDA:1,134,1,0
BRDA:1,135,0,0
BRDA:1,135,1,0
BRDA:1,136,0,0
BRDA:1,136,1,0
BRDA:1,137,0,0
BRDA:1,137,1,0
BRF:284
BRH:0
end_of_record
TN:
SF:E:\Code\vue\QuickCal\coverage\lcov-report\sorter.js
FN:1,(anonymous_0)
FN:10,getTable
FN:12,getTableHeader
FN:14,getTableBody
FN:16,getNthColumn
FN:19,loadColumns
FN:43,loadRowData
FN:62,loadData
FN:71,sortByIndex
FN:73,sorter
FN:85,finalSorter
FN:102,removeSortIndicators
FN:110,addSortIndicators
FN:114,enableUI
FN:117,ithSorter
FN:120,(anonymous_15)
FN:147,(anonymous_16)
FNF:17
FNH:0
FNDA:0,(anonymous_0)
FNDA:0,getTable
FNDA:0,getTableHeader
FNDA:0,getTableBody
FNDA:0,getNthColumn
FNDA:0,loadColumns
FNDA:0,loadRowData
FNDA:0,loadData
FNDA:0,sortByIndex
FNDA:0,sorter
FNDA:0,finalSorter
FNDA:0,removeSortIndicators
FNDA:0,addSortIndicators
FNDA:0,enableUI
FNDA:0,ithSorter
FNDA:0,(anonymous_15)
FNDA:0,(anonymous_16)
DA:1,0
DA:4,0
DA:10,0
DA:12,0
DA:14,0
DA:16,0
DA:20,0
DA:22,0
DA:26,0
DA:27,0
DA:28,0
DA:33,0
DA:34,0
DA:35,0
DA:36,0
DA:39,0
DA:44,0
DA:47,0
DA:50,0
DA:51,0
DA:52,0
DA:53,0
DA:54,0
DA:55,0
DA:57,0
DA:59,0
DA:63,0
DA:66,0
DA:67,0
DA:72,0
DA:73,0
DA:74,0
DA:75,0
DA:76,0
DA:78,0
DA:79,0
DA:80,0
DA:81,0
DA:84,0
DA:85,0
DA:86,0
DA:90,0
DA:91,0
DA:92,0
DA:95,0
DA:97,0
DA:98,0
DA:103,0
DA:104,0
DA:106,0
DA:107,0
DA:111,0
DA:117,0
DA:118,0
DA:120,0
DA:121,0
DA:123,0
DA:124,0
DA:126,0
DA:127,0
DA:128,0
DA:129,0
DA:130,0
DA:133,0
DA:134,0
DA:137,0
DA:138,0
DA:139,0
DA:141,0
DA:147,0
DA:148,0
DA:149,0
DA:151,0
DA:152,0
DA:153,0
DA:154,0
DA:158,0
LF:77
LH:0
BRDA:31,0,0,0
BRDA:31,0,1,0
BRDA:34,1,0,0
BRDA:34,1,1,0
BRDA:54,2,0,0
BRDA:54,2,1,0
BRDA:76,3,0,0
BRDA:76,3,1,0
BRDA:76,4,0,0
BRDA:76,4,1,0
BRDA:84,5,0,0
BRDA:84,5,1,0
BRDA:111,6,0,0
BRDA:111,6,1,0
BRDA:123,7,0,0
BRDA:123,7,1,0
BRDA:134,8,0,0
BRDA:134,8,1,0
BRDA:138,9,0,0
BRDA:138,9,1,0
BRDA:148,10,0,0
BRDA:148,10,1,0
BRF:22
BRH:0
end_of_record
TN:
SF:E:\Code\vue\QuickCal\dist\node.bundle.js
FN:2,(anonymous_2)
FN:7,__webpack_require__
FN:38,(anonymous_4)
FN:41,(anonymous_5)
FN:52,(anonymous_6)
FN:54,getDefault
FN:55,getModuleExports
FN:61,(anonymous_9)
FN:72,(anonymous_10)
FN:74,(anonymous_11)
FN:80,(anonymous_12)
FN:84,(anonymous_13)
FN:88,hooks
FN:94,setHookCallback
FN:98,isArray
FN:102,isObject
FN:108,isObjectEmpty
FN:117,isNumber
FN:121,isDate
FN:125,map
FN:133,hasOwnProp
FN:137,extend
FN:155,createUTC
FN:159,defaultParsingFlags
FN:177,getParsingFlags
FN:188,some
FN:204,isValid
FN:207,(anonymous_29)
FN:237,createInvalid
FN:249,isUndefined
FN:257,copyConfig
FN:307,Moment
FN:322,isMoment
FN:326,absFloor
FN:335,toInt
FN:347,compareArrays
FN:361,warn
FN:368,deprecate
FN:371,(anonymous_40)
FN:400,deprecateSimple
FN:413,isFunction
FN:417,set
FN:433,mergeConfigs
FN:459,Locale
FN:470,keys
FN:492,calendar
FN:506,longDateFormat
FN:514,(anonymous_49)
FN:523,invalidDate
FN:530,ordinal
FN:550,relativeTime
FN:557,pastFuture
FN:564,addUnitAlias
FN:569,normalizeUnits
FN:573,normalizeObjectUnits
FN:592,addUnitPriority
FN:596,getPrioritizedUnits
FN:601,(anonymous_59)
FN:607,makeGetSet
FN:608,(anonymous_61)
FN:619,get
FN:624,set$1
FN:632,stringGet
FN:641,stringSet
FN:657,zeroFill
FN:677,addFormatToken
FN:680,func
FN:688,(anonymous_69)
FN:693,(anonymous_70)
FN:699,removeFormattingTokens
FN:706,makeFormatFunction
FN:717,(anonymous_73)
FN:727,formatMoment
FN:738,expandFormat
FN:741,replaceLongDateFormatTokens
FN:782,addRegexToken
FN:783,(anonymous_78)
FN:788,getParseRegexForToken
FN:797,unescapeFormat
FN:798,(anonymous_81)
FN:803,regexEscape
FN:809,addParseToken
FN:815,func
FN:824,addWeekParseToken
FN:825,(anonymous_86)
FN:831,addTimeToArrayFromToken
FN:852,indexOf
FN:866,daysInMonth
FN:872,(anonymous_90)
FN:876,(anonymous_91)
FN:880,(anonymous_92)
FN:896,(anonymous_93)
FN:899,(anonymous_94)
FN:903,(anonymous_95)
FN:907,(anonymous_96)
FN:921,localeMonths
FN:930,localeMonthsShort
FN:938,handleStrictParse
FN:979,localeMonthsParse
FN:1019,setMonth
FN:1044,getSetMonth
FN:1054,getDaysInMonth
FN:1059,monthsShortRegex
FN:1079,monthsRegex
FN:1098,computeMonthsParse
FN:1099,cmpLenRev
FN:1134,(anonymous_108)
FN:1139,(anonymous_109)
FN:1164,(anonymous_110)
FN:1167,(anonymous_111)
FN:1170,(anonymous_112)
FN:1176,daysInYear
FN:1180,isLeapYear
FN:1186,(anonymous_115)
FN:1194,getIsLeapYear
FN:1198,createDate
FN:1210,createUTCDate
FN:1221,firstWeekOffset
FN:1231,dayOfYearFromWeeks
FN:1254,weekOfYear
FN:1276,weeksInYear
FN:1304,(anonymous_123)
FN:1312,localeWeek
FN:1321,localeFirstDayOfWeek
FN:1325,localeFirstDayOfYear
FN:1331,getSetWeek
FN:1336,getSetISOWeek
FN:1345,(anonymous_129)
FN:1349,(anonymous_130)
FN:1353,(anonymous_131)
FN:1376,(anonymous_132)
FN:1379,(anonymous_133)
FN:1382,(anonymous_134)
FN:1386,(anonymous_135)
FN:1396,(anonymous_136)
FN:1402,parseWeekday
FN:1419,parseIsoWeekday
FN:1429,localeWeekdays
FN:1438,localeWeekdaysShort
FN:1443,localeWeekdaysMin
FN:1447,handleStrictParse$1
FN:1511,localeWeekdaysParse
FN:1553,getSetDayOfWeek
FN:1566,getSetLocaleDayOfWeek
FN:1574,getSetISODayOfWeek
FN:1592,weekdaysRegex
FN:1612,weekdaysShortRegex
FN:1632,weekdaysMinRegex
FN:1652,computeWeekdaysParse
FN:1653,cmpLenRev
FN:1695,hFormat
FN:1699,kFormat
FN:1707,(anonymous_154)
FN:1711,(anonymous_155)
FN:1716,(anonymous_156)
FN:1720,(anonymous_157)
FN:1725,meridiem
FN:1726,(anonymous_159)
FN:1743,matchMeridiem
FN:1760,(anonymous_161)
FN:1764,(anonymous_162)
FN:1768,(anonymous_163)
FN:1774,(anonymous_164)
FN:1782,(anonymous_165)
FN:1787,(anonymous_166)
FN:1797,localeIsPM
FN:1804,localeMeridiem
FN:1850,normalizeLocale
FN:1857,chooseLocale
FN:1881,loadLocale
FN:1900,getSetGlobalLocale
FN:1919,defineLocale
FN:1947,(anonymous_174)
FN:1966,updateLocale
FN:1994,getLocale
FN:2017,listLocales
FN:2021,checkOverflow
FN:2089,configFromISO
FN:2142,configFromString
FN:2162,(anonymous_181)
FN:2168,defaults
FN:2178,currentDateArray
FN:2191,configFromArray
FN:2253,dayOfYearFromWeekInfo
FN:2311,(anonymous_186)
FN:2314,configFromStringAndFormat
FN:2383,meridiemFixWrap
FN:2409,configFromStringAndArray
FN:2453,configFromObject
FN:2459,(anonymous_191)
FN:2466,createFromConfig
FN:2477,prepareConfig
FN:2510,configFromInput
FN:2519,(anonymous_195)
FN:2533,createLocalOrUTC
FN:2557,createLocal
FN:2563,(anonymous_198)
FN:2575,(anonymous_199)
FN:2590,pickBy
FN:2608,min
FN:2614,max
FN:2620,now
FN:2624,Duration
FN:2659,isDuration
FN:2663,absRound
FN:2673,offset
FN:2674,(anonymous_208)
FN:2692,(anonymous_209)
FN:2704,offsetFromString
FN:2721,cloneWithOffset
FN:2735,getDateOffset
FN:2745,(anonymous_213)
FN:2759,getSetOffset
FN:2797,getSetZone
FN:2811,setOffsetToUTC
FN:2815,setOffsetToLocal
FN:2827,setOffsetToParsedOffset
FN:2842,hasAlignedHourOffset
FN:2851,isDaylightSavingTime
FN:2858,isDaylightSavingTimeShifted
FN:2879,isLocal
FN:2883,isUtcOffset
FN:2887,isUtc
FN:2899,createDuration
FN:2962,parseIso
FN:2971,positiveMomentsDifference
FN:2985,momentsDifference
FN:3004,createAdder
FN:3005,(anonymous_230)
FN:3021,addSubtract
FN:3050,getCalendarFormat
FN:3060,calendar$1
FN:3072,clone
FN:3076,isAfter
FN:3089,isBefore
FN:3102,isBetween
FN:3108,isSame
FN:3123,isSameOrAfter
FN:3127,isSameOrBefore
FN:3131,diff
FN:3169,monthDiff
FN:3193,toString
FN:3197,toISOString
FN:3217,inspect
FN:3235,format
FN:3243,from
FN:3253,fromNow
FN:3257,to
FN:3267,toNow
FN:3274,locale
FN:3290,(anonymous_252)
FN:3299,localeData
FN:3303,startOf
FN:3347,endOf
FN:3361,valueOf
FN:3365,unix
FN:3369,toDate
FN:3373,toArray
FN:3378,toObject
FN:3391,toJSON
FN:3396,isValid$1
FN:3400,parsingFlags
FN:3404,invalidAt
FN:3408,creationData
FN:3420,(anonymous_266)
FN:3424,(anonymous_267)
FN:3428,addWeekYearFormatToken
FN:3459,(anonymous_269)
FN:3463,(anonymous_270)
FN:3469,getSetWeekYear
FN:3478,getSetISOWeekYear
FN:3483,getISOWeeksInYear
FN:3487,getWeeksInYear
FN:3492,getSetWeekYearHelper
FN:3505,setWeekAll
FN:3530,(anonymous_277)
FN:3536,getSetQuarter
FN:3555,(anonymous_279)
FN:3560,(anonymous_280)
FN:3583,(anonymous_281)
FN:3591,getSetDayOfYear
FN:3642,(anonymous_283)
FN:3646,(anonymous_284)
FN:3651,(anonymous_285)
FN:3654,(anonymous_286)
FN:3657,(anonymous_287)
FN:3660,(anonymous_288)
FN:3663,(anonymous_289)
FN:3666,(anonymous_290)
FN:3690,parseMs
FN:3708,getZoneAbbr
FN:3712,getZoneName
FN:3820,createUnix
FN:3824,createInZone
FN:3828,preParsePostFormat
FN:3870,get$1
FN:3876,listMonthsImpl
FN:3904,listWeekdaysImpl
FN:3940,listMonths
FN:3944,listMonthsShort
FN:3948,listWeekdays
FN:3952,listWeekdaysShort
FN:3956,listWeekdaysMin
FN:3962,ordinal
FN:3978,abs
FN:3995,addSubtract$1
FN:4006,add$1
FN:4011,subtract$1
FN:4015,absCeil
FN:4023,bubble
FN:4070,daysToMonths
FN:4076,monthsToDays
FN:4081,as
FN:4109,valueOf$1
FN:4118,makeAs
FN:4119,(anonymous_317)
FN:4133,get$2
FN:4138,makeGetter
FN:4139,(anonymous_320)
FN:4152,weeks
FN:4166,substituteTimeAgo
FN:4170,relativeTime$1
FN:4197,getSetRelativeTimeRounding
FN:4209,getSetRelativeTimeThreshold
FN:4220,humanize
FN:4233,toISOString$1
FN:4330,(anonymous_328)
FN:4333,(anonymous_329)
FN:4380,(anonymous_330)
FN:4399,isArray
FN:4409,isArrayBuffer
FN:4419,isFormData
FN:4429,isArrayBufferView
FN:4445,isString
FN:4455,isNumber
FN:4465,isUndefined
FN:4475,isObject
FN:4485,isDate
FN:4495,isFile
FN:4505,isBlob
FN:4515,isFunction
FN:4525,isStream
FN:4535,isURLSearchParams
FN:4545,trim
FN:4562,isStandardBrowserEnv
FN:4582,forEach
FN:4626,merge
FN:4628,assignValue
FN:4650,extend
FN:4651,assignValue
FN:4686,(anonymous_352)
FN:4698,(anonymous_353)
FN:4705,(anonymous_354)
FN:4715,(anonymous_355)
FN:4723,(anonymous_356)
FN:4726,(anonymous_357)
FN:4734,(anonymous_358)
FN:4738,(anonymous_359)
FN:4740,(anonymous_360)
FN:4748,(anonymous_361)
FN:4751,(anonymous_362)
FN:4752,get
FN:4758,(anonymous_364)
FN:4767,$export
FN:4790,(anonymous_366)
FN:4791,F
FN:4826,(anonymous_368)
FN:4828,(anonymous_369)
FN:4835,(anonymous_370)
FN:4842,(anonymous_371)
FN:4844,(anonymous_372)
FN:4852,(anonymous_373)
FN:4856,(anonymous_374)
FN:4863,(anonymous_375)
FN:4867,(anonymous_376)
FN:4871,(anonymous_377)
FN:4874,(anonymous_378)
FN:4877,(anonymous_379)
FN:4881,(anonymous_380)
FN:4889,(anonymous_381)
FN:4892,(anonymous_382)
FN:4899,(anonymous_383)
FN:4906,defineProperty
FN:4921,(anonymous_385)
FN:4937,createError
FN:4945,(anonymous_387)
FN:4958,setContentTypeIfUnset
FN:4964,getDefaultAdapter
FN:4979,transformRequest
FN:5003,transformResponse
FN:5021,validateStatus
FN:5032,forEachMehtodNoData
FN:5036,forEachMethodWithData
FN:5045,(anonymous_395)
FN:5048,(anonymous_396)
FN:5056,(anonymous_397)
FN:5062,(anonymous_398)
FN:5069,(anonymous_399)
FN:5071,(anonymous_400)
FN:5082,(anonymous_401)
FN:5089,(anonymous_402)
FN:5096,PromiseCapability
FN:5098,(anonymous_404)
FN:5107,(anonymous_405)
FN:5114,(anonymous_406)
FN:5120,(anonymous_407)
FN:5127,(anonymous_408)
FN:5131,(anonymous_409)
FN:5138,(anonymous_410)
FN:5143,(anonymous_411)
FN:5150,(anonymous_412)
FN:5155,(anonymous_413)
FN:5162,(anonymous_414)
FN:5173,Cancel
FN:5177,toString
FN:5188,(anonymous_417)
FN:5193,isCancel
FN:5200,(anonymous_419)
FN:5214,enhanceError
FN:5226,(anonymous_421)
FN:5240,settle
FN:5258,(anonymous_423)
FN:5263,bind
FN:5264,wrap
FN:5276,(anonymous_426)
FN:5283,encode
FN:5301,buildURL
FN:5315,serialize
FN:5328,parseValue
FN:5351,(anonymous_431)
FN:5357,(anonymous_432)
FN:5360,tryGet
FN:5366,(anonymous_434)
FN:5380,(anonymous_435)
FN:5390,(anonymous_436)
FN:5398,(anonymous_437)
FN:5403,(anonymous_438)
FN:5410,(anonymous_439)
FN:5428,returnThis
FN:5430,(anonymous_441)
FN:5432,getMethod
FN:5435,keys
FN:5436,values
FN:5437,entries
FN:5461,values
FN:5486,(anonymous_447)
FN:5492,keys
FN:5499,(anonymous_449)
FN:5501,(anonymous_450)
FN:5512,(anonymous_451)
FN:5518,(anonymous_452)
FN:5530,(anonymous_453)
FN:5532,(anonymous_454)
FN:5544,(anonymous_455)
FN:5551,(anonymous_456)
FN:5562,(anonymous_457)
FN:5568,(anonymous_458)
FN:5577,(anonymous_459)
FN:5593,run
FN:5602,listener
FN:5607,setImmediate
FN:5611,(anonymous_463)
FN:5618,clearImmediate
FN:5623,defer
FN:5628,defer
FN:5640,defer
FN:5646,defer
FN:5647,(anonymous_469)
FN:5654,defer
FN:5667,(anonymous_471)
FN:5672,(anonymous_472)
FN:5679,(anonymous_473)
FN:5683,(anonymous_474)
FN:5690,(anonymous_475)
FN:5694,(anonymous_476)
FN:5701,(anonymous_477)
FN:5723,(anonymous_478)
FN:5724,(anonymous_479)
FN:5730,RedirectableRequest
FN:5743,(anonymous_481)
FN:5753,(anonymous_482)
FN:5782,(anonymous_483)
FN:5825,(anonymous_484)
FN:5830,(anonymous_485)
FN:5835,(anonymous_486)
FN:5840,(anonymous_487)
FN:5845,(anonymous_488)
FN:5850,(anonymous_489)
FN:5855,(anonymous_490)
FN:5860,(anonymous_491)
FN:5866,(anonymous_492)
FN:5883,(anonymous_493)
FN:5893,(anonymous_494)
FN:5901,(anonymous_495)
FN:5907,(anonymous_496)
FN:5911,(anonymous_497)
FN:5921,isPM
FN:5924,meridiem
FN:5963,ordinal
FN:5979,(anonymous_501)
FN:5985,(anonymous_502)
FN:5989,(anonymous_503)
FN:6043,(anonymous_504)
FN:6049,(anonymous_505)
FN:6053,(anonymous_506)
FN:6068,pluralForm
FN:6079,pluralize
FN:6080,(anonymous_509)
FN:6120,isPM
FN:6123,meridiem
FN:6153,preparse
FN:6156,postformat
FN:6157,(anonymous_514)
FN:6174,(anonymous_515)
FN:6181,(anonymous_516)
FN:6185,(anonymous_517)
FN:6239,(anonymous_518)
FN:6245,(anonymous_519)
FN:6249,(anonymous_520)
FN:6293,isPM
FN:6296,meridiem
FN:6326,preparse
FN:6327,(anonymous_524)
FN:6331,postformat
FN:6332,(anonymous_526)
FN:6349,(anonymous_527)
FN:6355,(anonymous_528)
FN:6359,(anonymous_529)
FN:6413,(anonymous_530)
FN:6421,(anonymous_531)
FN:6425,(anonymous_532)
FN:6452,pluralForm
FN:6463,pluralize
FN:6464,(anonymous_535)
FN:6504,isPM
FN:6507,meridiem
FN:6537,preparse
FN:6538,(anonymous_539)
FN:6542,postformat
FN:6543,(anonymous_541)
FN:6560,(anonymous_542)
FN:6566,(anonymous_543)
FN:6570,(anonymous_544)
FN:6633,isPM
FN:6636,meridiem
FN:6648,ordinal
FN:6670,(anonymous_548)
FN:6678,(anonymous_549)
FN:6682,(anonymous_550)
FN:6685,plural
FN:6689,relativeTimeWithPlural
FN:6733,nextWeek
FN:6736,lastWeek
FN:6767,isPM
FN:6770,meridiem
FN:6782,ordinal
FN:6809,(anonymous_558)
FN:6815,(anonymous_559)
FN:6819,(anonymous_560)
FN:6841,lastWeek
FN:6872,ordinal
FN:6904,(anonymous_563)
FN:6910,(anonymous_564)
FN:6914,(anonymous_565)
FN:6979,preparse
FN:6980,(anonymous_567)
FN:6984,postformat
FN:6985,(anonymous_569)
FN:6990,meridiemHour
FN:7002,meridiem
FN:7028,(anonymous_572)
FN:7034,(anonymous_573)
FN:7038,(anonymous_574)
FN:7103,preparse
FN:7104,(anonymous_576)
FN:7108,postformat
FN:7109,(anonymous_578)
FN:7114,meridiemHour
FN:7126,meridiem
FN:7152,(anonymous_581)
FN:7158,(anonymous_582)
FN:7162,(anonymous_583)
FN:7165,relativeTimeWithMutation
FN:7173,specialMutationForYears
FN:7185,lastNumber
FN:7191,mutation
FN:7197,softMutation
FN:7248,ordinal
FN:7265,(anonymous_590)
FN:7272,(anonymous_591)
FN:7276,(anonymous_592)
FN:7279,translate
FN:7351,nextWeek
FN:7367,lastWeek
FN:7413,(anonymous_596)
FN:7419,(anonymous_597)
FN:7423,(anonymous_598)
FN:7443,sameDay
FN:7446,nextDay
FN:7449,nextWeek
FN:7452,lastDay
FN:7455,lastWeek
FN:7476,ordinal
FN:7499,(anonymous_605)
FN:7505,(anonymous_606)
FN:7509,(anonymous_607)
FN:7514,plural
FN:7517,translate
FN:7573,(anonymous_610)
FN:7581,(anonymous_611)
FN:7588,(anonymous_612)
FN:7610,nextWeek
FN:7628,lastWeek
FN:7676,(anonymous_615)
FN:7682,(anonymous_616)
FN:7686,(anonymous_617)
FN:7712,future
FN:7744,(anonymous_619)
FN:7751,(anonymous_620)
FN:7755,(anonymous_621)
FN:7799,ordinal
FN:7830,(anonymous_623)
FN:7836,(anonymous_624)
FN:7840,(anonymous_625)
FN:7895,(anonymous_626)
FN:7904,(anonymous_627)
FN:7908,(anonymous_628)
FN:7911,processRelativeTime
FN:7979,(anonymous_630)
FN:7987,(anonymous_631)
FN:7991,(anonymous_632)
FN:7994,processRelativeTime
FN:8062,(anonymous_634)
FN:8068,(anonymous_635)
FN:8072,(anonymous_636)
FN:8115,isPM
FN:8118,meridiem
FN:8148,preparse
FN:8151,postformat
FN:8167,(anonymous_641)
FN:8173,(anonymous_642)
FN:8177,(anonymous_643)
FN:8179,isFunction
FN:8187,months
FN:8198,meridiem
FN:8205,isPM
FN:8222,lastWeek
FN:8232,calendar
FN:8270,(anonymous_650)
FN:8276,(anonymous_651)
FN:8280,(anonymous_652)
FN:8321,ordinal
FN:8342,(anonymous_654)
FN:8348,(anonymous_655)
FN:8352,(anonymous_656)
FN:8393,ordinal
FN:8410,(anonymous_658)
FN:8416,(anonymous_659)
FN:8420,(anonymous_660)
FN:8461,ordinal
FN:8482,(anonymous_662)
FN:8488,(anonymous_663)
FN:8492,(anonymous_664)
FN:8533,ordinal
FN:8554,(anonymous_666)
FN:8560,(anonymous_667)
FN:8564,(anonymous_668)
FN:8605,ordinal
FN:8626,(anonymous_670)
FN:8634,(anonymous_671)
FN:8638,(anonymous_672)
FN:8656,isPM
FN:8659,meridiem
FN:8704,(anonymous_675)
FN:8709,(anonymous_676)
FN:8713,(anonymous_677)
FN:8721,monthsShort
FN:8742,sameDay
FN:8745,nextDay
FN:8748,nextWeek
FN:8751,lastDay
FN:8754,lastWeek
FN:8789,(anonymous_684)
FN:8795,(anonymous_685)
FN:8799,(anonymous_686)
FN:8807,monthsShort
FN:8828,sameDay
FN:8831,nextDay
FN:8834,nextWeek
FN:8837,lastDay
FN:8840,lastWeek
FN:8875,(anonymous_693)
FN:8882,(anonymous_694)
FN:8886,(anonymous_695)
FN:8889,processRelativeTime
FN:8960,(anonymous_697)
FN:8966,(anonymous_698)
FN:8970,(anonymous_699)
FN:9031,(anonymous_700)
FN:9037,(anonymous_701)
FN:9041,(anonymous_702)
FN:9085,isPM
FN:9088,meridiem
FN:9118,preparse
FN:9119,(anonymous_706)
FN:9123,postformat
FN:9124,(anonymous_708)
FN:9143,(anonymous_709)
FN:9149,(anonymous_710)
FN:9153,(anonymous_711)
FN:9161,translate
FN:9195,verbalNumber
FN:9255,(anonymous_714)
FN:9261,(anonymous_715)
FN:9265,(anonymous_716)
FN:9320,(anonymous_717)
FN:9326,(anonymous_718)
FN:9330,(anonymous_719)
FN:9373,ordinal
FN:9385,(anonymous_721)
FN:9391,(anonymous_722)
FN:9395,(anonymous_723)
FN:9438,ordinal
FN:9454,(anonymous_725)
FN:9460,(anonymous_726)
FN:9464,(anonymous_727)
FN:9507,ordinal
FN:9523,(anonymous_729)
FN:9529,(anonymous_730)
FN:9533,(anonymous_731)
FN:9541,monthsShort
FN:9585,ordinal
FN:9601,(anonymous_734)
FN:9607,(anonymous_735)
FN:9611,(anonymous_736)
FN:9665,ordinal
FN:9682,(anonymous_738)
FN:9688,(anonymous_739)
FN:9692,(anonymous_740)
FN:9712,sameDay
FN:9715,nextDay
FN:9718,nextWeek
FN:9721,lastDay
FN:9724,lastWeek
FN:9730,future
FN:9764,(anonymous_747)
FN:9772,(anonymous_748)
FN:9776,(anonymous_749)
FN:9812,hh
FN:9819,dd
FN:9826,MM
FN:9833,yy
FN:9843,isPM
FN:9846,meridiem
FN:9868,(anonymous_756)
FN:9874,(anonymous_757)
FN:9878,(anonymous_758)
FN:9944,preparse
FN:9945,(anonymous_760)
FN:9949,postformat
FN:9950,(anonymous_762)
FN:9957,meridiemHour
FN:9971,meridiem
FN:9997,(anonymous_765)
FN:10003,(anonymous_766)
FN:10007,(anonymous_767)
FN:10010,translate
FN:10085,nextWeek
FN:10101,lastWeek
FN:10147,(anonymous_771)
FN:10153,(anonymous_772)
FN:10157,(anonymous_773)
FN:10161,translate
FN:10190,week
FN:10209,isPM
FN:10212,meridiem
FN:10222,nextWeek
FN:10226,lastWeek
FN:10261,(anonymous_780)
FN:10267,(anonymous_781)
FN:10271,(anonymous_782)
FN:10295,nextWeek
FN:10298,lastWeek
FN:10319,isPM
FN:10322,meridiem
FN:10334,ordinal
FN:10361,(anonymous_788)
FN:10368,(anonymous_789)
FN:10372,(anonymous_790)
FN:10390,meridiemHour
FN:10402,meridiem
FN:10449,(anonymous_793)
FN:10455,(anonymous_794)
FN:10459,(anonymous_795)
FN:10462,plural
FN:10470,translate
FN:10581,(anonymous_798)
FN:10588,(anonymous_799)
FN:10592,(anonymous_800)
FN:10614,lastWeek
FN:10625,future
FN:10656,(anonymous_803)
FN:10662,(anonymous_804)
FN:10666,(anonymous_805)
FN:10684,isPM
FN:10687,meridiem
FN:10703,ordinal
FN:10737,(anonymous_809)
FN:10744,(anonymous_810)
FN:10748,(anonymous_811)
FN:10766,meridiemHour
FN:10778,meridiem
FN:10825,(anonymous_814)
FN:10831,(anonymous_815)
FN:10835,(anonymous_816)
FN:10868,future
FN:10873,past
FN:10894,ordinal
FN:10919,(anonymous_820)
FN:10925,(anonymous_821)
FN:10929,(anonymous_822)
FN:10993,ordinal
FN:11011,(anonymous_824)
FN:11017,(anonymous_825)
FN:11021,(anonymous_826)
FN:11074,(anonymous_827)
FN:11081,(anonymous_828)
FN:11085,(anonymous_829)
FN:11129,isPM
FN:11132,meridiem
FN:11144,(anonymous_832)
FN:11150,(anonymous_833)
FN:11154,(anonymous_834)
FN:11219,ordinal
FN:11237,(anonymous_836)
FN:11244,(anonymous_837)
FN:11248,(anonymous_838)
FN:11251,processRelativeTime
FN:11261,processFutureTime
FN:11268,processPastTime
FN:11282,eifelerRegelAppliesToNumber
FN:11338,lastWeek
FN:11379,(anonymous_844)
FN:11385,(anonymous_845)
FN:11389,(anonymous_846)
FN:11408,isPM
FN:11411,meridiem
FN:11442,ordinal
FN:11454,(anonymous_850)
FN:11460,(anonymous_851)
FN:11464,(anonymous_852)
FN:11479,translateSeconds
FN:11486,translateSingular
FN:11489,special
FN:11492,forms
FN:11495,translate
FN:11560,ordinal
FN:11576,(anonymous_859)
FN:11583,(anonymous_860)
FN:11587,(anonymous_861)
FN:11605,format
FN:11615,relativeTimeWithPlural
FN:11618,relativeTimeWithSingular
FN:11621,relativeSeconds
FN:11678,(anonymous_866)
FN:11684,(anonymous_867)
FN:11688,(anonymous_868)
FN:11701,correctGrammaticalCase
FN:11704,translate
FN:11734,nextWeek
FN:11750,lastWeek
FN:11794,(anonymous_873)
FN:11800,(anonymous_874)
FN:11804,(anonymous_875)
FN:11863,(anonymous_876)
FN:11869,(anonymous_877)
FN:11873,(anonymous_878)
FN:11895,lastWeek
FN:11926,ordinal
FN:11958,(anonymous_881)
FN:11964,(anonymous_882)
FN:11968,(anonymous_883)
FN:12010,meridiemHour
FN:12022,meridiem
FN:12044,(anonymous_886)
FN:12051,(anonymous_887)
FN:12055,(anonymous_888)
FN:12083,relativeTimeMr
FN:12157,preparse
FN:12158,(anonymous_891)
FN:12162,postformat
FN:12163,(anonymous_893)
FN:12168,meridiemHour
FN:12182,meridiem
FN:12208,(anonymous_896)
FN:12215,(anonymous_897)
FN:12219,(anonymous_898)
FN:12237,meridiemHour
FN:12249,meridiem
FN:12296,(anonymous_901)
FN:12302,(anonymous_902)
FN:12306,(anonymous_903)
FN:12324,meridiemHour
FN:12336,meridiem
FN:12383,(anonymous_906)
FN:12391,(anonymous_907)
FN:12395,(anonymous_908)
FN:12461,preparse
FN:12462,(anonymous_910)
FN:12466,postformat
FN:12467,(anonymous_912)
FN:12484,(anonymous_913)
FN:12491,(anonymous_914)
FN:12495,(anonymous_915)
FN:12552,(anonymous_916)
FN:12558,(anonymous_917)
FN:12562,(anonymous_918)
FN:12606,preparse
FN:12607,(anonymous_920)
FN:12611,postformat
FN:12612,(anonymous_922)
FN:12617,meridiemHour
FN:12631,meridiem
FN:12680,(anonymous_925)
FN:12687,(anonymous_926)
FN:12691,(anonymous_927)
FN:12702,monthsShort
FN:12755,ordinal
FN:12771,(anonymous_930)
FN:12778,(anonymous_931)
FN:12782,(anonymous_932)
FN:12793,monthsShort
FN:12846,ordinal
FN:12862,(anonymous_935)
FN:12868,(anonymous_936)
FN:12872,(anonymous_937)
FN:12927,(anonymous_938)
FN:12933,(anonymous_939)
FN:12937,(anonymous_940)
FN:13003,preparse
FN:13004,(anonymous_942)
FN:13008,postformat
FN:13009,(anonymous_944)
FN:13016,meridiemHour
FN:13030,meridiem
FN:13056,(anonymous_947)
FN:13062,(anonymous_948)
FN:13066,(anonymous_949)
FN:13071,plural
FN:13074,translate
FN:13093,months
FN:13122,lastWeek
FN:13166,(anonymous_954)
FN:13172,(anonymous_955)
FN:13176,(anonymous_956)
FN:13199,lastWeek
FN:13232,(anonymous_958)
FN:13238,(anonymous_959)
FN:13242,(anonymous_960)
FN:13265,lastWeek
FN:13302,(anonymous_962)
FN:13309,(anonymous_963)
FN:13313,(anonymous_964)
FN:13316,relativeTimeWithPlural
FN:13382,(anonymous_966)
FN:13390,(anonymous_967)
FN:13394,(anonymous_968)
FN:13397,plural
FN:13401,relativeTimeWithPlural
FN:13465,nextWeek
FN:13487,lastWeek
FN:13527,isPM
FN:13530,meridiem
FN:13542,ordinal
FN:13570,(anonymous_976)
FN:13576,(anonymous_977)
FN:13580,(anonymous_978)
FN:13636,(anonymous_979)
FN:13642,(anonymous_980)
FN:13646,(anonymous_981)
FN:13689,ordinal
FN:13693,isPM
FN:13696,meridiem
FN:13712,(anonymous_985)
FN:13719,(anonymous_986)
FN:13723,(anonymous_987)
FN:13728,plural
FN:13731,translate
FN:13801,nextWeek
FN:13819,lastWeek
FN:13867,(anonymous_992)
FN:13873,(anonymous_993)
FN:13877,(anonymous_994)
FN:13880,processRelativeTime
FN:13971,nextWeek
FN:13987,lastWeek
FN:14034,(anonymous_998)
FN:14042,(anonymous_999)
FN:14046,(anonymous_1000)
FN:14057,isPM
FN:14060,meridiem
FN:14109,(anonymous_1003)
FN:14115,(anonymous_1004)
FN:14119,(anonymous_1005)
FN:14132,correctGrammaticalCase
FN:14135,translate
FN:14164,nextWeek
FN:14180,lastWeek
FN:14224,(anonymous_1010)
FN:14230,(anonymous_1011)
FN:14234,(anonymous_1012)
FN:14247,correctGrammaticalCase
FN:14250,translate
FN:14279,nextWeek
FN:14295,lastWeek
FN:14339,(anonymous_1017)
FN:14345,(anonymous_1018)
FN:14349,(anonymous_1019)
FN:14392,meridiem
FN:14403,meridiemHour
FN:14433,(anonymous_1022)
FN:14439,(anonymous_1023)
FN:14443,(anonymous_1024)
FN:14486,ordinal
FN:14507,(anonymous_1026)
FN:14513,(anonymous_1027)
FN:14517,(anonymous_1028)
FN:14571,(anonymous_1029)
FN:14577,(anonymous_1030)
FN:14581,(anonymous_1031)
FN:14647,ordinal
FN:14650,preparse
FN:14651,(anonymous_1034)
FN:14655,postformat
FN:14656,(anonymous_1036)
FN:14662,meridiem
FN:14679,meridiemHour
FN:14706,(anonymous_1039)
FN:14712,(anonymous_1040)
FN:14716,(anonymous_1041)
FN:14760,meridiemHour
FN:14774,meridiem
FN:14800,(anonymous_1044)
FN:14807,(anonymous_1045)
FN:14811,(anonymous_1046)
FN:14852,ordinal
FN:14873,(anonymous_1048)
FN:14879,(anonymous_1049)
FN:14883,(anonymous_1050)
FN:14903,isPM
FN:14906,meridiem
FN:14945,(anonymous_1053)
FN:14951,(anonymous_1054)
FN:14955,(anonymous_1055)
FN:14996,ordinal
FN:15012,(anonymous_1057)
FN:15018,(anonymous_1058)
FN:15022,(anonymous_1059)
FN:15027,translateFuture
FN:15039,translatePast
FN:15051,translate
FN:15067,numberAsNoun
FN:15137,(anonymous_1064)
FN:15144,(anonymous_1065)
FN:15148,(anonymous_1066)
FN:15210,ordinal
FN:15232,(anonymous_1068)
FN:15239,(anonymous_1069)
FN:15243,(anonymous_1070)
FN:15263,isPM
FN:15266,meridiem
FN:15304,processRelativeTime
FN:15328,(anonymous_1074)
FN:15334,(anonymous_1075)
FN:15338,(anonymous_1076)
FN:15391,(anonymous_1077)
FN:15397,(anonymous_1078)
FN:15401,(anonymous_1079)
FN:15454,(anonymous_1080)
FN:15461,(anonymous_1081)
FN:15465,(anonymous_1082)
FN:15468,plural
FN:15472,relativeTimeWithPlural
FN:15490,weekdaysCaseReplace
FN:15503,processHoursFunction
FN:15504,(anonymous_1087)
FN:15531,lastWeek
FN:15563,isPM
FN:15566,meridiem
FN:15578,ordinal
FN:15605,(anonymous_1092)
FN:15611,(anonymous_1093)
FN:15615,(anonymous_1094)
FN:15668,(anonymous_1095)
FN:15674,(anonymous_1096)
FN:15678,(anonymous_1097)
FN:15690,isPM
FN:15693,meridiem
FN:15736,ordinal
FN:15752,(anonymous_1101)
FN:15758,(anonymous_1102)
FN:15762,(anonymous_1103)
FN:15804,ordinal
FN:15825,(anonymous_1105)
FN:15831,(anonymous_1106)
FN:15835,(anonymous_1107)
FN:15890,(anonymous_1108)
FN:15897,(anonymous_1109)
FN:15901,(anonymous_1110)
FN:15923,meridiemHour
FN:15937,meridiem
FN:15954,sameDay
FN:15957,nextDay
FN:15960,lastDay
FN:15963,nextWeek
FN:15969,lastWeek
FN:15978,ordinal
FN:16022,(anonymous_1119)
FN:16030,(anonymous_1120)
FN:16034,(anonymous_1121)
FN:16056,meridiemHour
FN:16068,meridiem
FN:16093,ordinal
FN:16132,(anonymous_1125)
FN:16139,(anonymous_1126)
FN:16143,(anonymous_1127)
FN:16165,meridiemHour
FN:16177,meridiem
FN:16202,ordinal
FN:16241,(anonymous_1131)
FN:16256,_toString
FN:16268,toNumber
FN:16277,makeMap
FN:16287,(anonymous_1135)
FN:16288,(anonymous_1136)
FN:16299,remove$1
FN:16312,hasOwn
FN:16319,isPrimitive
FN:16326,cached
FN:16328,cachedFn
FN:16338,(anonymous_1142)
FN:16339,(anonymous_1143)
FN:16345,(anonymous_1144)
FN:16353,(anonymous_1145)
FN:16363,bind$1
FN:16364,boundFn
FN:16380,toArray
FN:16393,extend
FN:16405,isObject
FN:16415,isPlainObject
FN:16422,toObject
FN:16435,noop
FN:16440,no
FN:16445,identity
FN:16450,genStaticKeys
FN:16451,(anonymous_1157)
FN:16460,looseEqual
FN:16472,looseIndexOf
FN:16576,isReserved
FN:16584,def
FN:16597,parsePath
FN:16602,(anonymous_1163)
FN:16630,isServerRendering
FN:16655,(anonymous_1165)
FN:16660,nextTickHandler
FN:16701,timerFunc
FN:16713,queueNextTick
FN:16715,(anonymous_1169)
FN:16724,(anonymous_1170)
FN:16738,(anonymous_1171)
FN:16739,Set
FN:16742,has
FN:16745,add
FN:16748,clear
FN:16762,warn
FN:16770,formatComponentName
FN:16783,formatLocation
FN:16800,Dep
FN:16805,addSub
FN:16809,removeSub
FN:16813,depend
FN:16819,notify
FN:16833,pushTarget
FN:16838,popTarget
FN:16857,(anonymous_1186)
FN:16860,mutator
FN:16912,Observer
FN:16933,walk
FN:16943,observeArray
FN:16955,protoAugment
FN:16978,observe
FN:17003,defineReactive$$1
FN:17024,reactiveGetter
FN:17037,reactiveSetter
FN:17063,set$1
FN:17093,del
FN:17116,dependArray
FN:17139,(anonymous_1199)
FN:17153,mergeData
FN:17173,(anonymous_1201)
FN:17200,mergedDataFn
FN:17207,mergedInstanceDataFn
FN:17227,mergeHook
FN:17240,(anonymous_1205)
FN:17251,mergeAssets
FN:17258,(anonymous_1207)
FN:17268,(anonymous_1208)
FN:17292,(anonymous_1209)
FN:17304,defaultStrat
FN:17313,checkComponents
FN:17329,normalizeProps
FN:17360,normalizeDirectives
FN:17376,mergeOptions
FN:17411,mergeField
FN:17423,resolveAsset
FN:17453,validateProp
FN:17489,getPropDefaultValue
FN:17520,assertProp
FN:17573,assertType
FN:17602,getType
FN:17607,isType
FN:17681,warnNonPresent
FN:17697,set
FN:17710,has
FN:17721,get
FN:17729,initProxy
FN:17745,VNode
FN:17784,createEmptyVNode
FN:17791,createTextVNode
FN:17799,cloneVNode
FN:17816,cloneVNodes
FN:17829,createComponent
FN:17857,(anonymous_1234)
FN:17909,createFunctionalComponent
FN:17926,h
FN:17932,slots
FN:17943,createComponentInstanceForVnode
FN:17970,init
FN:17991,prepatch
FN:18005,insert
FN:18016,destroy$1
FN:18027,resolveAsyncComponent
FN:18040,resolve
FN:18055,reject
FN:18075,extractProps
FN:18098,checkProp
FN:18123,mergeHooks
FN:18135,mergeHook$1
FN:18136,(anonymous_1250)
FN:18144,mergeVNodeHook
FN:18151,(anonymous_1252)
FN:18163,(anonymous_1253)
FN:18175,createEventHandle
FN:18178,invoker
FN:18194,updateListeners
FN:18243,simpleNormalizeChildren
FN:18256,normalizeChildren
FN:18264,normalizeArrayChildren
FN:18298,getFirstComponentChild
FN:18299,(anonymous_1261)
FN:18309,createElement
FN:18326,_createElement
FN:18391,applyNS
FN:18409,initRender
FN:18421,(anonymous_1266)
FN:18424,(anonymous_1267)
FN:18427,renderMixin
FN:18428,(anonymous_1269)
FN:18432,(anonymous_1270)
FN:18503,renderStatic
FN:18522,markOnce
FN:18531,markStatic
FN:18543,markStaticNode
FN:18550,resolveFilter
FN:18555,renderList
FN:18582,(anonymous_1277)
FN:18611,bindProps
FN:18644,checkKeyCodes
FN:18658,resolveSlots
FN:18696,initEvents
FN:18708,add$1
FN:18716,remove$2
FN:18720,updateComponentListeners
FN:18729,eventsMixin
FN:18731,(anonymous_1286)
FN:18741,(anonymous_1287)
FN:18743,on
FN:18752,(anonymous_1289)
FN:18781,(anonymous_1290)
FN:18799,initLifecycle
FN:18824,lifecycleMixin
FN:18825,(anonymous_1293)
FN:18851,updateComponent
FN:18864,(anonymous_1295)
FN:18903,(anonymous_1296)
FN:18947,(anonymous_1297)
FN:18954,(anonymous_1298)
FN:18993,callHook
FN:19018,resetSchedulerState
FN:19030,flushSchedulerQueue
FN:19042,(anonymous_1302)
FN:19092,queueWatcher
FN:19124,Watcher
FN:19158,(anonymous_1305)
FN:19175,get
FN:19191,addDep
FN:19205,cleanupDeps
FN:19229,update
FN:19244,run
FN:19284,evaluate
FN:19292,depend
FN:19304,teardown
FN:19328,traverse
FN:19333,_traverse
FN:19358,initState
FN:19374,initProps
FN:19380,loop
FN:19390,(anonymous_1319)
FN:19410,initData
FN:19449,initComputed
FN:19477,makeComputedGetter
FN:19481,computedGetter
FN:19492,initMethods
FN:19505,initWatch
FN:19518,createWatcher
FN:19530,stateMixin
FN:19535,(anonymous_1328)
FN:19539,(anonymous_1329)
FN:19552,(anonymous_1330)
FN:19564,unwatchFn
FN:19570,proxy
FN:19575,proxyGetter
FN:19578,proxySetter
FN:19589,initMixin
FN:19590,(anonymous_1336)
FN:19629,initInternalComponent
FN:19646,resolveConstructorOptions
FN:19667,Vue$3
FN:19683,initUse
FN:19684,(anonymous_1341)
FN:19704,initMixin$1
FN:19705,(anonymous_1343)
FN:19712,initExtend
FN:19724,(anonymous_1345)
FN:19742,VueComponent
FN:19759,(anonymous_1347)
FN:19779,initAssetRegisters
FN:19783,(anonymous_1349)
FN:19784,(anonymous_1350)
FN:19818,getComponentName
FN:19822,matches
FN:19830,pruneCache
FN:19843,pruneCacheEntry
FN:19861,created
FN:19865,destroyed
FN:19874,include
FN:19875,(anonymous_1358)
FN:19877,exclude
FN:19878,(anonymous_1360)
FN:19882,render
FN:19916,initGlobalAPI
FN:19919,(anonymous_1363)
FN:19921,(anonymous_1364)
FN:19934,(anonymous_1365)
FN:19962,mustUseProp
FN:19984,isXlink
FN:19988,getXlinkProp
FN:19992,isFalsyAttrValue
FN:19998,genClassForVnode
FN:20016,mergeClassData
FN:20025,genClassFromData
FN:20035,concat
FN:20039,stringifyClass
FN:20098,isPreTag
FN:20100,isReservedTag
FN:20104,getTagNamespace
FN:20116,isUnknownElement
FN:20146,query
FN:20162,createElement$1
FN:20173,createElementNS
FN:20177,createTextNode
FN:20181,createComment
FN:20185,insertBefore
FN:20189,removeChild
FN:20193,appendChild
FN:20197,parentNode
FN:20201,nextSibling
FN:20205,tagName
FN:20209,setTextContent
FN:20213,setAttribute
FN:20236,create
FN:20239,update
FN:20245,destroy
FN:20250,registerRef
FN:20294,isUndef
FN:20298,isDef
FN:20302,sameVnode
FN:20311,createKeyToOldIdx
FN:20321,createPatchFunction
FN:20335,emptyNodeAt
FN:20339,createRmCb
FN:20340,remove$$1
FN:20349,removeNode
FN:20358,createElm
FN:20412,createComponent
FN:20433,initComponent
FN:20450,reactivateComponent
FN:20472,insert
FN:20482,createChildren
FN:20492,isPatchable
FN:20499,invokeCreateHooks
FN:20513,setScope
FN:20525,addVnodes
FN:20531,invokeDestroyHook
FN:20545,removeVnodes
FN:20559,removeAndInvokeRemoveHook
FN:20587,updateChildren
FN:20662,patchVnode
FN:20710,invokeInsertHook
FN:20728,hydrate
FN:20789,assertNodeMatch
FN:20800,patch
FN:20891,unbindDirectives
FN:20896,updateDirectives
FN:20902,_update
FN:20932,callInsert
FN:20945,(anonymous_1428)
FN:20964,normalizeDirectives$1
FN:20984,getRawDirName
FN:20988,callHook$1
FN:21002,updateAttrs
FN:21038,setAttr
FN:21071,updateClass
FN:21104,add$2
FN:21113,handler
FN:21123,remove$3
FN:21132,updateDOMListeners
FN:21149,updateDOMProps
FN:21195,shouldUpdateValue
FN:21207,isDirty
FN:21212,isInputChanged
FN:21231,(anonymous_1443)
FN:21235,(anonymous_1444)
FN:21245,normalizeStyleData
FN:21255,normalizeStyleBinding
FN:21269,getStyle
FN:21300,setProp
FN:21314,(anonymous_1449)
FN:21329,updateStyle
FN:21377,addClass
FN:21386,(anonymous_1452)
FN:21402,removeClass
FN:21411,(anonymous_1454)
FN:21455,nextFrame
FN:21456,(anonymous_1456)
FN:21461,addTransitionClass
FN:21466,removeTransitionClass
FN:21473,whenTransitionEnds
FN:21485,end
FN:21489,onEnd
FN:21496,(anonymous_1462)
FN:21506,getTransitionInfo
FN:21555,getTimeout
FN:21561,(anonymous_1465)
FN:21566,toMs
FN:21572,enter
FN:21640,(anonymous_1468)
FN:21658,(anonymous_1469)
FN:21675,(anonymous_1470)
FN:21694,leave
FN:21731,(anonymous_1472)
FN:21757,performLeave
FN:21770,(anonymous_1474)
FN:21785,resolveTransition
FN:21802,(anonymous_1476)
FN:21816,once
FN:21818,(anonymous_1478)
FN:21826,_enter
FN:21835,remove
FN:21881,inserted
FN:21893,cb
FN:21915,componentUpdated
FN:21923,(anonymous_1484)
FN:21932,setSelected
FN:21965,hasNoMatchingOption
FN:21974,getValue
FN:21980,onCompositionStart
FN:21984,onCompositionEnd
FN:21989,trigger
FN:21998,locateNode
FN:22005,bind
FN:22014,(anonymous_1493)
FN:22022,update
FN:22033,(anonymous_1495)
FN:22037,(anonymous_1496)
FN:22046,unbind
FN:22088,getRealChild
FN:22097,extractTransitionData
FN:22113,placeholder
FN:22119,hasParentTransition
FN:22127,isSameChild
FN:22136,render
FN:22145,(anonymous_1504)
FN:22206,(anonymous_1505)
FN:22218,(anonymous_1506)
FN:22225,performLeave
FN:22228,(anonymous_1508)
FN:22261,render
FN:22306,beforeUpdate
FN:22317,updated
FN:22333,(anonymous_1512)
FN:22339,cb
FN:22351,hasMove
FN:22367,callPendingCbs
FN:22378,recordPosition
FN:22382,applyTranslation
FN:22416,(anonymous_1518)
FN:22454,shouldDecode
FN:22468,decode
FN:22540,(anonymous_1521)
FN:22554,decodeAttr
FN:22565,parseHTML
FN:22652,(anonymous_1524)
FN:22678,advance
FN:22683,parseStartTag
FN:22706,handleStartTag
FN:22752,parseEndTag
FN:22801,parseFilters
FN:22869,pushFilter
FN:22883,wrapFilter
FN:22900,(anonymous_1532)
FN:22906,parseText
FN:22936,baseWarn
FN:22940,pluckModuleFunction
FN:22945,(anonymous_1536)
FN:22945,(anonymous_1537)
FN:22949,addProp
FN:22953,addAttr
FN:22957,addDirective
FN:22968,addHandler
FN:23003,getBindingAttr
FN:23021,getAndRemoveAttr
FN:23056,parseModel
FN:23084,next
FN:23088,eof
FN:23092,isStringStart
FN:23096,parseBracket
FN:23114,parseString
FN:23149,parse
FN:23172,start
FN:23239,checkRootConstraints
FN:23301,end
FN:23320,chars
FN:23362,processPre
FN:23368,processRawAttrs
FN:23384,processKey
FN:23394,processRef
FN:23402,processFor
FN:23427,processIf
FN:23446,processIfConditions
FN:23461,findPrevElement
FN:23478,addIfCondition
FN:23485,processOnce
FN:23492,processSlot
FN:23513,processComponent
FN:23523,processAttrs
FN:23589,checkInFor
FN:23600,parseModifiers
FN:23604,(anonymous_1570)
FN:23609,makeAttrsMap
FN:23620,isForbiddenTag
FN:23646,checkForAliasModel
FN:23680,optimize
FN:23690,genStaticKeys$1
FN:23697,markStatic
FN:23720,markStaticRoots
FN:23748,walkThroughConditionsBlocks
FN:23754,isStatic
FN:23771,isDirectChildOfTemplateFor
FN:23812,genHandlers
FN:23820,genHandler
FN:23827,(anonymous_1583)
FN:23852,genKeyFilter
FN:23856,genFilterCode
FN:23867,bind$2
FN:23868,(anonymous_1587)
FN:23892,generate
FN:23916,genElement
FN:23949,genStatic
FN:23956,genOnce
FN:23982,genIf
FN:23987,genIfConditions
FN:24000,genTernaryExp
FN:24005,genFor
FN:24017,genData
FN:24086,genDirectives
FN:24111,genInlineTemplate
FN:24120,(anonymous_1599)
FN:24124,genScopedSlots
FN:24125,(anonymous_1601)
FN:24128,genScopedSlot
FN:24135,genChildren
FN:24157,getNormalizationType
FN:24165,(anonymous_1605)
FN:24170,(anonymous_1606)
FN:24177,needsNormalization
FN:24181,maybeComponent
FN:24185,genNode
FN:24193,genText
FN:24199,genSlot
FN:24203,(anonymous_1612)
FN:24218,genComponent
FN:24223,genProps
FN:24233,transformSpecialNewlines
FN:24244,compile$1
FN:24272,detectErrors
FN:24280,checkNode
FN:24304,checkFor
FN:24311,checkIdentifier
FN:24317,checkExpression
FN:24335,transformNode
FN:24358,genData$1
FN:24377,transformNode$1
FN:24402,genData$2
FN:24428,model$1
FN:24460,genCheckboxModel
FN:24499,genRadioModel
FN:24519,genDefaultModel
FN:24579,genSelect
FN:24599,checkOptionWarning
FN:24613,genAssignmentCode
FN:24627,text
FN:24635,html
FN:24663,compile$$1
FN:24673,compileToFunctions
FN:24711,(anonymous_1637)
FN:24723,makeFunction
FN:24733,(anonymous_1639)
FN:24739,(anonymous_1640)
FN:24799,getOuterHTML
FN:24816,(anonymous_1642)
FN:24822,(anonymous_1643)
FN:24828,(anonymous_1644)
FN:24834,(anonymous_1645)
FN:24843,(anonymous_1646)
FN:24851,_interopRequireDefault
FN:24855,(anonymous_1648)
FN:24861,(anonymous_1649)
FN:24881,httpAdapter
FN:24882,dispatchHttpRequest
FN:24993,handleResponse
FN:25028,handleStreamData
FN:25037,handleStreamError
FN:25042,handleStreamEnd
FN:25055,handleRequestError
FN:25062,handleRequestTimeout
FN:25071,onCanceled
FN:25094,(anonymous_1659)
FN:25107,xhrAdapter
FN:25108,dispatchXhrRequest
FN:25130,handleProgress
FN:25131,handleTimeout
FN:25147,handleLoad
FN:25180,handleError
FN:25190,handleTimeout
FN:25215,setRequestHeader
FN:25254,onCanceled
FN:25278,(anonymous_1669)
FN:25294,createInstance
FN:25314,create
FN:25324,all
FN:25337,(anonymous_1673)
FN:25350,CancelToken
FN:25356,promiseExecutor
FN:25361,cancel
FN:25375,throwIfRequested
FN:25385,source
FN:25387,executor
FN:25401,(anonymous_1680)
FN:25418,Axios
FN:25431,request
FN:25451,unshiftRequestInterceptors
FN:25455,pushResponseInterceptors
FN:25467,forEachMethodNoData
FN:25469,(anonymous_1686)
FN:25477,forEachMethodWithData
FN:25479,(anonymous_1688)
FN:25493,(anonymous_1689)
FN:25500,InterceptorManager
FN:25512,use
FN:25525,eject
FN:25539,forEach
FN:25540,forEachHandler
FN:25552,(anonymous_1695)
FN:25565,throwIfCancellationRequested
FN:25577,dispatchRequest
FN:25599,cleanHeaderConfig
FN:25606,onAdapterResolution
FN:25617,onAdapterRejection
FN:25638,(anonymous_1701)
FN:25653,transformData
FN:25655,transform
FN:25665,(anonymous_1704)
FN:25674,E
FN:25681,btoa
FN:25708,(anonymous_1707)
FN:25720,combineURLs
FN:25727,(anonymous_1709)
FN:25738,standardBrowserEnv
FN:25740,write
FN:25763,read
FN:25768,remove
FN:25775,nonStandardBrowserEnv
FN:25777,write
FN:25778,read
FN:25779,remove
FN:25787,(anonymous_1718)
FN:25798,isAbsoluteURL
FN:25808,(anonymous_1720)
FN:25820,standardBrowserEnv
FN:25831,resolveURL
FN:25865,isURLSameOrigin
FN:25873,nonStandardBrowserEnv
FN:25874,isURLSameOrigin
FN:25883,(anonymous_1726)
FN:25890,normalizeHeaderName
FN:25891,processHeader
FN:25902,(anonymous_1729)
FN:25922,parseHeaders
FN:25930,parser
FN:25946,(anonymous_1732)
FN:25971,spread
FN:25972,wrap
FN:25980,(anonymous_1735)
FN:25986,(anonymous_1736)
FN:25999,(anonymous_1737)
FN:26012,render
FN:26035,_interopRequireDefault
FN:26039,get
FN:26047,(anonymous_1741)
FN:26076,_interopRequireDefault
FN:26098,setCurrentMonth
FN:26102,setCurrentYear
FN:26105,eventFormPos
FN:26109,eventFormActive
FN:26112,addEvent
FN:26115,removeEvent
FN:26131,eventFormDate
FN:26136,addEvent
FN:26138,(anonymous_1751)
FN:26145,(anonymous_1752)
FN:26155,deleteEvent
FN:26157,(anonymous_1754)
FN:26161,(anonymous_1755)
FN:26176,(anonymous_1756)
FN:26197,_interopRequireDefault
FN:26201,month
FN:26204,year
FN:26207,days
FN:26242,weeks
FN:26318,(anonymous_1762)
FN:26340,events
FN:26343,(anonymous_1764)
FN:26347,classObject
FN:26360,captureClick
FN:26367,removeEvent
FN:26377,(anonymous_1768)
FN:26397,formattedDate
FN:26400,month
FN:26403,year
FN:26408,dec
FN:26417,inc
FN:26431,(anonymous_1774)
FN:26455,data
FN:26462,close
FN:26465,create
FN:26469,(anonymous_1778)
FN:26479,date
FN:26482,active
FN:26485,top
FN:26488,left
FN:26494,update
FN:26503,(anonymous_1784)
FN:26509,(anonymous_1785)
FN:26515,(anonymous_1786)
FN:26523,(anonymous_1787)
FN:26536,(anonymous_1788)
FN:26538,(anonymous_1789)
FN:26543,(anonymous_1790)
FN:26545,(anonymous_1791)
FN:26554,(anonymous_1792)
FN:26561,(anonymous_1793)
FN:26562,(anonymous_1794)
FN:26583,(anonymous_1795)
FN:26593,(anonymous_1796)
FN:26594,(anonymous_1797)
FN:26614,(anonymous_1798)
FN:26616,(anonymous_1799)
FN:26617,get
FN:26623,(anonymous_1801)
FN:26626,(anonymous_1802)
FN:26645,(anonymous_1803)
FN:26652,(anonymous_1804)
FN:26659,(anonymous_1805)
FN:26663,(anonymous_1806)
FN:26677,(anonymous_1807)
FN:26687,(anonymous_1808)
FN:26689,(anonymous_1809)
FN:26697,(anonymous_1810)
FN:26704,(anonymous_1811)
FN:26706,(anonymous_1812)
FN:26709,(anonymous_1813)
FN:26715,(anonymous_1814)
FN:26716,(anonymous_1815)
FN:26725,(anonymous_1816)
FN:26727,(anonymous_1817)
FN:26734,(anonymous_1818)
FN:26743,(anonymous_1819)
FN:26746,flush
FN:26765,notify
FN:26773,notify
FN:26780,notify
FN:26790,notify
FN:26796,(anonymous_1825)
FN:26809,(anonymous_1826)
FN:26822,(anonymous_1827)
FN:26829,(anonymous_1828)
FN:26831,assign
FN:26850,(anonymous_1830)
FN:26857,Empty
FN:26861,createDict
FN:26882,create
FN:26897,(anonymous_1834)
FN:26903,defineProperties
FN:26916,(anonymous_1836)
FN:26923,(anonymous_1837)
FN:26931,(anonymous_1838)
FN:26942,(anonymous_1839)
FN:26949,(anonymous_1840)
FN:26965,(anonymous_1841)
FN:26972,(anonymous_1842)
FN:26975,(anonymous_1843)
FN:26985,(anonymous_1844)
FN:26992,(anonymous_1845)
FN:27002,(anonymous_1846)
FN:27006,get
FN:27013,(anonymous_1848)
FN:27019,(anonymous_1849)
FN:27020,(anonymous_1850)
FN:27036,(anonymous_1851)
FN:27041,(anonymous_1852)
FN:27049,(anonymous_1853)
FN:27055,(anonymous_1854)
FN:27067,(anonymous_1855)
FN:27077,(anonymous_1856)
FN:27082,(anonymous_1857)
FN:27091,(anonymous_1858)
FN:27104,(anonymous_1859)
FN:27109,(anonymous_1860)
FN:27132,(anonymous_1861)
FN:27142,(anonymous_1862)
FN:27148,(anonymous_1863)
FN:27175,empty
FN:27179,(anonymous_1865)
FN:27183,(anonymous_1866)
FN:27198,isThenable
FN:27202,notify
FN:27206,(anonymous_1869)
FN:27210,run
FN:27248,onUnhandled
FN:27249,(anonymous_1872)
FN:27254,(anonymous_1873)
FN:27269,isUnhandled
FN:27272,onHandleUnhandled
FN:27273,(anonymous_1876)
FN:27282,$reject
FN:27292,$resolve
FN:27301,(anonymous_1879)
FN:27322,Promise
FN:27333,Promise
FN:27344,then
FN:27355,_catch
FN:27359,OwnPromiseCapability
FN:27365,newPromiseCapability
FN:27380,reject
FN:27389,resolve
FN:27393,(anonymous_1888)
FN:27397,all
FN:27402,(anonymous_1890)
FN:27406,(anonymous_1891)
FN:27411,(anonymous_1892)
FN:27424,race
FN:27428,(anonymous_1894)
FN:27429,(anonymous_1895)
FN:27441,(anonymous_1896)
FN:27448,(anonymous_1897)
FN:27452,(anonymous_1898)
FN:27465,(anonymous_1899)
FN:27476,_finally
FN:27480,(anonymous_1901)
FN:27481,(anonymous_1902)
FN:27483,(anonymous_1903)
FN:27484,(anonymous_1904)
FN:27492,(anonymous_1905)
FN:27501,_try
FN:27511,(anonymous_1907)
FN:27536,(anonymous_1908)
FN:27587,selectColor
FN:27599,debug
FN:27602,disabled
FN:27607,enabled
FN:27634,(anonymous_1913)
FN:27673,enable
FN:27696,disable
FN:27708,enabled
FN:27731,coerce
FN:27739,(anonymous_1918)
FN:27784,useColors
FN:27802,(anonymous_1920)
FN:27806,(anonymous_1921)
FN:27811,(anonymous_1922)
FN:27822,formatArgs
FN:27845,log
FN:27856,save
FN:27873,load
FN:27884,createWritableStdioStream
FN:27954,(anonymous_1928)
FN:27964,(anonymous_1929)
FN:27968,(anonymous_1930)
FN:27970,objectOrFunction
FN:27975,isFunction
FN:27985,_isArray
FN:27996,asap
FN:28012,setScheduler
FN:28016,setAsap
FN:28029,useNextTick
FN:28032,(anonymous_1938)
FN:28038,useVertxTimer
FN:28040,(anonymous_1940)
FN:28048,useMutationObserver
FN:28054,(anonymous_1942)
FN:28060,useMessageChannel
FN:28063,(anonymous_1944)
FN:28068,useSetTimeout
FN:28072,(anonymous_1946)
FN:28078,flush
FN:28092,attemptVertx
FN:28116,then
FN:28130,(anonymous_1950)
FN:28171,resolve$1
FN:28186,noop
FN:28194,selfFulfillment
FN:28198,cannotReturnOwn
FN:28202,getThen
FN:28211,tryThen
FN:28219,handleForeignThenable
FN:28220,(anonymous_1958)
FN:28222,(anonymous_1959)
FN:28232,(anonymous_1960)
FN:28248,handleOwnThenable
FN:28254,(anonymous_1962)
FN:28256,(anonymous_1963)
FN:28262,handleMaybeThenable
FN:28279,resolve
FN:28289,publishRejection
FN:28297,fulfill
FN:28310,reject
FN:28320,subscribe
FN:28336,publish
FN:28362,tryCatch
FN:28371,invokeCallback
FN:28411,initializePromise
FN:28413,resolvePromise
FN:28415,rejectPromise
FN:28424,nextId
FN:28428,makePromise
FN:28435,validationError
FN:28439,(anonymous_1979)
FN:28440,Enumerator
FN:28468,_enumerate
FN:28474,_eachEntry
FN:28492,(anonymous_1983)
FN:28501,_settledAt
FN:28520,_willSettleAt
FN:28523,(anonymous_1986)
FN:28525,(anonymous_1987)
FN:28580,all
FN:28649,race
FN:28654,(anonymous_1990)
FN:28658,(anonymous_1991)
FN:28701,reject$1
FN:28709,needsResolver
FN:28713,needsNew
FN:28821,(anonymous_1995)
FN:28822,Promise
FN:29019,_catch
FN:29063,_finally
FN:29068,(anonymous_1999)
FN:29069,(anonymous_2000)
FN:29072,(anonymous_2001)
FN:29073,(anonymous_2002)
FN:29095,polyfill
FN:29143,(anonymous_2004)
FN:29149,(anonymous_2005)
FN:29157,(anonymous_2006)
FN:29171,(anonymous_2007)
FN:29204,charCodeToInt
FN:29213,unpackBase60
FN:29245,arrayToInt
FN:29251,intToUntil
FN:29259,mapIndices
FN:29269,unpack
FN:29294,Zone
FN:29301,_set
FN:29309,_index
FN:29321,parse
FN:29347,abbr
FN:29351,offset
FN:29356,utcOffset
FN:29365,OffsetAt
FN:29389,ZoneScore
FN:29395,(anonymous_2023)
FN:29402,findChange
FN:29417,userOffsets
FN:29441,sortZoneScores
FN:29451,addToGuesses
FN:29461,guessesForUserOffsets
FN:29485,rebuildGuess
FN:29520,guess
FN:29531,normalizeName
FN:29535,addZone
FN:29552,getZone
FN:29580,getNames
FN:29592,addLink
FN:29613,loadData
FN:29619,zoneExists
FN:29627,needsOffset
FN:29632,logError
FN:29642,tz
FN:29686,(anonymous_2041)
FN:29710,(anonymous_2042)
FN:29726,abbrWrap
FN:29727,(anonymous_2044)
FN:29733,resetZoneWrap
FN:29734,(anonymous_2046)
FN:29744,(anonymous_2047)
FN:29771,(anonymous_2048)
FN:29991,webpackContext
FN:29994,webpackContextResolve
FN:30000,webpackContextKeys
FN:30009,(anonymous_2052)
FN:30034,(anonymous_2053)
FN:30050,parse
FN:30103,short
FN:30119,long
FN:30131,plural
FN:30140,(anonymous_2058)
FN:30171,(anonymous_2059)
FN:30202,(anonymous_2060)
FN:30233,(anonymous_2061)
FN:30264,(anonymous_2062)
FN:30266,render
FN:30298,keyup
FN:30302,input
FN:30325,(anonymous_2066)
FN:30327,render
FN:30335,(anonymous_2068)
FN:30339,click
FN:30349,(anonymous_2070)
FN:30351,render
FN:30360,(anonymous_2072)
FN:30363,(anonymous_2073)
FN:30371,(anonymous_2074)
FN:30373,(anonymous_2075)
FN:30379,(anonymous_2076)
FN:30389,(anonymous_2077)
FN:30391,render
FN:30405,(anonymous_2079)
FN:30412,(anonymous_2080)
FN:30416,(anonymous_2081)
FN:30422,devtoolPlugin
FN:30429,(anonymous_2083)
FN:30433,(anonymous_2084)
FN:30438,applyMixin
FN:30448,(anonymous_2086)
FN:30462,vuexInit
FN:30473,(anonymous_2088)
FN:30475,(anonymous_2089)
FN:30479,mappedState
FN:30498,(anonymous_2091)
FN:30500,(anonymous_2092)
FN:30505,mappedMutation
FN:30518,(anonymous_2094)
FN:30520,(anonymous_2095)
FN:30525,mappedGetter
FN:30539,(anonymous_2097)
FN:30541,(anonymous_2098)
FN:30546,mappedAction
FN:30559,normalizeMap
FN:30561,(anonymous_2101)
FN:30562,(anonymous_2102)
FN:30565,normalizeNamespace
FN:30566,(anonymous_2104)
FN:30577,getModuleByNamespace
FN:30607,forEachValue
FN:30608,(anonymous_2107)
FN:30611,isObject
FN:30615,isPromise
FN:30619,assert
FN:30623,Module
FN:30631,(anonymous_2112)
FN:30635,(anonymous_2113)
FN:30639,addChild
FN:30643,removeChild
FN:30647,getChild
FN:30651,update
FN:30664,forEachChild
FN:30668,forEachGetter
FN:30674,forEachAction
FN:30680,forEachMutation
FN:30688,ModuleCollection
FN:30696,(anonymous_2123)
FN:30702,get
FN:30703,(anonymous_2125)
FN:30708,getNamespace
FN:30710,(anonymous_2127)
FN:30716,update$1
FN:30720,register
FN:30730,(anonymous_2130)
FN:30736,unregister
FN:30744,update
FN:30765,Store
FN:30791,boundDispatch
FN:30794,boundCommit
FN:30811,(anonymous_2136)
FN:30816,(anonymous_2137)
FN:30820,(anonymous_2138)
FN:30824,commit
FN:30839,(anonymous_2140)
FN:30840,commitIterator
FN:30844,(anonymous_2142)
FN:30854,dispatch
FN:30866,(anonymous_2144)
FN:30870,subscribe
FN:30875,(anonymous_2146)
FN:30883,watch
FN:30887,(anonymous_2148)
FN:30890,replaceState
FN:30893,(anonymous_2150)
FN:30898,registerModule
FN:30907,unregisterModule
FN:30913,(anonymous_2153)
FN:30920,hotUpdate
FN:30925,_withCommit
FN:30934,resetStore
FN:30946,resetStoreVM
FN:30953,(anonymous_2158)
FN:30955,(anonymous_2159)
FN:30957,get
FN:30982,(anonymous_2161)
FN:30986,(anonymous_2162)
FN:30990,installModule
FN:31003,(anonymous_2164)
FN:31010,(anonymous_2165)
FN:31015,(anonymous_2166)
FN:31020,(anonymous_2167)
FN:31025,(anonymous_2168)
FN:31034,makeLocalContext
FN:31038,(anonymous_2170)
FN:31055,(anonymous_2171)
FN:31078,(anonymous_2172)
FN:31079,(anonymous_2173)
FN:31082,get
FN:31089,makeLocalGetters
FN:31093,(anonymous_2176)
FN:31104,get
FN:31112,registerMutation
FN:31114,wrappedMutationHandler
FN:31119,registerAction
FN:31121,wrappedActionHandler
FN:31134,(anonymous_2182)
FN:31144,registerGetter
FN:31149,wrappedGetter
FN:31159,enableStrictMode
FN:31160,(anonymous_2186)
FN:31165,getNestedState
FN:31167,(anonymous_2188)
FN:31171,unifyObjectStyle
FN:31183,install
FN:31216,(anonymous_2191)
FN:31218,(anonymous_2192)
FN:31220,(anonymous_2193)
FN:31226,get
FN:31232,get
FN:31244,(anonymous_2196)
FN:31250,(anonymous_2197)
FN:31256,(anonymous_2198)
FN:31262,(anonymous_2199)
FN:31268,(anonymous_2200)
FN:31274,(anonymous_2201)
FN:31280,(anonymous_2202)
FN:31286,(anonymous_2203)
FN:31292,(anonymous_2204)
FNF:2203
FNH:0
FNDA:0,(anonymous_2)
FNDA:0,__webpack_require__
FNDA:0,(anonymous_4)
FNDA:0,(anonymous_5)
FNDA:0,(anonymous_6)
FNDA:0,getDefault
FNDA:0,getModuleExports
FNDA:0,(anonymous_9)
FNDA:0,(anonymous_10)
FNDA:0,(anonymous_11)
FNDA:0,(anonymous_12)
FNDA:0,(anonymous_13)
FNDA:0,hooks
FNDA:0,setHookCallback
FNDA:0,isArray
FNDA:0,isObject
FNDA:0,isObjectEmpty
FNDA:0,isNumber
FNDA:0,isDate
FNDA:0,map
FNDA:0,hasOwnProp
FNDA:0,extend
FNDA:0,createUTC
FNDA:0,defaultParsingFlags
FNDA:0,getParsingFlags
FNDA:0,some
FNDA:0,isValid
FNDA:0,(anonymous_29)
FNDA:0,createInvalid
FNDA:0,isUndefined
FNDA:0,copyConfig
FNDA:0,Moment
FNDA:0,isMoment
FNDA:0,absFloor
FNDA:0,toInt
FNDA:0,compareArrays
FNDA:0,warn
FNDA:0,deprecate
FNDA:0,(anonymous_40)
FNDA:0,deprecateSimple
FNDA:0,isFunction
FNDA:0,set
FNDA:0,mergeConfigs
FNDA:0,Locale
FNDA:0,keys
FNDA:0,calendar
FNDA:0,longDateFormat
FNDA:0,(anonymous_49)
FNDA:0,invalidDate
FNDA:0,ordinal
FNDA:0,relativeTime
FNDA:0,pastFuture
FNDA:0,addUnitAlias
FNDA:0,normalizeUnits
FNDA:0,normalizeObjectUnits
FNDA:0,addUnitPriority
FNDA:0,getPrioritizedUnits
FNDA:0,(anonymous_59)
FNDA:0,makeGetSet
FNDA:0,(anonymous_61)
FNDA:0,get
FNDA:0,set$1
FNDA:0,stringGet
FNDA:0,stringSet
FNDA:0,zeroFill
FNDA:0,addFormatToken
FNDA:0,func
FNDA:0,(anonymous_69)
FNDA:0,(anonymous_70)
FNDA:0,removeFormattingTokens
FNDA:0,makeFormatFunction
FNDA:0,(anonymous_73)
FNDA:0,formatMoment
FNDA:0,expandFormat
FNDA:0,replaceLongDateFormatTokens
FNDA:0,addRegexToken
FNDA:0,(anonymous_78)
FNDA:0,getParseRegexForToken
FNDA:0,unescapeFormat
FNDA:0,(anonymous_81)
FNDA:0,regexEscape
FNDA:0,addParseToken
FNDA:0,func
FNDA:0,addWeekParseToken
FNDA:0,(anonymous_86)
FNDA:0,addTimeToArrayFromToken
FNDA:0,indexOf
FNDA:0,daysInMonth
FNDA:0,(anonymous_90)
FNDA:0,(anonymous_91)
FNDA:0,(anonymous_92)
FNDA:0,(anonymous_93)
FNDA:0,(anonymous_94)
FNDA:0,(anonymous_95)
FNDA:0,(anonymous_96)
FNDA:0,localeMonths
FNDA:0,localeMonthsShort
FNDA:0,handleStrictParse
FNDA:0,localeMonthsParse
FNDA:0,setMonth
FNDA:0,getSetMonth
FNDA:0,getDaysInMonth
FNDA:0,monthsShortRegex
FNDA:0,monthsRegex
FNDA:0,computeMonthsParse
FNDA:0,cmpLenRev
FNDA:0,(anonymous_108)
FNDA:0,(anonymous_109)
FNDA:0,(anonymous_110)
FNDA:0,(anonymous_111)
FNDA:0,(anonymous_112)
FNDA:0,daysInYear
FNDA:0,isLeapYear
FNDA:0,(anonymous_115)
FNDA:0,getIsLeapYear
FNDA:0,createDate
FNDA:0,createUTCDate
FNDA:0,firstWeekOffset
FNDA:0,dayOfYearFromWeeks
FNDA:0,weekOfYear
FNDA:0,weeksInYear
FNDA:0,(anonymous_123)
FNDA:0,localeWeek
FNDA:0,localeFirstDayOfWeek
FNDA:0,localeFirstDayOfYear
FNDA:0,getSetWeek
FNDA:0,getSetISOWeek
FNDA:0,(anonymous_129)
FNDA:0,(anonymous_130)
FNDA:0,(anonymous_131)
FNDA:0,(anonymous_132)
FNDA:0,(anonymous_133)
FNDA:0,(anonymous_134)
FNDA:0,(anonymous_135)
FNDA:0,(anonymous_136)
FNDA:0,parseWeekday
FNDA:0,parseIsoWeekday
FNDA:0,localeWeekdays
FNDA:0,localeWeekdaysShort
FNDA:0,localeWeekdaysMin
FNDA:0,handleStrictParse$1
FNDA:0,localeWeekdaysParse
FNDA:0,getSetDayOfWeek
FNDA:0,getSetLocaleDayOfWeek
FNDA:0,getSetISODayOfWeek
FNDA:0,weekdaysRegex
FNDA:0,weekdaysShortRegex
FNDA:0,weekdaysMinRegex
FNDA:0,computeWeekdaysParse
FNDA:0,cmpLenRev
FNDA:0,hFormat
FNDA:0,kFormat
FNDA:0,(anonymous_154)
FNDA:0,(anonymous_155)
FNDA:0,(anonymous_156)
FNDA:0,(anonymous_157)
FNDA:0,meridiem
FNDA:0,(anonymous_159)
FNDA:0,matchMeridiem
FNDA:0,(anonymous_161)
FNDA:0,(anonymous_162)
FNDA:0,(anonymous_163)
FNDA:0,(anonymous_164)
FNDA:0,(anonymous_165)
FNDA:0,(anonymous_166)
FNDA:0,localeIsPM
FNDA:0,localeMeridiem
FNDA:0,normalizeLocale
FNDA:0,chooseLocale
FNDA:0,loadLocale
FNDA:0,getSetGlobalLocale
FNDA:0,defineLocale
FNDA:0,(anonymous_174)
FNDA:0,updateLocale
FNDA:0,getLocale
FNDA:0,listLocales
FNDA:0,checkOverflow
FNDA:0,configFromISO
FNDA:0,configFromString
FNDA:0,(anonymous_181)
FNDA:0,defaults
FNDA:0,currentDateArray
FNDA:0,configFromArray
FNDA:0,dayOfYearFromWeekInfo
FNDA:0,(anonymous_186)
FNDA:0,configFromStringAndFormat
FNDA:0,meridiemFixWrap
FNDA:0,configFromStringAndArray
FNDA:0,configFromObject
FNDA:0,(anonymous_191)
FNDA:0,createFromConfig
FNDA:0,prepareConfig
FNDA:0,configFromInput
FNDA:0,(anonymous_195)
FNDA:0,createLocalOrUTC
FNDA:0,createLocal
FNDA:0,(anonymous_198)
FNDA:0,(anonymous_199)
FNDA:0,pickBy
FNDA:0,min
FNDA:0,max
FNDA:0,now
FNDA:0,Duration
FNDA:0,isDuration
FNDA:0,absRound
FNDA:0,offset
FNDA:0,(anonymous_208)
FNDA:0,(anonymous_209)
FNDA:0,offsetFromString
FNDA:0,cloneWithOffset
FNDA:0,getDateOffset
FNDA:0,(anonymous_213)
FNDA:0,getSetOffset
FNDA:0,getSetZone
FNDA:0,setOffsetToUTC
FNDA:0,setOffsetToLocal
FNDA:0,setOffsetToParsedOffset
FNDA:0,hasAlignedHourOffset
FNDA:0,isDaylightSavingTime
FNDA:0,isDaylightSavingTimeShifted
FNDA:0,isLocal
FNDA:0,isUtcOffset
FNDA:0,isUtc
FNDA:0,createDuration
FNDA:0,parseIso
FNDA:0,positiveMomentsDifference
FNDA:0,momentsDifference
FNDA:0,createAdder
FNDA:0,(anonymous_230)
FNDA:0,addSubtract
FNDA:0,getCalendarFormat
FNDA:0,calendar$1
FNDA:0,clone
FNDA:0,isAfter
FNDA:0,isBefore
FNDA:0,isBetween
FNDA:0,isSame
FNDA:0,isSameOrAfter
FNDA:0,isSameOrBefore
FNDA:0,diff
FNDA:0,monthDiff
FNDA:0,toString
FNDA:0,toISOString
FNDA:0,inspect
FNDA:0,format
FNDA:0,from
FNDA:0,fromNow
FNDA:0,to
FNDA:0,toNow
FNDA:0,locale
FNDA:0,(anonymous_252)
FNDA:0,localeData
FNDA:0,startOf
FNDA:0,endOf
FNDA:0,valueOf
FNDA:0,unix
FNDA:0,toDate
FNDA:0,toArray
FNDA:0,toObject
FNDA:0,toJSON
FNDA:0,isValid$1
FNDA:0,parsingFlags
FNDA:0,invalidAt
FNDA:0,creationData
FNDA:0,(anonymous_266)
FNDA:0,(anonymous_267)
FNDA:0,addWeekYearFormatToken
FNDA:0,(anonymous_269)
FNDA:0,(anonymous_270)
FNDA:0,getSetWeekYear
FNDA:0,getSetISOWeekYear
FNDA:0,getISOWeeksInYear
FNDA:0,getWeeksInYear
FNDA:0,getSetWeekYearHelper
FNDA:0,setWeekAll
FNDA:0,(anonymous_277)
FNDA:0,getSetQuarter
FNDA:0,(anonymous_279)
FNDA:0,(anonymous_280)
FNDA:0,(anonymous_281)
FNDA:0,getSetDayOfYear
FNDA:0,(anonymous_283)
FNDA:0,(anonymous_284)
FNDA:0,(anonymous_285)
FNDA:0,(anonymous_286)
FNDA:0,(anonymous_287)
FNDA:0,(anonymous_288)
FNDA:0,(anonymous_289)
FNDA:0,(anonymous_290)
FNDA:0,parseMs
FNDA:0,getZoneAbbr
FNDA:0,getZoneName
FNDA:0,createUnix
FNDA:0,createInZone
FNDA:0,preParsePostFormat
FNDA:0,get$1
FNDA:0,listMonthsImpl
FNDA:0,listWeekdaysImpl
FNDA:0,listMonths
FNDA:0,listMonthsShort
FNDA:0,listWeekdays
FNDA:0,listWeekdaysShort
FNDA:0,listWeekdaysMin
FNDA:0,ordinal
FNDA:0,abs
FNDA:0,addSubtract$1
FNDA:0,add$1
FNDA:0,subtract$1
FNDA:0,absCeil
FNDA:0,bubble
FNDA:0,daysToMonths
FNDA:0,monthsToDays
FNDA:0,as
FNDA:0,valueOf$1
FNDA:0,makeAs
FNDA:0,(anonymous_317)
FNDA:0,get$2
FNDA:0,makeGetter
FNDA:0,(anonymous_320)
FNDA:0,weeks
FNDA:0,substituteTimeAgo
FNDA:0,relativeTime$1
FNDA:0,getSetRelativeTimeRounding
FNDA:0,getSetRelativeTimeThreshold
FNDA:0,humanize
FNDA:0,toISOString$1
FNDA:0,(anonymous_328)
FNDA:0,(anonymous_329)
FNDA:0,(anonymous_330)
FNDA:0,isArray
FNDA:0,isArrayBuffer
FNDA:0,isFormData
FNDA:0,isArrayBufferView
FNDA:0,isString
FNDA:0,isNumber
FNDA:0,isUndefined
FNDA:0,isObject
FNDA:0,isDate
FNDA:0,isFile
FNDA:0,isBlob
FNDA:0,isFunction
FNDA:0,isStream
FNDA:0,isURLSearchParams
FNDA:0,trim
FNDA:0,isStandardBrowserEnv
FNDA:0,forEach
FNDA:0,merge
FNDA:0,assignValue
FNDA:0,extend
FNDA:0,assignValue
FNDA:0,(anonymous_352)
FNDA:0,(anonymous_353)
FNDA:0,(anonymous_354)
FNDA:0,(anonymous_355)
FNDA:0,(anonymous_356)
FNDA:0,(anonymous_357)
FNDA:0,(anonymous_358)
FNDA:0,(anonymous_359)
FNDA:0,(anonymous_360)
FNDA:0,(anonymous_361)
FNDA:0,(anonymous_362)
FNDA:0,get
FNDA:0,(anonymous_364)
FNDA:0,$export
FNDA:0,(anonymous_366)
FNDA:0,F
FNDA:0,(anonymous_368)
FNDA:0,(anonymous_369)
FNDA:0,(anonymous_370)
FNDA:0,(anonymous_371)
FNDA:0,(anonymous_372)
FNDA:0,(anonymous_373)
FNDA:0,(anonymous_374)
FNDA:0,(anonymous_375)
FNDA:0,(anonymous_376)
FNDA:0,(anonymous_377)
FNDA:0,(anonymous_378)
FNDA:0,(anonymous_379)
FNDA:0,(anonymous_380)
FNDA:0,(anonymous_381)
FNDA:0,(anonymous_382)
FNDA:0,(anonymous_383)
FNDA:0,defineProperty
FNDA:0,(anonymous_385)
FNDA:0,createError
FNDA:0,(anonymous_387)
FNDA:0,setContentTypeIfUnset
FNDA:0,getDefaultAdapter
FNDA:0,transformRequest
FNDA:0,transformResponse
FNDA:0,validateStatus
FNDA:0,forEachMehtodNoData
FNDA:0,forEachMethodWithData
FNDA:0,(anonymous_395)
FNDA:0,(anonymous_396)
FNDA:0,(anonymous_397)
FNDA:0,(anonymous_398)
FNDA:0,(anonymous_399)
FNDA:0,(anonymous_400)
FNDA:0,(anonymous_401)
FNDA:0,(anonymous_402)
FNDA:0,PromiseCapability
FNDA:0,(anonymous_404)
FNDA:0,(anonymous_405)
FNDA:0,(anonymous_406)
FNDA:0,(anonymous_407)
FNDA:0,(anonymous_408)
FNDA:0,(anonymous_409)
FNDA:0,(anonymous_410)
FNDA:0,(anonymous_411)
FNDA:0,(anonymous_412)
FNDA:0,(anonymous_413)
FNDA:0,(anonymous_414)
FNDA:0,Cancel
FNDA:0,toString
FNDA:0,(anonymous_417)
FNDA:0,isCancel
FNDA:0,(anonymous_419)
FNDA:0,enhanceError
FNDA:0,(anonymous_421)
FNDA:0,settle
FNDA:0,(anonymous_423)
FNDA:0,bind
FNDA:0,wrap
FNDA:0,(anonymous_426)
FNDA:0,encode
FNDA:0,buildURL
FNDA:0,serialize
FNDA:0,parseValue
FNDA:0,(anonymous_431)
FNDA:0,(anonymous_432)
FNDA:0,tryGet
FNDA:0,(anonymous_434)
FNDA:0,(anonymous_435)
FNDA:0,(anonymous_436)
FNDA:0,(anonymous_437)
FNDA:0,(anonymous_438)
FNDA:0,(anonymous_439)
FNDA:0,returnThis
FNDA:0,(anonymous_441)
FNDA:0,getMethod
FNDA:0,keys
FNDA:0,values
FNDA:0,entries
FNDA:0,values
FNDA:0,(anonymous_447)
FNDA:0,keys
FNDA:0,(anonymous_449)
FNDA:0,(anonymous_450)
FNDA:0,(anonymous_451)
FNDA:0,(anonymous_452)
FNDA:0,(anonymous_453)
FNDA:0,(anonymous_454)
FNDA:0,(anonymous_455)
FNDA:0,(anonymous_456)
FNDA:0,(anonymous_457)
FNDA:0,(anonymous_458)
FNDA:0,(anonymous_459)
FNDA:0,run
FNDA:0,listener
FNDA:0,setImmediate
FNDA:0,(anonymous_463)
FNDA:0,clearImmediate
FNDA:0,defer
FNDA:0,defer
FNDA:0,defer
FNDA:0,defer
FNDA:0,(anonymous_469)
FNDA:0,defer
FNDA:0,(anonymous_471)
FNDA:0,(anonymous_472)
FNDA:0,(anonymous_473)
FNDA:0,(anonymous_474)
FNDA:0,(anonymous_475)
FNDA:0,(anonymous_476)
FNDA:0,(anonymous_477)
FNDA:0,(anonymous_478)
FNDA:0,(anonymous_479)
FNDA:0,RedirectableRequest
FNDA:0,(anonymous_481)
FNDA:0,(anonymous_482)
FNDA:0,(anonymous_483)
FNDA:0,(anonymous_484)
FNDA:0,(anonymous_485)
FNDA:0,(anonymous_486)
FNDA:0,(anonymous_487)
FNDA:0,(anonymous_488)
FNDA:0,(anonymous_489)
FNDA:0,(anonymous_490)
FNDA:0,(anonymous_491)
FNDA:0,(anonymous_492)
FNDA:0,(anonymous_493)
FNDA:0,(anonymous_494)
FNDA:0,(anonymous_495)
FNDA:0,(anonymous_496)
FNDA:0,(anonymous_497)
FNDA:0,isPM
FNDA:0,meridiem
FNDA:0,ordinal
FNDA:0,(anonymous_501)
FNDA:0,(anonymous_502)
FNDA:0,(anonymous_503)
FNDA:0,(anonymous_504)
FNDA:0,(anonymous_505)
FNDA:0,(anonymous_506)
FNDA:0,pluralForm
FNDA:0,pluralize
FNDA:0,(anonymous_509)
FNDA:0,isPM
FNDA:0,meridiem
FNDA:0,preparse
FNDA:0,postformat
FNDA:0,(anonymous_514)
FNDA:0,(anonymous_515)
FNDA:0,(anonymous_516)
FNDA:0,(anonymous_517)
FNDA:0,(anonymous_518)
FNDA:0,(anonymous_519)
FNDA:0,(anonymous_520)
FNDA:0,isPM
FNDA:0,meridiem
FNDA:0,preparse
FNDA:0,(anonymous_524)
FNDA:0,postformat
FNDA:0,(anonymous_526)
FNDA:0,(anonymous_527)
FNDA:0,(anonymous_528)
FNDA:0,(anonymous_529)
FNDA:0,(anonymous_530)
FNDA:0,(anonymous_531)
FNDA:0,(anonymous_532)
FNDA:0,pluralForm
FNDA:0,pluralize
FNDA:0,(anonymous_535)
FNDA:0,isPM
FNDA:0,meridiem
FNDA:0,preparse
FNDA:0,(anonymous_539)
FNDA:0,postformat
FNDA:0,(anonymous_541)
FNDA:0,(anonymous_542)
FNDA:0,(anonymous_543)
FNDA:0,(anonymous_544)
FNDA:0,isPM
FNDA:0,meridiem
FNDA:0,ordinal
FNDA:0,(anonymous_548)
FNDA:0,(anonymous_549)
FNDA:0,(anonymous_550)
FNDA:0,plural
FNDA:0,relativeTimeWithPlural
FNDA:0,nextWeek
FNDA:0,lastWeek
FNDA:0,isPM
FNDA:0,meridiem
FNDA:0,ordinal
FNDA:0,(anonymous_558)
FNDA:0,(anonymous_559)
FNDA:0,(anonymous_560)
FNDA:0,lastWeek
FNDA:0,ordinal
FNDA:0,(anonymous_563)
FNDA:0,(anonymous_564)
FNDA:0,(anonymous_565)
FNDA:0,preparse
FNDA:0,(anonymous_567)
FNDA:0,postformat
FNDA:0,(anonymous_569)
FNDA:0,meridiemHour
FNDA:0,meridiem
FNDA:0,(anonymous_572)
FNDA:0,(anonymous_573)
FNDA:0,(anonymous_574)
FNDA:0,preparse
FNDA:0,(anonymous_576)
FNDA:0,postformat
FNDA:0,(anonymous_578)
FNDA:0,meridiemHour
FNDA:0,meridiem
FNDA:0,(anonymous_581)
FNDA:0,(anonymous_582)
FNDA:0,(anonymous_583)
FNDA:0,relativeTimeWithMutation
FNDA:0,specialMutationForYears
FNDA:0,lastNumber
FNDA:0,mutation
FNDA:0,softMutation
FNDA:0,ordinal
FNDA:0,(anonymous_590)
FNDA:0,(anonymous_591)
FNDA:0,(anonymous_592)
FNDA:0,translate
FNDA:0,nextWeek
FNDA:0,lastWeek
FNDA:0,(anonymous_596)
FNDA:0,(anonymous_597)
FNDA:0,(anonymous_598)
FNDA:0,sameDay
FNDA:0,nextDay
FNDA:0,nextWeek
FNDA:0,lastDay
FNDA:0,lastWeek
FNDA:0,ordinal
FNDA:0,(anonymous_605)
FNDA:0,(anonymous_606)
FNDA:0,(anonymous_607)
FNDA:0,plural
FNDA:0,translate
FNDA:0,(anonymous_610)
FNDA:0,(anonymous_611)
FNDA:0,(anonymous_612)
FNDA:0,nextWeek
FNDA:0,lastWeek
FNDA:0,(anonymous_615)
FNDA:0,(anonymous_616)
FNDA:0,(anonymous_617)
FNDA:0,future
FNDA:0,(anonymous_619)
FNDA:0,(anonymous_620)
FNDA:0,(anonymous_621)
FNDA:0,ordinal
FNDA:0,(anonymous_623)
FNDA:0,(anonymous_624)
FNDA:0,(anonymous_625)
FNDA:0,(anonymous_626)
FNDA:0,(anonymous_627)
FNDA:0,(anonymous_628)
FNDA:0,processRelativeTime
FNDA:0,(anonymous_630)
FNDA:0,(anonymous_631)
FNDA:0,(anonymous_632)
FNDA:0,processRelativeTime
FNDA:0,(anonymous_634)
FNDA:0,(anonymous_635)
FNDA:0,(anonymous_636)
FNDA:0,isPM
FNDA:0,meridiem
FNDA:0,preparse
FNDA:0,postformat
FNDA:0,(anonymous_641)
FNDA:0,(anonymous_642)
FNDA:0,(anonymous_643)
FNDA:0,isFunction
FNDA:0,months
FNDA:0,meridiem
FNDA:0,isPM
FNDA:0,lastWeek
FNDA:0,calendar
FNDA:0,(anonymous_650)
FNDA:0,(anonymous_651)
FNDA:0,(anonymous_652)
FNDA:0,ordinal
FNDA:0,(anonymous_654)
FNDA:0,(anonymous_655)
FNDA:0,(anonymous_656)
FNDA:0,ordinal
FNDA:0,(anonymous_658)
FNDA:0,(anonymous_659)
FNDA:0,(anonymous_660)
FNDA:0,ordinal
FNDA:0,(anonymous_662)
FNDA:0,(anonymous_663)
FNDA:0,(anonymous_664)
FNDA:0,ordinal
FNDA:0,(anonymous_666)
FNDA:0,(anonymous_667)
FNDA:0,(anonymous_668)
FNDA:0,ordinal
FNDA:0,(anonymous_670)
FNDA:0,(anonymous_671)
FNDA:0,(anonymous_672)
FNDA:0,isPM
FNDA:0,meridiem
FNDA:0,(anonymous_675)
FNDA:0,(anonymous_676)
FNDA:0,(anonymous_677)
FNDA:0,monthsShort
FNDA:0,sameDay
FNDA:0,nextDay
FNDA:0,nextWeek
FNDA:0,lastDay
FNDA:0,lastWeek
FNDA:0,(anonymous_684)
FNDA:0,(anonymous_685)
FNDA:0,(anonymous_686)
FNDA:0,monthsShort
FNDA:0,sameDay
FNDA:0,nextDay
FNDA:0,nextWeek
FNDA:0,lastDay
FNDA:0,lastWeek
FNDA:0,(anonymous_693)
FNDA:0,(anonymous_694)
FNDA:0,(anonymous_695)
FNDA:0,processRelativeTime
FNDA:0,(anonymous_697)
FNDA:0,(anonymous_698)
FNDA:0,(anonymous_699)
FNDA:0,(anonymous_700)
FNDA:0,(anonymous_701)
FNDA:0,(anonymous_702)
FNDA:0,isPM
FNDA:0,meridiem
FNDA:0,preparse
FNDA:0,(anonymous_706)
FNDA:0,postformat
FNDA:0,(anonymous_708)
FNDA:0,(anonymous_709)
FNDA:0,(anonymous_710)
FNDA:0,(anonymous_711)
FNDA:0,translate
FNDA:0,verbalNumber
FNDA:0,(anonymous_714)
FNDA:0,(anonymous_715)
FNDA:0,(anonymous_716)
FNDA:0,(anonymous_717)
FNDA:0,(anonymous_718)
FNDA:0,(anonymous_719)
FNDA:0,ordinal
FNDA:0,(anonymous_721)
FNDA:0,(anonymous_722)
FNDA:0,(anonymous_723)
FNDA:0,ordinal
FNDA:0,(anonymous_725)
FNDA:0,(anonymous_726)
FNDA:0,(anonymous_727)
FNDA:0,ordinal
FNDA:0,(anonymous_729)
FNDA:0,(anonymous_730)
FNDA:0,(anonymous_731)
FNDA:0,monthsShort
FNDA:0,ordinal
FNDA:0,(anonymous_734)
FNDA:0,(anonymous_735)
FNDA:0,(anonymous_736)
FNDA:0,ordinal
FNDA:0,(anonymous_738)
FNDA:0,(anonymous_739)
FNDA:0,(anonymous_740)
FNDA:0,sameDay
FNDA:0,nextDay
FNDA:0,nextWeek
FNDA:0,lastDay
FNDA:0,lastWeek
FNDA:0,future
FNDA:0,(anonymous_747)
FNDA:0,(anonymous_748)
FNDA:0,(anonymous_749)
FNDA:0,hh
FNDA:0,dd
FNDA:0,MM
FNDA:0,yy
FNDA:0,isPM
FNDA:0,meridiem
FNDA:0,(anonymous_756)
FNDA:0,(anonymous_757)
FNDA:0,(anonymous_758)
FNDA:0,preparse
FNDA:0,(anonymous_760)
FNDA:0,postformat
FNDA:0,(anonymous_762)
FNDA:0,meridiemHour
FNDA:0,meridiem
FNDA:0,(anonymous_765)
FNDA:0,(anonymous_766)
FNDA:0,(anonymous_767)
FNDA:0,translate
FNDA:0,nextWeek
FNDA:0,lastWeek
FNDA:0,(anonymous_771)
FNDA:0,(anonymous_772)
FNDA:0,(anonymous_773)
FNDA:0,translate
FNDA:0,week
FNDA:0,isPM
FNDA:0,meridiem
FNDA:0,nextWeek
FNDA:0,lastWeek
FNDA:0,(anonymous_780)
FNDA:0,(anonymous_781)
FNDA:0,(anonymous_782)
FNDA:0,nextWeek
FNDA:0,lastWeek
FNDA:0,isPM
FNDA:0,meridiem
FNDA:0,ordinal
FNDA:0,(anonymous_788)
FNDA:0,(anonymous_789)
FNDA:0,(anonymous_790)
FNDA:0,meridiemHour
FNDA:0,meridiem
FNDA:0,(anonymous_793)
FNDA:0,(anonymous_794)
FNDA:0,(anonymous_795)
FNDA:0,plural
FNDA:0,translate
FNDA:0,(anonymous_798)
FNDA:0,(anonymous_799)
FNDA:0,(anonymous_800)
FNDA:0,lastWeek
FNDA:0,future
FNDA:0,(anonymous_803)
FNDA:0,(anonymous_804)
FNDA:0,(anonymous_805)
FNDA:0,isPM
FNDA:0,meridiem
FNDA:0,ordinal
FNDA:0,(anonymous_809)
FNDA:0,(anonymous_810)
FNDA:0,(anonymous_811)
FNDA:0,meridiemHour
FNDA:0,meridiem
FNDA:0,(anonymous_814)
FNDA:0,(anonymous_815)
FNDA:0,(anonymous_816)
FNDA:0,future
FNDA:0,past
FNDA:0,ordinal
FNDA:0,(anonymous_820)
FNDA:0,(anonymous_821)
FNDA:0,(anonymous_822)
FNDA:0,ordinal
FNDA:0,(anonymous_824)
FNDA:0,(anonymous_825)
FNDA:0,(anonymous_826)
FNDA:0,(anonymous_827)
FNDA:0,(anonymous_828)
FNDA:0,(anonymous_829)
FNDA:0,isPM
FNDA:0,meridiem
FNDA:0,(anonymous_832)
FNDA:0,(anonymous_833)
FNDA:0,(anonymous_834)
FNDA:0,ordinal
FNDA:0,(anonymous_836)
FNDA:0,(anonymous_837)
FNDA:0,(anonymous_838)
FNDA:0,processRelativeTime
FNDA:0,processFutureTime
FNDA:0,processPastTime
FNDA:0,eifelerRegelAppliesToNumber
FNDA:0,lastWeek
FNDA:0,(anonymous_844)
FNDA:0,(anonymous_845)
FNDA:0,(anonymous_846)
FNDA:0,isPM
FNDA:0,meridiem
FNDA:0,ordinal
FNDA:0,(anonymous_850)
FNDA:0,(anonymous_851)
FNDA:0,(anonymous_852)
FNDA:0,translateSeconds
FNDA:0,translateSingular
FNDA:0,special
FNDA:0,forms
FNDA:0,translate
FNDA:0,ordinal
FNDA:0,(anonymous_859)
FNDA:0,(anonymous_860)
FNDA:0,(anonymous_861)
FNDA:0,format
FNDA:0,relativeTimeWithPlural
FNDA:0,relativeTimeWithSingular
FNDA:0,relativeSeconds
FNDA:0,(anonymous_866)
FNDA:0,(anonymous_867)
FNDA:0,(anonymous_868)
FNDA:0,correctGrammaticalCase
FNDA:0,translate
FNDA:0,nextWeek
FNDA:0,lastWeek
FNDA:0,(anonymous_873)
FNDA:0,(anonymous_874)
FNDA:0,(anonymous_875)
FNDA:0,(anonymous_876)
FNDA:0,(anonymous_877)
FNDA:0,(anonymous_878)
FNDA:0,lastWeek
FNDA:0,ordinal
FNDA:0,(anonymous_881)
FNDA:0,(anonymous_882)
FNDA:0,(anonymous_883)
FNDA:0,meridiemHour
FNDA:0,meridiem
FNDA:0,(anonymous_886)
FNDA:0,(anonymous_887)
FNDA:0,(anonymous_888)
FNDA:0,relativeTimeMr
FNDA:0,preparse
FNDA:0,(anonymous_891)
FNDA:0,postformat
FNDA:0,(anonymous_893)
FNDA:0,meridiemHour
FNDA:0,meridiem
FNDA:0,(anonymous_896)
FNDA:0,(anonymous_897)
FNDA:0,(anonymous_898)
FNDA:0,meridiemHour
FNDA:0,meridiem
FNDA:0,(anonymous_901)
FNDA:0,(anonymous_902)
FNDA:0,(anonymous_903)
FNDA:0,meridiemHour
FNDA:0,meridiem
FNDA:0,(anonymous_906)
FNDA:0,(anonymous_907)
FNDA:0,(anonymous_908)
FNDA:0,preparse
FNDA:0,(anonymous_910)
FNDA:0,postformat
FNDA:0,(anonymous_912)
FNDA:0,(anonymous_913)
FNDA:0,(anonymous_914)
FNDA:0,(anonymous_915)
FNDA:0,(anonymous_916)
FNDA:0,(anonymous_917)
FNDA:0,(anonymous_918)
FNDA:0,preparse
FNDA:0,(anonymous_920)
FNDA:0,postformat
FNDA:0,(anonymous_922)
FNDA:0,meridiemHour
FNDA:0,meridiem
FNDA:0,(anonymous_925)
FNDA:0,(anonymous_926)
FNDA:0,(anonymous_927)
FNDA:0,monthsShort
FNDA:0,ordinal
FNDA:0,(anonymous_930)
FNDA:0,(anonymous_931)
FNDA:0,(anonymous_932)
FNDA:0,monthsShort
FNDA:0,ordinal
FNDA:0,(anonymous_935)
FNDA:0,(anonymous_936)
FNDA:0,(anonymous_937)
FNDA:0,(anonymous_938)
FNDA:0,(anonymous_939)
FNDA:0,(anonymous_940)
FNDA:0,preparse
FNDA:0,(anonymous_942)
FNDA:0,postformat
FNDA:0,(anonymous_944)
FNDA:0,meridiemHour
FNDA:0,meridiem
FNDA:0,(anonymous_947)
FNDA:0,(anonymous_948)
FNDA:0,(anonymous_949)
FNDA:0,plural
FNDA:0,translate
FNDA:0,months
FNDA:0,lastWeek
FNDA:0,(anonymous_954)
FNDA:0,(anonymous_955)
FNDA:0,(anonymous_956)
FNDA:0,lastWeek
FNDA:0,(anonymous_958)
FNDA:0,(anonymous_959)
FNDA:0,(anonymous_960)
FNDA:0,lastWeek
FNDA:0,(anonymous_962)
FNDA:0,(anonymous_963)
FNDA:0,(anonymous_964)
FNDA:0,relativeTimeWithPlural
FNDA:0,(anonymous_966)
FNDA:0,(anonymous_967)
FNDA:0,(anonymous_968)
FNDA:0,plural
FNDA:0,relativeTimeWithPlural
FNDA:0,nextWeek
FNDA:0,lastWeek
FNDA:0,isPM
FNDA:0,meridiem
FNDA:0,ordinal
FNDA:0,(anonymous_976)
FNDA:0,(anonymous_977)
FNDA:0,(anonymous_978)
FNDA:0,(anonymous_979)
FNDA:0,(anonymous_980)
FNDA:0,(anonymous_981)
FNDA:0,ordinal
FNDA:0,isPM
FNDA:0,meridiem
FNDA:0,(anonymous_985)
FNDA:0,(anonymous_986)
FNDA:0,(anonymous_987)
FNDA:0,plural
FNDA:0,translate
FNDA:0,nextWeek
FNDA:0,lastWeek
FNDA:0,(anonymous_992)
FNDA:0,(anonymous_993)
FNDA:0,(anonymous_994)
FNDA:0,processRelativeTime
FNDA:0,nextWeek
FNDA:0,lastWeek
FNDA:0,(anonymous_998)
FNDA:0,(anonymous_999)
FNDA:0,(anonymous_1000)
FNDA:0,isPM
FNDA:0,meridiem
FNDA:0,(anonymous_1003)
FNDA:0,(anonymous_1004)
FNDA:0,(anonymous_1005)
FNDA:0,correctGrammaticalCase
FNDA:0,translate
FNDA:0,nextWeek
FNDA:0,lastWeek
FNDA:0,(anonymous_1010)
FNDA:0,(anonymous_1011)
FNDA:0,(anonymous_1012)
FNDA:0,correctGrammaticalCase
FNDA:0,translate
FNDA:0,nextWeek
FNDA:0,lastWeek
FNDA:0,(anonymous_1017)
FNDA:0,(anonymous_1018)
FNDA:0,(anonymous_1019)
FNDA:0,meridiem
FNDA:0,meridiemHour
FNDA:0,(anonymous_1022)
FNDA:0,(anonymous_1023)
FNDA:0,(anonymous_1024)
FNDA:0,ordinal
FNDA:0,(anonymous_1026)
FNDA:0,(anonymous_1027)
FNDA:0,(anonymous_1028)
FNDA:0,(anonymous_1029)
FNDA:0,(anonymous_1030)
FNDA:0,(anonymous_1031)
FNDA:0,ordinal
FNDA:0,preparse
FNDA:0,(anonymous_1034)
FNDA:0,postformat
FNDA:0,(anonymous_1036)
FNDA:0,meridiem
FNDA:0,meridiemHour
FNDA:0,(anonymous_1039)
FNDA:0,(anonymous_1040)
FNDA:0,(anonymous_1041)
FNDA:0,meridiemHour
FNDA:0,meridiem
FNDA:0,(anonymous_1044)
FNDA:0,(anonymous_1045)
FNDA:0,(anonymous_1046)
FNDA:0,ordinal
FNDA:0,(anonymous_1048)
FNDA:0,(anonymous_1049)
FNDA:0,(anonymous_1050)
FNDA:0,isPM
FNDA:0,meridiem
FNDA:0,(anonymous_1053)
FNDA:0,(anonymous_1054)
FNDA:0,(anonymous_1055)
FNDA:0,ordinal
FNDA:0,(anonymous_1057)
FNDA:0,(anonymous_1058)
FNDA:0,(anonymous_1059)
FNDA:0,translateFuture
FNDA:0,translatePast
FNDA:0,translate
FNDA:0,numberAsNoun
FNDA:0,(anonymous_1064)
FNDA:0,(anonymous_1065)
FNDA:0,(anonymous_1066)
FNDA:0,ordinal
FNDA:0,(anonymous_1068)
FNDA:0,(anonymous_1069)
FNDA:0,(anonymous_1070)
FNDA:0,isPM
FNDA:0,meridiem
FNDA:0,processRelativeTime
FNDA:0,(anonymous_1074)
FNDA:0,(anonymous_1075)
FNDA:0,(anonymous_1076)
FNDA:0,(anonymous_1077)
FNDA:0,(anonymous_1078)
FNDA:0,(anonymous_1079)
FNDA:0,(anonymous_1080)
FNDA:0,(anonymous_1081)
FNDA:0,(anonymous_1082)
FNDA:0,plural
FNDA:0,relativeTimeWithPlural
FNDA:0,weekdaysCaseReplace
FNDA:0,processHoursFunction
FNDA:0,(anonymous_1087)
FNDA:0,lastWeek
FNDA:0,isPM
FNDA:0,meridiem
FNDA:0,ordinal
FNDA:0,(anonymous_1092)
FNDA:0,(anonymous_1093)
FNDA:0,(anonymous_1094)
FNDA:0,(anonymous_1095)
FNDA:0,(anonymous_1096)
[...]
BRDA:6,2570,1,0
BRDA:6,2571,0,0
BRDA:6,2571,1,0
BRDA:6,2572,0,0
BRDA:6,2572,1,0
BRDA:6,2573,0,0
BRDA:6,2573,1,0
BRDA:6,2574,0,0
BRDA:6,2574,1,0
BRDA:6,2575,0,0
BRDA:6,2575,1,0
BRDA:6,2576,0,0
BRDA:6,2576,1,0
BRDA:6,2577,0,0
BRDA:6,2577,1,0
BRDA:6,2578,0,0
BRDA:6,2578,1,0
BRDA:6,2579,0,0
BRDA:6,2579,1,0
BRDA:6,2580,0,0
BRDA:6,2580,1,0
BRDA:6,2581,0,0
BRDA:6,2581,1,0
BRDA:6,2582,0,0
BRDA:6,2582,1,0
BRDA:6,2582,2,0
BRDA:6,2583,0,0
BRDA:6,2583,1,0
BRDA:6,2583,2,0
BRDA:6,2584,0,0
BRDA:6,2584,1,0
BRDA:6,2585,0,0
BRDA:6,2585,1,0
BRDA:6,2586,0,0
BRDA:6,2586,1,0
BRDA:6,2587,0,0
BRDA:6,2587,1,0
BRDA:6,2588,0,0
BRDA:6,2588,1,0
BRDA:6,2589,0,0
BRDA:6,2589,1,0
BRDA:6,2590,0,0
BRDA:6,2590,1,0
BRDA:6,2591,0,0
BRDA:6,2591,1,0
BRDA:6,2592,0,0
BRDA:6,2592,1,0
BRDA:6,2593,0,0
BRDA:6,2593,1,0
BRDA:6,2594,0,0
BRDA:6,2594,1,0
BRDA:6,2595,0,0
BRDA:6,2595,1,0
BRDA:6,2596,0,0
BRDA:6,2596,1,0
BRDA:6,2597,0,0
BRDA:6,2597,1,0
BRDA:6,2598,0,0
BRDA:6,2598,1,0
BRDA:6,2598,2,0
BRDA:6,2599,0,0
BRDA:6,2599,1,0
BRDA:6,2600,0,0
BRDA:6,2600,1,0
BRDA:6,2601,0,0
BRDA:6,2601,1,0
BRDA:6,2602,0,0
BRDA:6,2602,1,0
BRDA:6,2603,0,0
BRDA:6,2603,1,0
BRDA:6,2604,0,0
BRDA:6,2604,1,0
BRDA:6,2604,2,0
BRDA:6,2605,0,0
BRDA:6,2605,1,0
BRDA:6,2606,0,0
BRDA:6,2606,1,0
BRDA:6,2607,0,0
BRDA:6,2607,1,0
BRDA:6,2608,0,0
BRDA:6,2608,1,0
BRDA:6,2609,0,0
BRDA:6,2609,1,0
BRDA:6,2610,0,0
BRDA:6,2610,1,0
BRDA:6,2611,0,0
BRDA:6,2611,1,0
BRDA:6,2612,0,0
BRDA:6,2612,1,0
BRDA:6,2613,0,0
BRDA:6,2613,1,0
BRDA:6,2614,0,0
BRDA:6,2614,1,0
BRDA:6,2615,0,0
BRDA:6,2615,1,0
BRDA:6,2616,0,0
BRDA:6,2616,1,0
BRDA:6,2617,0,0
BRDA:6,2617,1,0
BRDA:6,2617,2,0
BRDA:6,2618,0,0
BRDA:6,2618,1,0
BRDA:6,2619,0,0
BRDA:6,2619,1,0
BRDA:6,2620,0,0
BRDA:6,2620,1,0
BRDA:6,2621,0,0
BRDA:6,2621,1,0
BRDA:6,2622,0,0
BRDA:6,2622,1,0
BRDA:6,2623,0,0
BRDA:6,2623,1,0
BRDA:6,2624,0,0
BRDA:6,2624,1,0
BRDA:6,2625,0,0
BRDA:6,2625,1,0
BRDA:6,2626,0,0
BRDA:6,2626,1,0
BRDA:6,2626,2,0
BRDA:6,2627,0,0
BRDA:6,2627,1,0
BRDA:6,2628,0,0
BRDA:6,2628,1,0
BRDA:6,2629,0,0
BRDA:6,2629,1,0
BRDA:6,2630,0,0
BRDA:6,2630,1,0
BRDA:6,2631,0,0
BRDA:6,2631,1,0
BRDA:6,2632,0,0
BRDA:6,2632,1,0
BRDA:6,2633,0,0
BRDA:6,2633,1,0
BRDA:6,2634,0,0
BRDA:6,2634,1,0
BRDA:6,2635,0,0
BRDA:6,2635,1,0
BRDA:6,2636,0,0
BRDA:6,2636,1,0
BRDA:6,2637,0,0
BRDA:6,2637,1,0
BRDA:6,2638,0,0
BRDA:6,2638,1,0
BRDA:6,2638,2,0
BRDA:6,2639,0,0
BRDA:6,2639,1,0
BRDA:6,2640,0,0
BRDA:6,2640,1,0
BRDA:6,2641,0,0
BRDA:6,2641,1,0
BRDA:6,2641,2,0
BRDA:6,2642,0,0
BRDA:6,2642,1,0
BRDA:6,2643,0,0
BRDA:6,2643,1,0
BRDA:6,2644,0,0
BRDA:6,2644,1,0
BRDA:6,2645,0,0
BRDA:6,2645,1,0
BRDA:6,2646,0,0
BRDA:6,2646,1,0
BRDA:6,2647,0,0
BRDA:6,2647,1,0
BRDA:6,2647,2,0
BRDA:6,2648,0,0
BRDA:6,2648,1,0
BRDA:6,2649,0,0
BRDA:6,2649,1,0
BRDA:6,2650,0,0
BRDA:6,2650,1,0
BRDA:6,2651,0,0
BRDA:6,2651,1,0
BRDA:6,2652,0,0
BRDA:6,2652,1,0
BRDA:6,2653,0,0
BRDA:6,2653,1,0
BRDA:6,2654,0,0
BRDA:6,2654,1,0
BRDA:6,2655,0,0
BRDA:6,2655,1,0
BRDA:6,2656,0,0
BRDA:6,2656,1,0
BRDA:6,2657,0,0
BRDA:6,2657,1,0
BRDA:6,2658,0,0
BRDA:6,2658,1,0
BRDA:6,2659,0,0
BRDA:6,2659,1,0
BRDA:6,2660,0,0
BRDA:6,2660,1,0
BRDA:6,2661,0,0
BRDA:6,2661,1,0
BRDA:6,2662,0,0
BRDA:6,2662,1,0
BRDA:6,2663,0,0
BRDA:6,2663,1,0
BRDA:6,2664,0,0
BRDA:6,2664,1,0
BRDA:6,2665,0,0
BRDA:6,2665,1,0
BRDA:6,2666,0,0
BRDA:6,2666,1,0
BRDA:6,2667,0,0
BRDA:6,2667,1,0
BRDA:6,2668,0,0
BRDA:6,2668,1,0
BRDA:6,2668,2,0
BRDA:6,2669,0,0
BRDA:6,2669,1,0
BRDA:6,2670,0,0
BRDA:6,2670,1,0
BRDA:6,2671,0,0
BRDA:6,2671,1,0
BRDA:6,2672,0,0
BRDA:6,2672,1,0
BRDA:6,2673,0,0
BRDA:6,2673,1,0
BRDA:6,2674,0,0
BRDA:6,2674,1,0
BRDA:6,2675,0,0
BRDA:6,2675,1,0
BRDA:6,2676,0,0
BRDA:6,2676,1,0
BRDA:6,2677,0,0
BRDA:6,2677,1,0
BRDA:6,2678,0,0
BRDA:6,2678,1,0
BRDA:6,2678,2,0
BRDA:6,2679,0,0
BRDA:6,2679,1,0
BRDA:6,2680,0,0
BRDA:6,2680,1,0
BRDA:6,2681,0,0
BRDA:6,2681,1,0
BRDA:6,2682,0,0
BRDA:6,2682,1,0
BRDA:6,2683,0,0
BRDA:6,2683,1,0
BRDA:6,2684,0,0
BRDA:6,2684,1,0
BRDA:6,2685,0,0
BRDA:6,2685,1,0
BRDA:6,2686,0,0
BRDA:6,2686,1,0
BRDA:6,2686,2,0
BRDA:6,2687,0,0
BRDA:6,2687,1,0
BRDA:6,2688,0,0
BRDA:6,2688,1,0
BRDA:6,2689,0,0
BRDA:6,2689,1,0
BRDA:6,2690,0,0
BRDA:6,2690,1,0
BRDA:6,2691,0,0
BRDA:6,2691,1,0
BRDA:6,2692,0,0
BRDA:6,2692,1,0
BRDA:6,2693,0,0
BRDA:6,2693,1,0
BRDA:6,2694,0,0
BRDA:6,2694,1,0
BRDA:6,2695,0,0
BRDA:6,2695,1,0
BRDA:6,2695,2,0
BRDA:6,2696,0,0
BRDA:6,2696,1,0
BRDA:6,2697,0,0
BRDA:6,2697,1,0
BRDA:6,2698,0,0
BRDA:6,2698,1,0
BRDA:6,2699,0,0
BRDA:6,2699,1,0
BRDA:6,2700,0,0
BRDA:6,2700,1,0
BRDA:6,2700,2,0
BRDA:6,2701,0,0
BRDA:6,2701,1,0
BRDA:6,2701,2,0
BRDA:6,2702,0,0
BRDA:6,2702,1,0
BRDA:6,2703,0,0
BRDA:6,2703,1,0
BRDA:6,2704,0,0
BRDA:6,2704,1,0
BRDA:6,2705,0,0
BRDA:6,2705,1,0
BRDA:6,2706,0,0
BRDA:6,2706,1,0
BRDA:6,2707,0,0
BRDA:6,2707,1,0
BRDA:6,2708,0,0
BRDA:6,2708,1,0
BRDA:6,2709,0,0
BRDA:6,2709,1,0
BRDA:6,2710,0,0
BRDA:6,2710,1,0
BRDA:6,2711,0,0
BRDA:6,2711,1,0
BRDA:6,2712,0,0
BRDA:6,2712,1,0
BRDA:6,2713,0,0
BRDA:6,2713,1,0
BRDA:6,2713,2,0
BRDA:6,2713,3,0
BRDA:6,2713,4,0
BRDA:6,2714,0,0
BRDA:6,2714,1,0
BRDA:6,2715,0,0
BRDA:6,2715,1,0
BRDA:6,2716,0,0
BRDA:6,2716,1,0
BRDA:6,2717,0,0
BRDA:6,2717,1,0
BRDA:6,2718,0,0
BRDA:6,2718,1,0
BRDA:6,2719,0,0
BRDA:6,2719,1,0
BRDA:6,2719,2,0
BRDA:6,2720,0,0
BRDA:6,2720,1,0
BRDA:6,2721,0,0
BRDA:6,2721,1,0
BRDA:6,2722,0,0
BRDA:6,2722,1,0
BRDA:6,2723,0,0
BRDA:6,2723,1,0
BRDA:6,2724,0,0
BRDA:6,2724,1,0
BRDA:6,2725,0,0
BRDA:6,2725,1,0
BRDA:6,2726,0,0
BRDA:6,2726,1,0
BRDA:6,2727,0,0
BRDA:6,2727,1,0
BRDA:6,2728,0,0
BRDA:6,2728,1,0
BRDA:6,2729,0,0
BRDA:6,2729,1,0
BRDA:6,2729,2,0
BRDA:6,2730,0,0
BRDA:6,2730,1,0
BRDA:6,2731,0,0
BRDA:6,2731,1,0
BRDA:6,2732,0,0
BRDA:6,2732,1,0
BRDA:6,2733,0,0
BRDA:6,2733,1,0
BRDA:6,2734,0,0
BRDA:6,2734,1,0
BRDA:6,2735,0,0
BRDA:6,2735,1,0
BRDA:6,2736,0,0
BRDA:6,2736,1,0
BRDA:6,2737,0,0
BRDA:6,2737,1,0
BRDA:6,2738,0,0
BRDA:6,2738,1,0
BRDA:6,2739,0,0
BRDA:6,2739,1,0
BRDA:6,2740,0,0
BRDA:6,2740,1,0
BRDA:6,2741,0,0
BRDA:6,2741,1,0
BRDA:6,2742,0,0
BRDA:6,2742,1,0
BRDA:6,2743,0,0
BRDA:6,2743,1,0
BRDA:6,2744,0,0
BRDA:6,2744,1,0
BRDA:6,2745,0,0
BRDA:6,2745,1,0
BRDA:6,2746,0,0
BRDA:6,2746,1,0
BRDA:6,2747,0,0
BRDA:6,2747,1,0
BRDA:6,2747,2,0
BRDA:6,2748,0,0
BRDA:6,2748,1,0
BRDA:6,2748,2,0
BRDA:6,2749,0,0
BRDA:6,2749,1,0
BRDA:6,2750,0,0
BRDA:6,2750,1,0
BRDA:6,2751,0,0
BRDA:6,2751,1,0
BRDA:6,2752,0,0
BRDA:6,2752,1,0
BRDA:6,2752,2,0
BRDA:6,2752,3,0
BRDA:6,2753,0,0
BRDA:6,2753,1,0
BRDA:6,2754,0,0
BRDA:6,2754,1,0
BRDA:6,2755,0,0
BRDA:6,2755,1,0
BRDA:6,2756,0,0
BRDA:6,2756,1,0
BRDA:6,2757,0,0
BRDA:6,2757,1,0
BRDA:6,2757,2,0
BRDA:6,2757,3,0
BRDA:6,2757,4,0
BRDA:6,2758,0,0
BRDA:6,2758,1,0
BRDA:6,2759,0,0
BRDA:6,2759,1,0
BRDA:6,2760,0,0
BRDA:6,2760,1,0
BRDA:6,2761,0,0
BRDA:6,2761,1,0
BRDA:6,2762,0,0
BRDA:6,2762,1,0
BRDA:6,2763,0,0
BRDA:6,2763,1,0
BRDA:6,2763,2,0
BRDA:6,2764,0,0
BRDA:6,2764,1,0
BRDA:6,2765,0,0
BRDA:6,2765,1,0
BRDA:6,2766,0,0
BRDA:6,2766,1,0
BRDA:6,2767,0,0
BRDA:6,2767,1,0
BRDA:6,2767,2,0
BRDA:6,2768,0,0
BRDA:6,2768,1,0
BRDA:6,2768,2,0
BRDA:6,2769,0,0
BRDA:6,2769,1,0
BRDA:6,2770,0,0
BRDA:6,2770,1,0
BRDA:6,2770,2,0
BRDA:6,2771,0,0
BRDA:6,2771,1,0
BRDA:6,2772,0,0
BRDA:6,2772,1,0
BRDA:6,2773,0,0
BRDA:6,2773,1,0
BRDA:6,2774,0,0
BRDA:6,2774,1,0
BRDA:6,2775,0,0
BRDA:6,2775,1,0
BRDA:6,2776,0,0
BRDA:6,2776,1,0
BRDA:6,2776,2,0
BRDA:6,2777,0,0
BRDA:6,2777,1,0
BRDA:6,2777,2,0
BRDA:6,2777,3,0
BRDA:6,2777,4,0
BRDA:6,2778,0,0
BRDA:6,2778,1,0
BRDA:6,2779,0,0
BRDA:6,2779,1,0
BRDA:6,2780,0,0
BRDA:6,2780,1,0
BRDA:6,2781,0,0
BRDA:6,2781,1,0
BRDA:6,2782,0,0
BRDA:6,2782,1,0
BRDA:6,2783,0,0
BRDA:6,2783,1,0
BRDA:6,2784,0,0
BRDA:6,2784,1,0
BRDA:6,2785,0,0
BRDA:6,2785,1,0
BRDA:6,2786,0,0
BRDA:6,2786,1,0
BRDA:6,2787,0,0
BRDA:6,2787,1,0
BRDA:6,2788,0,0
BRDA:6,2788,1,0
BRDA:6,2789,0,0
BRDA:6,2789,1,0
BRDA:6,2790,0,0
BRDA:6,2790,1,0
BRDA:6,2790,2,0
BRDA:6,2791,0,0
BRDA:6,2791,1,0
BRDA:6,2791,2,0
BRDA:6,2792,0,0
BRDA:6,2792,1,0
BRDA:6,2793,0,0
BRDA:6,2793,1,0
BRDA:6,2794,0,0
BRDA:6,2794,1,0
BRDA:6,2795,0,0
BRDA:6,2795,1,0
BRDA:6,2796,0,0
BRDA:6,2796,1,0
BRDA:6,2796,2,0
BRDA:6,2797,0,0
BRDA:6,2797,1,0
BRDA:6,2798,0,0
BRDA:6,2798,1,0
BRDA:6,2799,0,0
BRDA:6,2799,1,0
BRDA:6,2800,0,0
BRDA:6,2800,1,0
BRDA:6,2801,0,0
BRDA:6,2801,1,0
BRDA:6,2802,0,0
BRDA:6,2802,1,0
BRDA:6,2803,0,0
BRDA:6,2803,1,0
BRDA:6,2804,0,0
BRDA:6,2804,1,0
BRDA:6,2805,0,0
BRDA:6,2805,1,0
BRDA:6,2806,0,0
BRDA:6,2806,1,0
BRDA:6,2807,0,0
BRDA:6,2807,1,0
BRDA:6,2808,0,0
BRDA:6,2808,1,0
BRDA:6,2809,0,0
BRDA:6,2809,1,0
BRDA:6,2810,0,0
BRDA:6,2810,1,0
BRDA:6,2811,0,0
BRDA:6,2811,1,0
BRDA:6,2812,0,0
BRDA:6,2812,1,0
BRDA:6,2813,0,0
BRDA:6,2813,1,0
BRDA:6,2814,0,0
BRDA:6,2814,1,0
BRDA:6,2815,0,0
BRDA:6,2815,1,0
BRDA:6,2816,0,0
BRDA:6,2816,1,0
BRDA:6,2817,0,0
BRDA:6,2817,1,0
BRDA:6,2818,0,0
BRDA:6,2818,1,0
BRDA:6,2819,0,0
BRDA:6,2819,1,0
BRDA:6,2820,0,0
BRDA:6,2820,1,0
BRDA:6,2821,0,0
BRDA:6,2821,1,0
BRDA:6,2822,0,0
BRDA:6,2822,1,0
BRDA:6,2823,0,0
BRDA:6,2823,1,0
BRDA:6,2824,0,0
BRDA:6,2824,1,0
BRDA:6,2825,0,0
BRDA:6,2825,1,0
BRDA:6,2826,0,0
BRDA:6,2826,1,0
BRDA:6,2827,0,0
BRDA:6,2827,1,0
BRDA:6,2828,0,0
BRDA:6,2828,1,0
BRDA:6,2829,0,0
BRDA:6,2829,1,0
BRDA:6,2830,0,0
BRDA:6,2830,1,0
BRDA:6,2831,0,0
BRDA:6,2831,1,0
BRDA:6,2832,0,0
BRDA:6,2832,1,0
BRDA:6,2833,0,0
BRDA:6,2833,1,0
BRDA:6,2834,0,0
BRDA:6,2834,1,0
BRDA:6,2834,2,0
BRDA:13,2835,0,0
BRDA:13,2835,1,0
BRDA:13,2836,0,0
BRDA:13,2836,1,0
BRDA:13,2836,2,0
BRDA:13,2837,0,0
BRDA:13,2837,1,0
BRDA:13,2838,0,0
BRDA:13,2838,1,0
BRDA:13,2839,0,0
BRDA:13,2839,1,0
BRDA:13,2840,0,0
BRDA:13,2840,1,0
BRDA:13,2841,0,0
BRDA:13,2841,1,0
BRDA:13,2841,2,0
BRDA:13,2842,0,0
BRDA:13,2842,1,0
BRDA:13,2843,0,0
BRDA:13,2843,1,0
BRDA:13,2844,0,0
BRDA:13,2844,1,0
BRDA:13,2845,0,0
BRDA:13,2845,1,0
BRDA:13,2846,0,0
BRDA:13,2846,1,0
BRDA:13,2847,0,0
BRDA:13,2847,1,0
BRDA:13,2847,2,0
BRDA:13,2848,0,0
BRDA:13,2848,1,0
BRDA:13,2849,0,0
BRDA:13,2849,1,0
BRDA:13,2850,0,0
BRDA:13,2850,1,0
BRDA:13,2851,0,0
BRDA:13,2851,1,0
BRDA:13,2851,2,0
BRDA:13,2852,0,0
BRDA:13,2852,1,0
BRDA:13,2853,0,0
BRDA:13,2853,1,0
BRDA:13,2854,0,0
BRDA:13,2854,1,0
BRDA:13,2855,0,0
BRDA:13,2855,1,0
BRDA:13,2856,0,0
BRDA:13,2856,1,0
BRDA:13,2857,0,0
BRDA:13,2857,1,0
BRDA:13,2858,0,0
BRDA:13,2858,1,0
BRDA:13,2859,0,0
BRDA:13,2859,1,0
BRDA:13,2860,0,0
BRDA:13,2860,1,0
BRDA:13,2861,0,0
BRDA:13,2861,1,0
BRDA:13,2861,2,0
BRDA:13,2862,0,0
BRDA:13,2862,1,0
BRDA:13,2863,0,0
BRDA:13,2863,1,0
BRDA:13,2864,0,0
BRDA:13,2864,1,0
BRDA:13,2865,0,0
BRDA:13,2865,1,0
BRDA:13,2866,0,0
BRDA:13,2866,1,0
BRDA:13,2867,0,0
BRDA:13,2867,1,0
BRDA:13,2868,0,0
BRDA:13,2868,1,0
BRDA:13,2869,0,0
BRDA:13,2869,1,0
BRDA:13,2870,0,0
BRDA:13,2870,1,0
BRDA:13,2871,0,0
BRDA:13,2871,1,0
BRDA:13,2872,0,0
BRDA:13,2872,1,0
BRDA:13,2873,0,0
BRDA:13,2873,1,0
BRDA:13,2874,0,0
BRDA:13,2874,1,0
BRDA:13,2875,0,0
BRDA:13,2875,1,0
BRDA:13,2876,0,0
BRDA:13,2876,1,0
BRDA:13,2877,0,0
BRDA:13,2877,1,0
BRDA:13,2878,0,0
BRDA:13,2878,1,0
BRDA:13,2879,0,0
BRDA:13,2879,1,0
BRDA:13,2880,0,0
BRDA:13,2880,1,0
BRDA:13,2881,0,0
BRDA:13,2881,1,0
BRDA:13,2882,0,0
BRDA:13,2882,1,0
BRDA:13,2883,0,0
BRDA:13,2883,1,0
BRDA:13,2884,0,0
BRDA:13,2884,1,0
BRDA:13,2885,0,0
BRDA:13,2885,1,0
BRDA:13,2885,2,0
BRDA:13,2886,0,0
BRDA:13,2886,1,0
BRDA:13,2886,2,0
BRDA:13,2887,0,0
BRDA:13,2887,1,0
BRDA:13,2888,0,0
BRDA:13,2888,1,0
BRDA:13,2889,0,0
BRDA:13,2889,1,0
BRDA:13,2890,0,0
BRDA:13,2890,1,0
BRDA:13,2891,0,0
BRDA:13,2891,1,0
BRDA:13,2892,0,0
BRDA:13,2892,1,0
BRDA:13,2893,0,0
BRDA:13,2893,1,0
BRDA:13,2894,0,0
BRDA:13,2894,1,0
BRDA:13,2895,0,0
BRDA:13,2895,1,0
BRDA:13,2896,0,0
BRDA:13,2896,1,0
BRDA:13,2897,0,0
BRDA:13,2897,1,0
BRDA:13,2898,0,0
BRDA:13,2898,1,0
BRDA:13,2899,0,0
BRDA:13,2899,1,0
BRDA:13,2900,0,0
BRDA:13,2900,1,0
BRDA:13,2901,0,0
BRDA:13,2901,1,0
BRDA:13,2902,0,0
BRDA:13,2902,1,0
BRDA:13,2903,0,0
BRDA:13,2903,1,0
BRDA:13,2904,0,0
BRDA:13,2904,1,0
BRDA:13,2905,0,0
BRDA:13,2905,1,0
BRDA:13,2906,0,0
BRDA:13,2906,1,0
BRDA:13,2907,0,0
BRDA:13,2907,1,0
BRDA:13,2908,0,0
BRDA:13,2908,1,0
BRDA:13,2909,0,0
BRDA:13,2909,1,0
BRDA:18,2910,0,0
BRDA:18,2910,1,0
BRDA:18,2911,0,0
BRDA:18,2911,1,0
BRDA:18,2912,0,0
BRDA:18,2912,1,0
BRDA:18,2913,0,0
BRDA:18,2913,1,0
BRDA:18,2914,0,0
BRDA:18,2914,1,0
BRDA:18,2915,0,0
BRDA:18,2915,1,0
BRDA:18,2916,0,0
BRDA:18,2916,1,0
BRDA:18,2917,0,0
BRDA:18,2917,1,0
BRDA:18,2918,0,0
BRDA:18,2918,1,0
BRDA:18,2919,0,0
BRDA:18,2919,1,0
BRDA:18,2920,0,0
BRDA:18,2920,1,0
BRDA:18,2921,0,0
BRDA:18,2921,1,0
BRDA:18,2922,0,0
BRDA:18,2922,1,0
BRDA:18,2923,0,0
BRDA:18,2923,1,0
BRDA:18,2924,0,0
BRDA:18,2924,1,0
BRDA:18,2925,0,0
BRDA:18,2925,1,0
BRDA:18,2926,0,0
BRDA:18,2926,1,0
BRDA:18,2927,0,0
BRDA:18,2927,1,0
BRDA:18,2928,0,0
BRDA:18,2928,1,0
BRDA:18,2929,0,0
BRDA:18,2929,1,0
BRDA:18,2930,0,0
BRDA:18,2930,1,0
BRDA:18,2931,0,0
BRDA:18,2931,1,0
BRDA:18,2932,0,0
BRDA:18,2932,1,0
BRDA:18,2933,0,0
BRDA:18,2933,1,0
BRDA:18,2934,0,0
BRDA:18,2934,1,0
BRDA:18,2935,0,0
BRDA:18,2935,1,0
BRDA:18,2936,0,0
BRDA:18,2936,1,0
BRDA:18,2937,0,0
BRDA:18,2937,1,0
BRDA:18,2938,0,0
BRDA:18,2938,1,0
BRDA:18,2938,2,0
BRDA:18,2939,0,0
BRDA:18,2939,1,0
BRDA:18,2940,0,0
BRDA:18,2940,1,0
BRDA:18,2941,0,0
BRDA:18,2941,1,0
BRDA:18,2942,0,0
BRDA:18,2942,1,0
BRDA:18,2943,0,0
BRDA:18,2943,1,0
BRDA:18,2944,0,0
BRDA:18,2944,1,0
BRDA:18,2944,2,0
BRDA:18,2945,0,0
BRDA:18,2945,1,0
BRDA:18,2945,2,0
BRDA:18,2945,3,0
BRDA:18,2945,4,0
BRDA:18,2946,0,0
BRDA:18,2946,1,0
BRDA:18,2947,0,0
BRDA:18,2947,1,0
BRDA:18,2948,0,0
BRDA:18,2948,1,0
BRDA:18,2949,0,0
BRDA:18,2949,1,0
BRDA:18,2949,2,0
BRDA:18,2950,0,0
BRDA:18,2950,1,0
BRDA:18,2950,2,0
BRDA:18,2951,0,0
BRDA:18,2951,1,0
BRDA:18,2951,2,0
BRDA:18,2951,3,0
BRDA:18,2952,0,0
BRDA:18,2952,1,0
BRDA:18,2953,0,0
BRDA:18,2953,1,0
BRDA:18,2953,2,0
BRDA:18,2954,0,0
BRDA:18,2954,1,0
BRDA:18,2954,2,0
BRDA:18,2954,3,0
BRDA:18,2955,0,0
BRDA:18,2955,1,0
BRDA:18,2956,0,0
BRDA:18,2956,1,0
BRDA:18,2957,0,0
BRDA:18,2957,1,0
BRDA:18,2958,0,0
BRDA:18,2958,1,0
BRDA:18,2959,0,0
BRDA:18,2959,1,0
BRDA:18,2960,0,0
BRDA:18,2960,1,0
BRDA:18,2960,2,0
BRDA:18,2961,0,0
BRDA:18,2961,1,0
BRDA:18,2962,0,0
BRDA:18,2962,1,0
BRDA:18,2963,0,0
BRDA:18,2963,1,0
BRDA:18,2963,2,0
BRDA:18,2963,3,0
BRDA:18,2964,0,0
BRDA:18,2964,1,0
BRDA:18,2965,0,0
BRDA:18,2965,1,0
BRDA:18,2966,0,0
BRDA:18,2966,1,0
BRDA:18,2967,0,0
BRDA:18,2967,1,0
BRDA:18,2968,0,0
BRDA:18,2968,1,0
BRDA:18,2969,0,0
BRDA:18,2969,1,0
BRDA:18,2970,0,0
BRDA:18,2970,1,0
BRDA:18,2971,0,0
BRDA:18,2971,1,0
BRDA:18,2972,0,0
BRDA:18,2972,1,0
BRDA:18,2972,2,0
BRDA:18,2972,3,0
BRDA:18,2973,0,0
BRDA:18,2973,1,0
BRDA:18,2974,0,0
BRDA:18,2974,1,0
BRDA:18,2975,0,0
BRDA:18,2975,1,0
BRDA:18,2976,0,0
BRDA:18,2976,1,0
BRDA:18,2977,0,0
BRDA:18,2977,1,0
BRDA:18,2978,0,0
BRDA:18,2978,1,0
BRDA:18,2978,2,0
BRDA:18,2979,0,0
BRDA:18,2979,1,0
BRDA:18,2980,0,0
BRDA:18,2980,1,0
BRDA:18,2981,0,0
BRDA:18,2981,1,0
BRDA:18,2982,0,0
BRDA:18,2982,1,0
BRDA:18,2982,2,0
BRDA:18,2983,0,0
BRDA:18,2983,1,0
BRDA:18,2984,0,0
BRDA:18,2984,1,0
BRDA:18,2985,0,0
BRDA:18,2985,1,0
BRDA:18,2986,0,0
BRDA:18,2986,1,0
BRDA:18,2986,2,0
BRDA:18,2987,0,0
BRDA:18,2987,1,0
BRDA:18,2988,0,0
BRDA:18,2988,1,0
BRDA:18,2989,0,0
BRDA:18,2989,1,0
BRDA:18,2990,0,0
BRDA:18,2990,1,0
BRDA:18,2990,2,0
BRDA:18,2991,0,0
BRDA:18,2991,1,0
BRDA:18,2992,0,0
BRDA:18,2992,1,0
BRDA:18,2993,0,0
BRDA:18,2993,1,0
BRDA:18,2994,0,0
BRDA:18,2994,1,0
BRDA:18,2995,0,0
BRDA:18,2995,1,0
BRDA:18,2996,0,0
BRDA:18,2996,1,0
BRDA:18,2997,0,0
BRDA:18,2997,1,0
BRDA:18,2998,0,0
BRDA:18,2998,1,0
BRDA:18,2999,0,0
BRDA:18,2999,1,0
BRDA:18,3000,0,0
BRDA:18,3000,1,0
BRDA:18,3001,0,0
BRDA:18,3001,1,0
BRDA:23,3002,0,0
BRDA:23,3002,1,0
BRDA:23,3003,0,0
BRDA:23,3003,1,0
BRDA:23,3004,0,0
BRDA:23,3004,1,0
BRDA:23,3005,0,0
BRDA:23,3005,1,0
BRDA:23,3006,0,0
BRDA:23,3006,1,0
BRDA:23,3007,0,0
BRDA:23,3007,1,0
BRDA:23,3008,0,0
BRDA:23,3008,1,0
BRDA:23,3009,0,0
BRDA:23,3009,1,0
BRDA:23,3010,0,0
BRDA:23,3010,1,0
BRDA:23,3011,0,0
BRDA:23,3011,1,0
BRDA:23,3012,0,0
BRDA:23,3012,1,0
BRDA:23,3013,0,0
BRDA:23,3013,1,0
BRDA:23,3014,0,0
BRDA:23,3014,1,0
BRDA:23,3015,0,0
BRDA:23,3015,1,0
BRDA:23,3016,0,0
BRDA:23,3016,1,0
BRDA:23,3017,0,0
BRDA:23,3017,1,0
BRDA:23,3018,0,0
BRDA:23,3018,1,0
BRDA:23,3019,0,0
BRDA:23,3019,1,0
BRDA:23,3020,0,0
BRDA:23,3020,1,0
BRDA:23,3021,0,0
BRDA:23,3021,1,0
BRDA:23,3021,2,0
BRDA:23,3022,0,0
BRDA:23,3022,1,0
BRDA:23,3023,0,0
BRDA:23,3023,1,0
BRDA:23,3024,0,0
BRDA:23,3024,1,0
BRDA:23,3024,2,0
BRDA:23,3025,0,0
BRDA:23,3025,1,0
BRDA:23,3026,0,0
BRDA:23,3026,1,0
BRDA:23,3027,0,0
BRDA:23,3027,1,0
BRDA:23,3028,0,0
BRDA:23,3028,1,0
BRDA:23,3029,0,0
BRDA:23,3029,1,0
BRDA:23,3030,0,0
BRDA:23,3030,1,0
BRDA:23,3031,0,0
BRDA:23,3031,1,0
BRDA:23,3032,0,0
BRDA:23,3032,1,0
BRDA:23,3033,0,0
BRDA:23,3033,1,0
BRDA:23,3033,2,0
BRDA:23,3034,0,0
BRDA:23,3034,1,0
BRDA:23,3035,0,0
BRDA:23,3035,1,0
BRDA:23,3036,0,0
BRDA:23,3036,1,0
BRDA:23,3037,0,0
BRDA:23,3037,1,0
BRDA:23,3038,0,0
BRDA:23,3038,1,0
BRDA:23,3038,2,0
BRDA:23,3039,0,0
BRDA:23,3039,1,0
BRDA:23,3040,0,0
BRDA:23,3040,1,0
BRDA:23,3041,0,0
BRDA:23,3041,1,0
BRDA:23,3042,0,0
BRDA:23,3042,1,0
BRDA:23,3043,0,0
BRDA:23,3043,1,0
BRDA:23,3044,0,0
BRDA:23,3044,1,0
BRDA:23,3045,0,0
BRDA:23,3045,1,0
BRDA:23,3046,0,0
BRDA:23,3046,1,0
BRDA:23,3047,0,0
BRDA:23,3047,1,0
BRDA:23,3048,0,0
BRDA:23,3048,1,0
BRDA:23,3049,0,0
BRDA:23,3049,1,0
BRDA:23,3050,0,0
BRDA:23,3050,1,0
BRDA:23,3051,0,0
BRDA:23,3051,1,0
BRDA:23,3052,0,0
BRDA:23,3052,1,0
BRDA:23,3053,0,0
BRDA:23,3053,1,0
BRDA:23,3054,0,0
BRDA:23,3054,1,0
BRDA:23,3055,0,0
BRDA:23,3055,1,0
BRDA:23,3056,0,0
BRDA:23,3056,1,0
BRDA:23,3057,0,0
BRDA:23,3057,1,0
BRDA:23,3058,0,0
BRDA:23,3058,1,0
BRDA:23,3059,0,0
BRDA:23,3059,1,0
BRDA:23,3060,0,0
BRDA:23,3060,1,0
BRDA:23,3061,0,0
BRDA:23,3061,1,0
BRDA:23,3062,0,0
BRDA:23,3062,1,0
BRDA:23,3063,0,0
BRDA:23,3063,1,0
BRDA:23,3064,0,0
BRDA:23,3064,1,0
BRDA:23,3065,0,0
BRDA:23,3065,1,0
BRDA:23,3066,0,0
BRDA:23,3066,1,0
BRDA:23,3067,0,0
BRDA:23,3067,1,0
BRDA:23,3068,0,0
BRDA:23,3068,1,0
BRDA:23,3069,0,0
BRDA:23,3069,1,0
BRDA:23,3070,0,0
BRDA:23,3070,1,0
BRDA:23,3070,2,0
BRDA:23,3071,0,0
BRDA:23,3071,1,0
BRDA:23,3072,0,0
BRDA:23,3072,1,0
BRDA:23,3073,0,0
BRDA:23,3073,1,0
BRDA:23,3074,0,0
BRDA:23,3074,1,0
BRDA:23,3075,0,0
BRDA:23,3075,1,0
BRDA:23,3076,0,0
BRDA:23,3076,1,0
BRDA:23,3077,0,0
BRDA:23,3077,1,0
BRDA:23,3077,2,0
BRDA:23,3078,0,0
BRDA:23,3078,1,0
BRDA:23,3079,0,0
BRDA:23,3079,1,0
BRF:6860
BRH:0
end_of_record
TN:
SF:E:\Code\vue\QuickCal\models\events.js
FNF:0
FNH:0
DA:1,0
DA:3,0
DA:15,0
DA:16,0
LF:4
LH:0
BRF:0
BRH:0
end_of_record
TN:
SF:E:\Code\vue\QuickCal\scripts\webpack-config-output.js
FN:4,(anonymous_0)
FN:9,(anonymous_1)
FNF:2
FNH:0
FNDA:0,(anonymous_0)
FNDA:0,(anonymous_1)
DA:1,0
DA:2,0
DA:4,0
DA:5,0
DA:6,0
DA:10,0
DA:11,0
DA:13,0
LF:8
LH:0
BRDA:5,0,0,0
BRDA:5,0,1,0
BRDA:10,1,0,0
BRDA:10,1,1,0
BRF:4
BRH:0
end_of_record
TN:
SF:E:\Code\vue\QuickCal\src\entry.js
FN:20,render
FN:8,get
FNF:2
FNH:0
FNDA:0,render
FNDA:0,get
DA:1,0
DA:3,0
DA:6,0
DA:8,0
DA:11,0
DA:17,0
DA:18,0
DA:20,0
DA:29,0
LF:9
LH:0
BRF:0
BRH:0
end_of_record
TN:
SF:E:\Code\vue\QuickCal\src\node.entry.js
FNF:0
FNH:0
DA:1,0
DA:6,0
LF:2
LH:0
BRF:0
BRH:0
end_of_record
TN:
SF:E:\Code\vue\QuickCal\src\web.entry.js
FN:8,(anonymous_1)
FNF:1
FNH:0
FNDA:0,(anonymous_1)
DA:3,0
DA:5,0
DA:8,0
DA:9,0
DA:16,0
DA:19,0
LF:6
LH:0
BRF:0
BRH:0
end_of_record
TN:
SF:E:\Code\vue\QuickCal\src\store\index.js
FN:22,setCurrentMonth
FN:22,setCurrentYear
FN:22,eventFormPos
FN:22,eventFormActive
FN:22,addEvent
FN:22,removeEvent
FN:22,eventFormDate
FN:59,addEvent
FN:61,(anonymous_9)
FN:68,(anonymous_10)
FN:59,deleteEvent
FN:79,(anonymous_12)
FN:83,(anonymous_13)
FNF:13
FNH:0
FNDA:0,setCurrentMonth
FNDA:0,setCurrentYear
FNDA:0,eventFormPos
FNDA:0,eventFormActive
FNDA:0,addEvent
FNDA:0,removeEvent
FNDA:0,eventFormDate
FNDA:0,addEvent
FNDA:0,(anonymous_9)
FNDA:0,(anonymous_10)
FNDA:0,deleteEvent
FNDA:0,(anonymous_12)
FNDA:0,(anonymous_13)
DA:1,0
DA:2,0
DA:3,0
DA:5,0
DA:8,0
DA:24,0
DA:27,0
DA:30,0
DA:31,0
DA:34,0
DA:37,0
DA:40,0
DA:41,0
DA:42,0
DA:43,0
DA:44,0
DA:45,0
DA:46,0
DA:49,0
DA:50,0
DA:51,0
DA:52,0
DA:56,0
DA:61,0
DA:62,0
DA:67,0
DA:68,0
DA:69,0
DA:70,0
DA:71,0
DA:73,0
DA:79,0
DA:80,0
DA:83,0
DA:84,0
DA:85,0
DA:86,0
DA:88,0
LF:38
LH:0
BRDA:44,0,0,0
BRDA:44,0,1,0
BRDA:50,1,0,0
BRDA:50,1,1,0
BRDA:50,2,0,0
BRDA:50,2,1,0
BRDA:69,3,0,0
BRDA:69,3,1,0
BRDA:84,4,0,0
BRDA:84,4,1,0
BRF:10
BRH:0
end_of_record
